<?xml version="1.0" encoding="utf-8"?>
<TestRun id="990272ca-d517-4705-b79c-a251622bd0bf" name="@d3ee473eee3f 2026-06-12 10:10:51" xmlns="http://microsoft.com/schemas/VisualStudio/TeamTest/2010">
  <Times creation="2026-06-12T10:10:51.6644051+00:00" queuing="2026-06-12T10:10:51.6644052+00:00" start="2026-06-12T10:10:51.1376901+00:00" finish="2026-06-12T10:10:51.6648289+00:00" />
  <TestSettings name="default" id="c3d28bea-92cc-45de-b42d-143a0a9803d3">
    <Deployment runDeploymentRoot="_d3ee473eee3f_2026-06-12_10_10_51" />
  </TestSettings>
  <TestLists>
    <TestList name="Results Not in a List" id="8c84fa94-04c1-424b-9868-57a2d4851a1d" />
    <TestList name="All Loaded Results" id="19431567-8539-422a-85d7-44ee4e166bda" />
  </TestLists>
  <ResultSummary outcome="Completed">
    <Counters total="0" executed="0" passed="0" failed="0" error="0" timeout="0" aborted="0" inconclusive="0" passedButRunAborted="0" notRunnable="0" notExecuted="0" disconnected="0" warning="0" completed="0" inProgress="0" pending="0" />
    <Output>
      <StdOut>[xUnit.net 00:00:00.00] xUnit.net VSTest Adapter v2.5.3.1+6b60a9e56a (64-bit .NET 8.0.28)
[xUnit.net 00:00:00.06]   Discovering: ClinicManagement.IntegrationTests
[xUnit.net 00:00:00.07]   Discovered:  ClinicManagement.IntegrationTests
</StdOut>
    </Output>
    <RunInfos>
      <RunInfo computerName="d3ee473eee3f" outcome="Warning" timestamp="2026-06-12T10:10:51.5316209+00:00">
        <Text>Multiple test adapters with the same uri 'executor://xunit/VsTestRunner2/netcoreapp' were found. Ignoring adapter 'Xunit.Runner.VisualStudio.VsTestRunner'. Please uninstall the conflicting adapter(s) to avoid this warning.</Text>
      </RunInfo>
      <RunInfo computerName="d3ee473eee3f" outcome="Warning" timestamp="2026-06-12T10:10:51.6063173+00:00">
        <Text>No test is available in /modernize-data/studio-data/TNT1001/APP896099/transformed-code/8/studio-workspace/BackendService/tests/ClinicManagement.IntegrationTests/bin/Debug/net8.0/ClinicManagement.IntegrationTests.dll. Make sure that test discoverer &amp; executors are registered and platform &amp; framework version settings are appropriate and try again.</Text>
      </RunInfo>
    </RunInfos>
  </ResultSummary>
</TestRun>