SF:/home/studioai/.nuget/packages/microsoft.net.test.sdk/17.8.0/build/netcoreapp3.1/Microsoft.NET.Test.Sdk.Program.cs
FN:3,System.Void AutoGeneratedProgram::Main(System.String[])
FNDA:0,System.Void AutoGeneratedProgram::Main(System.String[])
DA:4,0
LF:1
LH:0
BRF:0
BRH:0
FNF:1
FNH:0
end_of_record
SF:/modernize-data/studio-data/TNT1001/APP1145/transformed-code/66/studio-workspace/API Backend Services/src/ClinicManagement.Application/Services/AppointmentService.cs
FN:14,System.Void ClinicManagement.Application.Services.AppointmentService::.ctor(ClinicManagement.Domain.Interfaces.Repositories.IAppointmentRepository,AutoMapper.IMapper,Microsoft.Extensions.Logging.ILogger`1<ClinicManagement.Application.Services.AppointmentService>)
FNDA:0,System.Void ClinicManagement.Application.Services.AppointmentService::.ctor(ClinicManagement.Domain.Interfaces.Repositories.IAppointmentRepository,AutoMapper.IMapper,Microsoft.Extensions.Logging.ILogger`1<ClinicManagement.Application.Services.AppointmentService>)
DA:15,0
DA:16,0
DA:17,0
DA:18,0
DA:19,0
DA:20,0
BRDA:17,11,0,0
BRDA:17,11,1,0
BRDA:18,33,0,0
BRDA:18,33,1,0
BRDA:19,55,0,0
BRDA:19,55,1,0
FN:57,System.Void ClinicManagement.Application.Services.AppointmentService/<CreateAsync>d__6::MoveNext()
FNDA:0,System.Void ClinicManagement.Application.Services.AppointmentService/<CreateAsync>d__6::MoveNext()
DA:58,0
DA:60,0
DA:61,0
DA:62,0
DA:63,0
DA:64,0
DA:65,0
DA:67,0
DA:68,0
DA:69,0
DA:70,0
DA:72,0
FN:96,System.Void ClinicManagement.Application.Services.AppointmentService/<DeleteAsync>d__8::MoveNext()
FNDA:0,System.Void ClinicManagement.Application.Services.AppointmentService/<DeleteAsync>d__8::MoveNext()
DA:97,0
DA:99,0
DA:100,0
DA:101,0
DA:102,0
DA:103,0
DA:104,0
DA:107,0
DA:108,0
DA:109,0
DA:110,0
DA:111,0
DA:112,0
DA:113,0
DA:115,0
BRDA:102,227,0,0
BRDA:102,227,1,0
FN:22,System.Void ClinicManagement.Application.Services.AppointmentService/<GetAllAsync>d__4::MoveNext()
FNDA:0,System.Void ClinicManagement.Application.Services.AppointmentService/<GetAllAsync>d__4::MoveNext()
DA:23,0
DA:25,0
DA:26,0
DA:27,0
DA:28,0
DA:30,0
DA:31,0
DA:32,0
DA:33,0
DA:35,0
FN:147,System.Void ClinicManagement.Application.Services.AppointmentService/<GetByDoctorIdAsync>d__11::MoveNext()
FNDA:0,System.Void ClinicManagement.Application.Services.AppointmentService/<GetByDoctorIdAsync>d__11::MoveNext()
DA:148,0
DA:150,0
DA:151,0
DA:152,0
DA:153,0
DA:155,0
DA:156,0
DA:157,0
DA:158,0
DA:160,0
FN:37,System.Void ClinicManagement.Application.Services.AppointmentService/<GetByIdAsync>d__5::MoveNext()
FNDA:0,System.Void ClinicManagement.Application.Services.AppointmentService/<GetByIdAsync>d__5::MoveNext()
DA:38,0
DA:40,0
DA:41,0
DA:42,0
DA:43,0
DA:44,0
DA:45,0
DA:46,0
DA:48,0
DA:50,0
DA:51,0
DA:52,0
DA:53,0
DA:55,0
BRDA:43,221,0,0
BRDA:43,221,1,0
FN:132,System.Void ClinicManagement.Application.Services.AppointmentService/<GetByPatientIdAsync>d__10::MoveNext()
FNDA:0,System.Void ClinicManagement.Application.Services.AppointmentService/<GetByPatientIdAsync>d__10::MoveNext()
DA:133,0
DA:135,0
DA:136,0
DA:137,0
DA:138,0
DA:140,0
DA:141,0
DA:142,0
DA:143,0
DA:145,0
FN:162,System.Void ClinicManagement.Application.Services.AppointmentService/<GetPendingAppointmentsAsync>d__12::MoveNext()
FNDA:0,System.Void ClinicManagement.Application.Services.AppointmentService/<GetPendingAppointmentsAsync>d__12::MoveNext()
DA:163,0
DA:165,0
DA:166,0
DA:167,0
DA:168,0
DA:170,0
DA:171,0
DA:172,0
DA:173,0
DA:175,0
FN:117,System.Void ClinicManagement.Application.Services.AppointmentService/<SearchAsync>d__9::MoveNext()
FNDA:0,System.Void ClinicManagement.Application.Services.AppointmentService/<SearchAsync>d__9::MoveNext()
DA:118,0
DA:120,0
DA:121,0
DA:122,0
DA:123,0
DA:125,0
DA:126,0
DA:127,0
DA:128,0
DA:130,0
FN:74,System.Void ClinicManagement.Application.Services.AppointmentService/<UpdateAsync>d__7::MoveNext()
FNDA:0,System.Void ClinicManagement.Application.Services.AppointmentService/<UpdateAsync>d__7::MoveNext()
DA:75,0
DA:77,0
DA:78,0
DA:79,0
DA:80,0
DA:81,0
DA:82,0
DA:85,0
DA:86,0
DA:87,0
DA:88,0
DA:89,0
DA:90,0
DA:91,0
DA:92,0
DA:94,0
BRDA:80,234,0,0
BRDA:80,234,1,0
LF:113
LH:0
BRF:12
BRH:0
FNF:10
FNH:0
end_of_record
SF:/modernize-data/studio-data/TNT1001/APP1145/transformed-code/66/studio-workspace/API Backend Services/src/ClinicManagement.Application/Services/BillService.cs
FN:14,System.Void ClinicManagement.Application.Services.BillService::.ctor(ClinicManagement.Domain.Interfaces.Repositories.IBillRepository,AutoMapper.IMapper,Microsoft.Extensions.Logging.ILogger`1<ClinicManagement.Application.Services.BillService>)
FNDA:0,System.Void ClinicManagement.Application.Services.BillService::.ctor(ClinicManagement.Domain.Interfaces.Repositories.IBillRepository,AutoMapper.IMapper,Microsoft.Extensions.Logging.ILogger`1<ClinicManagement.Application.Services.BillService>)
DA:15,0
DA:16,0
DA:17,0
DA:18,0
DA:19,0
DA:20,0
BRDA:17,11,0,0
BRDA:17,11,1,0
BRDA:18,33,0,0
BRDA:18,33,1,0
BRDA:19,55,0,0
BRDA:19,55,1,0
FN:57,System.Void ClinicManagement.Application.Services.BillService/<CreateAsync>d__6::MoveNext()
FNDA:0,System.Void ClinicManagement.Application.Services.BillService/<CreateAsync>d__6::MoveNext()
DA:58,0
DA:60,0
DA:61,0
DA:62,0
DA:63,0
DA:64,0
DA:65,0
DA:67,0
DA:68,0
DA:69,0
DA:70,0
DA:72,0
FN:96,System.Void ClinicManagement.Application.Services.BillService/<DeleteAsync>d__8::MoveNext()
FNDA:0,System.Void ClinicManagement.Application.Services.BillService/<DeleteAsync>d__8::MoveNext()
DA:97,0
DA:99,0
DA:100,0
DA:101,0
DA:102,0
DA:103,0
DA:104,0
DA:107,0
DA:108,0
DA:109,0
DA:110,0
DA:111,0
DA:112,0
DA:113,0
DA:115,0
BRDA:102,227,0,0
BRDA:102,227,1,0
FN:22,System.Void ClinicManagement.Application.Services.BillService/<GetAllAsync>d__4::MoveNext()
FNDA:0,System.Void ClinicManagement.Application.Services.BillService/<GetAllAsync>d__4::MoveNext()
DA:23,0
DA:25,0
DA:26,0
DA:27,0
DA:28,0
DA:30,0
DA:31,0
DA:32,0
DA:33,0
DA:35,0
FN:147,System.Void ClinicManagement.Application.Services.BillService/<GetByAppointmentIdAsync>d__11::MoveNext()
FNDA:0,System.Void ClinicManagement.Application.Services.BillService/<GetByAppointmentIdAsync>d__11::MoveNext()
DA:148,0
DA:150,0
DA:151,0
DA:152,0
DA:153,0
DA:154,0
DA:155,0
DA:156,0
DA:158,0
DA:160,0
DA:161,0
DA:162,0
DA:163,0
DA:165,0
BRDA:153,221,0,0
BRDA:153,221,1,0
FN:37,System.Void ClinicManagement.Application.Services.BillService/<GetByIdAsync>d__5::MoveNext()
FNDA:0,System.Void ClinicManagement.Application.Services.BillService/<GetByIdAsync>d__5::MoveNext()
DA:38,0
DA:40,0
DA:41,0
DA:42,0
DA:43,0
DA:44,0
DA:45,0
DA:46,0
DA:48,0
DA:50,0
DA:51,0
DA:52,0
DA:53,0
DA:55,0
BRDA:43,221,0,0
BRDA:43,221,1,0
FN:132,System.Void ClinicManagement.Application.Services.BillService/<GetByPatientIdAsync>d__10::MoveNext()
FNDA:0,System.Void ClinicManagement.Application.Services.BillService/<GetByPatientIdAsync>d__10::MoveNext()
DA:133,0
DA:135,0
DA:136,0
DA:137,0
DA:138,0
DA:140,0
DA:141,0
DA:142,0
DA:143,0
DA:145,0
FN:117,System.Void ClinicManagement.Application.Services.BillService/<SearchAsync>d__9::MoveNext()
FNDA:0,System.Void ClinicManagement.Application.Services.BillService/<SearchAsync>d__9::MoveNext()
DA:118,0
DA:120,0
DA:121,0
DA:122,0
DA:123,0
DA:125,0
DA:126,0
DA:127,0
DA:128,0
DA:130,0
FN:74,System.Void ClinicManagement.Application.Services.BillService/<UpdateAsync>d__7::MoveNext()
FNDA:0,System.Void ClinicManagement.Application.Services.BillService/<UpdateAsync>d__7::MoveNext()
DA:75,0
DA:77,0
DA:78,0
DA:79,0
DA:80,0
DA:81,0
DA:82,0
DA:85,0
DA:86,0
DA:87,0
DA:88,0
DA:89,0
DA:90,0
DA:91,0
DA:92,0
DA:94,0
BRDA:80,234,0,0
BRDA:80,234,1,0
LF:107
LH:0
BRF:14
BRH:0
FNF:9
FNH:0
end_of_record
SF:/modernize-data/studio-data/TNT1001/APP1145/transformed-code/66/studio-workspace/API Backend Services/src/ClinicManagement.Application/Services/DepartmentService.cs
FN:14,System.Void ClinicManagement.Application.Services.DepartmentService::.ctor(ClinicManagement.Domain.Interfaces.Repositories.IDepartmentRepository,AutoMapper.IMapper,Microsoft.Extensions.Logging.ILogger`1<ClinicManagement.Application.Services.DepartmentService>)
FNDA:0,System.Void ClinicManagement.Application.Services.DepartmentService::.ctor(ClinicManagement.Domain.Interfaces.Repositories.IDepartmentRepository,AutoMapper.IMapper,Microsoft.Extensions.Logging.ILogger`1<ClinicManagement.Application.Services.DepartmentService>)
DA:15,0
DA:16,0
DA:17,0
DA:18,0
DA:19,0
DA:20,0
BRDA:17,11,0,0
BRDA:17,11,1,0
BRDA:18,33,0,0
BRDA:18,33,1,0
BRDA:19,55,0,0
BRDA:19,55,1,0
FN:57,System.Void ClinicManagement.Application.Services.DepartmentService/<CreateAsync>d__6::MoveNext()
FNDA:0,System.Void ClinicManagement.Application.Services.DepartmentService/<CreateAsync>d__6::MoveNext()
DA:58,0
DA:60,0
DA:61,0
DA:62,0
DA:63,0
DA:64,0
DA:65,0
DA:67,0
DA:68,0
DA:69,0
DA:70,0
DA:72,0
FN:96,System.Void ClinicManagement.Application.Services.DepartmentService/<DeleteAsync>d__8::MoveNext()
FNDA:0,System.Void ClinicManagement.Application.Services.DepartmentService/<DeleteAsync>d__8::MoveNext()
DA:97,0
DA:99,0
DA:100,0
DA:101,0
DA:102,0
DA:103,0
DA:104,0
DA:107,0
DA:108,0
DA:109,0
DA:110,0
DA:111,0
DA:112,0
DA:113,0
DA:115,0
BRDA:102,227,0,0
BRDA:102,227,1,0
FN:22,System.Void ClinicManagement.Application.Services.DepartmentService/<GetAllAsync>d__4::MoveNext()
FNDA:0,System.Void ClinicManagement.Application.Services.DepartmentService/<GetAllAsync>d__4::MoveNext()
DA:23,0
DA:25,0
DA:26,0
DA:27,0
DA:28,0
DA:30,0
DA:31,0
DA:32,0
DA:33,0
DA:35,0
FN:37,System.Void ClinicManagement.Application.Services.DepartmentService/<GetByIdAsync>d__5::MoveNext()
FNDA:0,System.Void ClinicManagement.Application.Services.DepartmentService/<GetByIdAsync>d__5::MoveNext()
DA:38,0
DA:40,0
DA:41,0
DA:42,0
DA:43,0
DA:44,0
DA:45,0
DA:46,0
DA:48,0
DA:50,0
DA:51,0
DA:52,0
DA:53,0
DA:55,0
BRDA:43,221,0,0
BRDA:43,221,1,0
FN:117,System.Void ClinicManagement.Application.Services.DepartmentService/<SearchAsync>d__9::MoveNext()
FNDA:0,System.Void ClinicManagement.Application.Services.DepartmentService/<SearchAsync>d__9::MoveNext()
DA:118,0
DA:120,0
DA:121,0
DA:122,0
DA:123,0
DA:125,0
DA:126,0
DA:127,0
DA:128,0
DA:130,0
FN:74,System.Void ClinicManagement.Application.Services.DepartmentService/<UpdateAsync>d__7::MoveNext()
FNDA:0,System.Void ClinicManagement.Application.Services.DepartmentService/<UpdateAsync>d__7::MoveNext()
DA:75,0
DA:77,0
DA:78,0
DA:79,0
DA:80,0
DA:81,0
DA:82,0
DA:85,0
DA:86,0
DA:87,0
DA:88,0
DA:89,0
DA:90,0
DA:91,0
DA:92,0
DA:94,0
BRDA:80,234,0,0
BRDA:80,234,1,0
LF:83
LH:0
BRF:12
BRH:0
FNF:7
FNH:0
end_of_record
SF:/modernize-data/studio-data/TNT1001/APP1145/transformed-code/66/studio-workspace/API Backend Services/src/ClinicManagement.Application/Services/DoctorService.cs
FN:14,System.Void ClinicManagement.Application.Services.DoctorService::.ctor(ClinicManagement.Domain.Interfaces.Repositories.IDoctorRepository,AutoMapper.IMapper,Microsoft.Extensions.Logging.ILogger`1<ClinicManagement.Application.Services.DoctorService>)
FNDA:0,System.Void ClinicManagement.Application.Services.DoctorService::.ctor(ClinicManagement.Domain.Interfaces.Repositories.IDoctorRepository,AutoMapper.IMapper,Microsoft.Extensions.Logging.ILogger`1<ClinicManagement.Application.Services.DoctorService>)
DA:15,0
DA:16,0
DA:17,0
DA:18,0
DA:19,0
DA:20,0
BRDA:17,11,0,0
BRDA:17,11,1,0
BRDA:18,33,0,0
BRDA:18,33,1,0
BRDA:19,55,0,0
BRDA:19,55,1,0
FN:57,System.Void ClinicManagement.Application.Services.DoctorService/<CreateAsync>d__6::MoveNext()
FNDA:0,System.Void ClinicManagement.Application.Services.DoctorService/<CreateAsync>d__6::MoveNext()
DA:58,0
DA:60,0
DA:61,0
DA:62,0
DA:63,0
DA:64,0
DA:65,0
DA:68,0
DA:69,0
DA:70,0
DA:71,0
DA:73,0
DA:74,0
DA:75,0
DA:76,0
DA:78,0
BRDA:63,241,0,0
BRDA:63,241,1,0
FN:102,System.Void ClinicManagement.Application.Services.DoctorService/<DeleteAsync>d__8::MoveNext()
FNDA:0,System.Void ClinicManagement.Application.Services.DoctorService/<DeleteAsync>d__8::MoveNext()
DA:103,0
DA:105,0
DA:106,0
DA:107,0
DA:108,0
DA:109,0
DA:110,0
DA:113,0
DA:114,0
DA:115,0
DA:116,0
DA:117,0
DA:118,0
DA:119,0
DA:121,0
BRDA:108,227,0,0
BRDA:108,227,1,0
FN:22,System.Void ClinicManagement.Application.Services.DoctorService/<GetAllAsync>d__4::MoveNext()
FNDA:0,System.Void ClinicManagement.Application.Services.DoctorService/<GetAllAsync>d__4::MoveNext()
DA:23,0
DA:25,0
DA:26,0
DA:27,0
DA:28,0
DA:30,0
DA:31,0
DA:32,0
DA:33,0
DA:35,0
FN:138,System.Void ClinicManagement.Application.Services.DoctorService/<GetByDepartmentAsync>d__10::MoveNext()
FNDA:0,System.Void ClinicManagement.Application.Services.DoctorService/<GetByDepartmentAsync>d__10::MoveNext()
DA:139,0
DA:141,0
DA:142,0
DA:143,0
DA:144,0
DA:146,0
DA:147,0
DA:148,0
DA:149,0
DA:151,0
FN:37,System.Void ClinicManagement.Application.Services.DoctorService/<GetByIdAsync>d__5::MoveNext()
FNDA:0,System.Void ClinicManagement.Application.Services.DoctorService/<GetByIdAsync>d__5::MoveNext()
DA:38,0
DA:40,0
DA:41,0
DA:42,0
DA:43,0
DA:44,0
DA:45,0
DA:46,0
DA:48,0
DA:50,0
DA:51,0
DA:52,0
DA:53,0
DA:55,0
BRDA:43,221,0,0
BRDA:43,221,1,0
FN:123,System.Void ClinicManagement.Application.Services.DoctorService/<SearchAsync>d__9::MoveNext()
FNDA:0,System.Void ClinicManagement.Application.Services.DoctorService/<SearchAsync>d__9::MoveNext()
DA:124,0
DA:126,0
DA:127,0
DA:128,0
DA:129,0
DA:131,0
DA:132,0
DA:133,0
DA:134,0
DA:136,0
FN:80,System.Void ClinicManagement.Application.Services.DoctorService/<UpdateAsync>d__7::MoveNext()
FNDA:0,System.Void ClinicManagement.Application.Services.DoctorService/<UpdateAsync>d__7::MoveNext()
DA:81,0
DA:83,0
DA:84,0
DA:85,0
DA:86,0
DA:87,0
DA:88,0
DA:91,0
DA:92,0
DA:93,0
DA:94,0
DA:95,0
DA:96,0
DA:97,0
DA:98,0
DA:100,0
BRDA:86,234,0,0
BRDA:86,234,1,0
LF:97
LH:0
BRF:14
BRH:0
FNF:8
FNH:0
end_of_record
SF:/modernize-data/studio-data/TNT1001/APP1145/transformed-code/66/studio-workspace/API Backend Services/src/ClinicManagement.Application/Services/OtherStaffService.cs
FN:14,System.Void ClinicManagement.Application.Services.OtherStaffService::.ctor(ClinicManagement.Domain.Interfaces.Repositories.IOtherStaffRepository,AutoMapper.IMapper,Microsoft.Extensions.Logging.ILogger`1<ClinicManagement.Application.Services.OtherStaffService>)
FNDA:0,System.Void ClinicManagement.Application.Services.OtherStaffService::.ctor(ClinicManagement.Domain.Interfaces.Repositories.IOtherStaffRepository,AutoMapper.IMapper,Microsoft.Extensions.Logging.ILogger`1<ClinicManagement.Application.Services.OtherStaffService>)
DA:15,0
DA:16,0
DA:17,0
DA:18,0
DA:19,0
DA:20,0
BRDA:17,11,0,0
BRDA:17,11,1,0
BRDA:18,33,0,0
BRDA:18,33,1,0
BRDA:19,55,0,0
BRDA:19,55,1,0
FN:57,System.Void ClinicManagement.Application.Services.OtherStaffService/<CreateAsync>d__6::MoveNext()
FNDA:0,System.Void ClinicManagement.Application.Services.OtherStaffService/<CreateAsync>d__6::MoveNext()
DA:58,0
DA:60,0
DA:61,0
DA:62,0
DA:63,0
DA:64,0
DA:65,0
DA:67,0
DA:68,0
DA:69,0
DA:70,0
DA:72,0
FN:96,System.Void ClinicManagement.Application.Services.OtherStaffService/<DeleteAsync>d__8::MoveNext()
FNDA:0,System.Void ClinicManagement.Application.Services.OtherStaffService/<DeleteAsync>d__8::MoveNext()
DA:97,0
DA:99,0
DA:100,0
DA:101,0
DA:102,0
DA:103,0
DA:104,0
DA:107,0
DA:108,0
DA:109,0
DA:110,0
DA:111,0
DA:112,0
DA:113,0
DA:115,0
BRDA:102,227,0,0
BRDA:102,227,1,0
FN:22,System.Void ClinicManagement.Application.Services.OtherStaffService/<GetAllAsync>d__4::MoveNext()
FNDA:0,System.Void ClinicManagement.Application.Services.OtherStaffService/<GetAllAsync>d__4::MoveNext()
DA:23,0
DA:25,0
DA:26,0
DA:27,0
DA:28,0
DA:30,0
DA:31,0
DA:32,0
DA:33,0
DA:35,0
FN:37,System.Void ClinicManagement.Application.Services.OtherStaffService/<GetByIdAsync>d__5::MoveNext()
FNDA:0,System.Void ClinicManagement.Application.Services.OtherStaffService/<GetByIdAsync>d__5::MoveNext()
DA:38,0
DA:40,0
DA:41,0
DA:42,0
DA:43,0
DA:44,0
DA:45,0
DA:46,0
DA:48,0
DA:50,0
DA:51,0
DA:52,0
DA:53,0
DA:55,0
BRDA:43,221,0,0
BRDA:43,221,1,0
FN:117,System.Void ClinicManagement.Application.Services.OtherStaffService/<SearchAsync>d__9::MoveNext()
FNDA:0,System.Void ClinicManagement.Application.Services.OtherStaffService/<SearchAsync>d__9::MoveNext()
DA:118,0
DA:120,0
DA:121,0
DA:122,0
DA:123,0
DA:125,0
DA:126,0
DA:127,0
DA:128,0
DA:130,0
FN:74,System.Void ClinicManagement.Application.Services.OtherStaffService/<UpdateAsync>d__7::MoveNext()
FNDA:0,System.Void ClinicManagement.Application.Services.OtherStaffService/<UpdateAsync>d__7::MoveNext()
DA:75,0
DA:77,0
DA:78,0
DA:79,0
DA:80,0
DA:81,0
DA:82,0
DA:85,0
DA:86,0
DA:87,0
DA:88,0
DA:89,0
DA:90,0
DA:91,0
DA:92,0
DA:94,0
BRDA:80,234,0,0
BRDA:80,234,1,0
LF:83
LH:0
BRF:12
BRH:0
FNF:7
FNH:0
end_of_record
SF:/modernize-data/studio-data/TNT1001/APP1145/transformed-code/66/studio-workspace/API Backend Services/src/ClinicManagement.Application/Services/PatientService.cs
FN:17,System.Void ClinicManagement.Application.Services.PatientService::.ctor(ClinicManagement.Domain.Interfaces.Repositories.IPatientRepository,AutoMapper.IMapper,Microsoft.Extensions.Logging.ILogger`1<ClinicManagement.Application.Services.PatientService>)
FNDA:0,System.Void ClinicManagement.Application.Services.PatientService::.ctor(ClinicManagement.Domain.Interfaces.Repositories.IPatientRepository,AutoMapper.IMapper,Microsoft.Extensions.Logging.ILogger`1<ClinicManagement.Application.Services.PatientService>)
DA:18,0
DA:19,0
DA:20,0
DA:21,0
DA:22,0
DA:23,0
DA:24,0
DA:25,0
DA:26,0
BRDA:23,11,0,0
BRDA:23,11,1,0
BRDA:24,33,0,0
BRDA:24,33,1,0
BRDA:25,55,0,0
BRDA:25,55,1,0
FN:63,System.Void ClinicManagement.Application.Services.PatientService/<CreateAsync>d__6::MoveNext()
FNDA:0,System.Void ClinicManagement.Application.Services.PatientService/<CreateAsync>d__6::MoveNext()
DA:64,0
DA:66,0
DA:67,0
DA:70,0
DA:71,0
DA:72,0
DA:73,0
DA:76,0
DA:77,0
DA:78,0
DA:79,0
DA:81,0
DA:82,0
DA:83,0
DA:84,0
DA:86,0
BRDA:71,241,0,0
BRDA:71,241,1,0
FN:110,System.Void ClinicManagement.Application.Services.PatientService/<DeleteAsync>d__8::MoveNext()
FNDA:0,System.Void ClinicManagement.Application.Services.PatientService/<DeleteAsync>d__8::MoveNext()
DA:111,0
DA:113,0
DA:114,0
DA:115,0
DA:116,0
DA:117,0
DA:118,0
DA:121,0
DA:122,0
DA:123,0
DA:124,0
DA:125,0
DA:126,0
DA:127,0
DA:129,0
BRDA:116,227,0,0
BRDA:116,227,1,0
FN:28,System.Void ClinicManagement.Application.Services.PatientService/<GetAllAsync>d__4::MoveNext()
FNDA:0,System.Void ClinicManagement.Application.Services.PatientService/<GetAllAsync>d__4::MoveNext()
DA:29,0
DA:31,0
DA:32,0
DA:33,0
DA:34,0
DA:36,0
DA:37,0
DA:38,0
DA:39,0
DA:41,0
FN:146,System.Void ClinicManagement.Application.Services.PatientService/<GetByEmailAsync>d__10::MoveNext()
FNDA:0,System.Void ClinicManagement.Application.Services.PatientService/<GetByEmailAsync>d__10::MoveNext()
DA:147,0
DA:149,0
DA:150,0
DA:151,0
DA:152,0
DA:153,0
DA:154,0
DA:155,0
DA:157,0
DA:159,0
DA:160,0
DA:161,0
DA:162,0
DA:164,0
BRDA:152,216,0,0
BRDA:152,216,1,0
FN:43,System.Void ClinicManagement.Application.Services.PatientService/<GetByIdAsync>d__5::MoveNext()
FNDA:0,System.Void ClinicManagement.Application.Services.PatientService/<GetByIdAsync>d__5::MoveNext()
DA:44,0
DA:46,0
DA:47,0
DA:48,0
DA:49,0
DA:50,0
DA:51,0
DA:52,0
DA:54,0
DA:56,0
DA:57,0
DA:58,0
DA:59,0
DA:61,0
BRDA:49,221,0,0
BRDA:49,221,1,0
FN:131,System.Void ClinicManagement.Application.Services.PatientService/<SearchAsync>d__9::MoveNext()
FNDA:0,System.Void ClinicManagement.Application.Services.PatientService/<SearchAsync>d__9::MoveNext()
DA:132,0
DA:134,0
DA:135,0
DA:136,0
DA:137,0
DA:139,0
DA:140,0
DA:141,0
DA:142,0
DA:144,0
FN:88,System.Void ClinicManagement.Application.Services.PatientService/<UpdateAsync>d__7::MoveNext()
FNDA:0,System.Void ClinicManagement.Application.Services.PatientService/<UpdateAsync>d__7::MoveNext()
DA:89,0
DA:91,0
DA:92,0
DA:93,0
DA:94,0
DA:95,0
DA:96,0
DA:99,0
DA:100,0
DA:101,0
DA:102,0
DA:103,0
DA:104,0
DA:105,0
DA:106,0
DA:108,0
BRDA:94,234,0,0
BRDA:94,234,1,0
LF:104
LH:0
BRF:16
BRH:0
FNF:8
FNH:0
end_of_record
SF:/modernize-data/studio-data/TNT1001/APP1145/transformed-code/66/studio-workspace/API Backend Services/src/ClinicManagement.Application/Services/TimeSlotService.cs
FN:14,System.Void ClinicManagement.Application.Services.TimeSlotService::.ctor(ClinicManagement.Domain.Interfaces.Repositories.ITimeSlotRepository,AutoMapper.IMapper,Microsoft.Extensions.Logging.ILogger`1<ClinicManagement.Application.Services.TimeSlotService>)
FNDA:0,System.Void ClinicManagement.Application.Services.TimeSlotService::.ctor(ClinicManagement.Domain.Interfaces.Repositories.ITimeSlotRepository,AutoMapper.IMapper,Microsoft.Extensions.Logging.ILogger`1<ClinicManagement.Application.Services.TimeSlotService>)
DA:15,0
DA:16,0
DA:17,0
DA:18,0
DA:19,0
DA:20,0
BRDA:17,11,0,0
BRDA:17,11,1,0
BRDA:18,33,0,0
BRDA:18,33,1,0
BRDA:19,55,0,0
BRDA:19,55,1,0
FN:57,System.Void ClinicManagement.Application.Services.TimeSlotService/<CreateAsync>d__6::MoveNext()
FNDA:0,System.Void ClinicManagement.Application.Services.TimeSlotService/<CreateAsync>d__6::MoveNext()
DA:58,0
DA:60,0
DA:61,0
DA:62,0
DA:63,0
DA:64,0
DA:65,0
DA:67,0
DA:68,0
DA:69,0
DA:70,0
DA:72,0
FN:96,System.Void ClinicManagement.Application.Services.TimeSlotService/<DeleteAsync>d__8::MoveNext()
FNDA:0,System.Void ClinicManagement.Application.Services.TimeSlotService/<DeleteAsync>d__8::MoveNext()
DA:97,0
DA:99,0
DA:100,0
DA:101,0
DA:102,0
DA:103,0
DA:104,0
DA:107,0
DA:108,0
DA:109,0
DA:110,0
DA:111,0
DA:112,0
DA:113,0
DA:115,0
BRDA:102,227,0,0
BRDA:102,227,1,0
FN:22,System.Void ClinicManagement.Application.Services.TimeSlotService/<GetAllAsync>d__4::MoveNext()
FNDA:0,System.Void ClinicManagement.Application.Services.TimeSlotService/<GetAllAsync>d__4::MoveNext()
DA:23,0
DA:25,0
DA:26,0
DA:27,0
DA:28,0
DA:30,0
DA:31,0
DA:32,0
DA:33,0
DA:35,0
FN:132,System.Void ClinicManagement.Application.Services.TimeSlotService/<GetAvailableSlotsAsync>d__10::MoveNext()
FNDA:0,System.Void ClinicManagement.Application.Services.TimeSlotService/<GetAvailableSlotsAsync>d__10::MoveNext()
DA:133,0
DA:135,0
DA:136,0
DA:137,0
DA:138,0
DA:140,0
DA:141,0
DA:142,0
DA:143,0
DA:145,0
FN:117,System.Void ClinicManagement.Application.Services.TimeSlotService/<GetByDoctorIdAsync>d__9::MoveNext()
FNDA:0,System.Void ClinicManagement.Application.Services.TimeSlotService/<GetByDoctorIdAsync>d__9::MoveNext()
DA:118,0
DA:120,0
DA:121,0
DA:122,0
DA:123,0
DA:125,0
DA:126,0
DA:127,0
DA:128,0
DA:130,0
FN:37,System.Void ClinicManagement.Application.Services.TimeSlotService/<GetByIdAsync>d__5::MoveNext()
FNDA:0,System.Void ClinicManagement.Application.Services.TimeSlotService/<GetByIdAsync>d__5::MoveNext()
DA:38,0
DA:40,0
DA:41,0
DA:42,0
DA:43,0
DA:44,0
DA:45,0
DA:46,0
DA:48,0
DA:50,0
DA:51,0
DA:52,0
DA:53,0
DA:55,0
BRDA:43,221,0,0
BRDA:43,221,1,0
FN:74,System.Void ClinicManagement.Application.Services.TimeSlotService/<UpdateAsync>d__7::MoveNext()
FNDA:0,System.Void ClinicManagement.Application.Services.TimeSlotService/<UpdateAsync>d__7::MoveNext()
DA:75,0
DA:77,0
DA:78,0
DA:79,0
DA:80,0
DA:81,0
DA:82,0
DA:85,0
DA:86,0
DA:87,0
DA:88,0
DA:89,0
DA:90,0
DA:91,0
DA:92,0
DA:94,0
BRDA:80,234,0,0
BRDA:80,234,1,0
LF:93
LH:0
BRF:12
BRH:0
FNF:8
FNH:0
end_of_record
SF:/modernize-data/studio-data/TNT1001/APP1145/transformed-code/66/studio-workspace/API Backend Services/src/ClinicManagement.Application/Mappings/MappingProfile.cs
FN:11,System.Void ClinicManagement.Application.Mappings.MappingProfile::.ctor()
FNDA:0,System.Void ClinicManagement.Application.Mappings.MappingProfile::.ctor()
DA:12,0
DA:13,0
DA:15,0
DA:16,0
DA:17,0
DA:18,0
DA:19,0
DA:20,0
DA:21,0
DA:22,0
DA:23,0
DA:24,0
DA:25,0
DA:26,0
DA:27,0
DA:28,0
DA:31,0
DA:32,0
DA:33,0
DA:34,0
DA:35,0
DA:36,0
DA:37,0
DA:38,0
DA:39,0
DA:40,0
DA:41,0
DA:42,0
DA:43,0
DA:44,0
DA:45,0
DA:46,0
DA:47,0
DA:48,0
DA:49,0
DA:52,0
DA:53,0
DA:54,0
DA:55,0
DA:56,0
DA:57,0
DA:58,0
DA:59,0
DA:60,0
DA:61,0
DA:62,0
DA:63,0
DA:64,0
DA:67,0
DA:68,0
DA:69,0
DA:70,0
DA:71,0
DA:72,0
DA:73,0
DA:74,0
DA:75,0
DA:76,0
DA:77,0
DA:78,0
DA:79,0
DA:80,0
DA:81,0
DA:82,0
DA:83,0
DA:84,0
DA:85,0
DA:86,0
DA:87,0
DA:88,0
DA:89,0
DA:90,0
DA:93,0
DA:94,0
DA:95,0
DA:96,0
DA:97,0
DA:98,0
DA:99,0
DA:100,0
DA:101,0
DA:102,0
DA:103,0
DA:104,0
DA:105,0
DA:106,0
DA:107,0
DA:110,0
DA:111,0
DA:112,0
DA:113,0
DA:114,0
DA:115,0
DA:116,0
DA:117,0
DA:118,0
DA:119,0
DA:120,0
DA:121,0
DA:122,0
DA:123,0
DA:124,0
DA:125,0
DA:126,0
DA:127,0
DA:128,0
DA:129,0
DA:130,0
DA:133,0
DA:134,0
DA:135,0
DA:136,0
DA:137,0
DA:138,0
DA:139,0
DA:140,0
DA:141,0
DA:142,0
DA:143,0
DA:144,0
DA:145,0
LF:121
LH:0
BRF:0
BRH:0
FNF:1
FNH:0
end_of_record
SF:/modernize-data/studio-data/TNT1001/APP1145/transformed-code/66/studio-workspace/API Backend Services/src/ClinicManagement.Application/Extensions/ServiceCollectionExtensions.cs
FN:11,Microsoft.Extensions.DependencyInjection.IServiceCollection ClinicManagement.Application.Extensions.ServiceCollectionExtensions::AddApplicationServices(Microsoft.Extensions.DependencyInjection.IServiceCollection)
FNDA:0,Microsoft.Extensions.DependencyInjection.IServiceCollection ClinicManagement.Application.Extensions.ServiceCollectionExtensions::AddApplicationServices(Microsoft.Extensions.DependencyInjection.IServiceCollection)
DA:12,0
DA:14,0
DA:17,0
DA:18,0
DA:19,0
DA:20,0
DA:21,0
DA:22,0
DA:23,0
DA:25,0
DA:26,0
LF:11
LH:0
BRF:0
BRH:0
FNF:1
FNH:0
end_of_record
SF:/home/studioai/.nuget/packages/microsoft.net.test.sdk/17.8.0/build/netcoreapp3.1/Microsoft.NET.Test.Sdk.Program.cs
FN:3,System.Void AutoGeneratedProgram::Main(System.String[])
FNDA:0,System.Void AutoGeneratedProgram::Main(System.String[])
DA:4,0
LF:1
LH:0
BRF:0
BRH:0
FNF:1
FNH:0
end_of_record
SF:/modernize-data/studio-data/TNT1001/APP1145/transformed-code/66/studio-workspace/API Backend Services/src/ClinicManagement.Infrastructure/Repositories/AppointmentRepository.cs
FN:13,System.Void ClinicManagement.Infrastructure.Repositories.AppointmentRepository::.ctor(ClinicManagement.Infrastructure.Data.ClinicDbContext,Microsoft.Extensions.Logging.ILogger`1<ClinicManagement.Infrastructure.Repositories.AppointmentRepository>)
FNDA:0,System.Void ClinicManagement.Infrastructure.Repositories.AppointmentRepository::.ctor(ClinicManagement.Infrastructure.Data.ClinicDbContext,Microsoft.Extensions.Logging.ILogger`1<ClinicManagement.Infrastructure.Repositories.AppointmentRepository>)
DA:14,0
DA:15,0
DA:16,0
DA:17,0
DA:18,0
BRDA:16,11,0,0
BRDA:16,11,1,0
BRDA:17,33,0,0
BRDA:17,33,1,0
FN:39,System.Void ClinicManagement.Infrastructure.Repositories.AppointmentRepository/<AddAsync>d__5::MoveNext()
FNDA:0,System.Void ClinicManagement.Infrastructure.Repositories.AppointmentRepository/<AddAsync>d__5::MoveNext()
DA:40,0
DA:41,0
DA:42,0
DA:43,0
DA:44,0
FN:52,System.Void ClinicManagement.Infrastructure.Repositories.AppointmentRepository/<DeleteAsync>d__7::MoveNext()
FNDA:0,System.Void ClinicManagement.Infrastructure.Repositories.AppointmentRepository/<DeleteAsync>d__7::MoveNext()
DA:53,0
DA:54,0
DA:55,0
DA:56,0
DA:57,0
DA:58,0
DA:59,0
DA:60,0
BRDA:55,174,0,0
BRDA:55,174,1,0
FN:62,System.Void ClinicManagement.Infrastructure.Repositories.AppointmentRepository/<ExistsAsync>d__8::MoveNext()
FNDA:0,System.Void ClinicManagement.Infrastructure.Repositories.AppointmentRepository/<ExistsAsync>d__8::MoveNext()
DA:63,0
DA:64,0
DA:65,0
DA:66,0
FN:20,System.Void ClinicManagement.Infrastructure.Repositories.AppointmentRepository/<GetAllAsync>d__3::MoveNext()
FNDA:0,System.Void ClinicManagement.Infrastructure.Repositories.AppointmentRepository/<GetAllAsync>d__3::MoveNext()
DA:21,0
DA:22,0
DA:23,0
DA:24,0
DA:25,0
DA:26,0
DA:27,0
DA:28,0
FN:90,System.Void ClinicManagement.Infrastructure.Repositories.AppointmentRepository/<GetByDoctorIdAsync>d__11::MoveNext()
FNDA:0,System.Void ClinicManagement.Infrastructure.Repositories.AppointmentRepository/<GetByDoctorIdAsync>d__11::MoveNext()
DA:91,0
DA:92,0
DA:93,0
DA:94,0
DA:95,0
DA:96,0
DA:97,0
DA:98,0
FN:30,System.Void ClinicManagement.Infrastructure.Repositories.AppointmentRepository/<GetByIdAsync>d__4::MoveNext()
FNDA:0,System.Void ClinicManagement.Infrastructure.Repositories.AppointmentRepository/<GetByIdAsync>d__4::MoveNext()
DA:31,0
DA:32,0
DA:33,0
DA:34,0
DA:35,0
DA:36,0
DA:37,0
FN:80,System.Void ClinicManagement.Infrastructure.Repositories.AppointmentRepository/<GetByPatientIdAsync>d__10::MoveNext()
FNDA:0,System.Void ClinicManagement.Infrastructure.Repositories.AppointmentRepository/<GetByPatientIdAsync>d__10::MoveNext()
DA:81,0
DA:82,0
DA:83,0
DA:84,0
DA:85,0
DA:86,0
DA:87,0
DA:88,0
FN:100,System.Void ClinicManagement.Infrastructure.Repositories.AppointmentRepository/<GetPendingAppointmentsAsync>d__12::MoveNext()
FNDA:0,System.Void ClinicManagement.Infrastructure.Repositories.AppointmentRepository/<GetPendingAppointmentsAsync>d__12::MoveNext()
DA:101,0
DA:102,0
DA:103,0
DA:104,0
DA:105,0
DA:106,0
DA:107,0
DA:108,0
FN:68,System.Void ClinicManagement.Infrastructure.Repositories.AppointmentRepository/<SearchAsync>d__9::MoveNext()
FNDA:0,System.Void ClinicManagement.Infrastructure.Repositories.AppointmentRepository/<SearchAsync>d__9::MoveNext()
DA:69,0
DA:70,0
DA:71,0
DA:72,0
DA:73,0
DA:74,0
DA:75,0
DA:76,0
DA:77,0
DA:78,0
FN:46,System.Void ClinicManagement.Infrastructure.Repositories.AppointmentRepository/<UpdateAsync>d__6::MoveNext()
FNDA:0,System.Void ClinicManagement.Infrastructure.Repositories.AppointmentRepository/<UpdateAsync>d__6::MoveNext()
DA:47,0
DA:48,0
DA:49,0
DA:50,0
LF:75
LH:0
BRF:6
BRH:0
FNF:11
FNH:0
end_of_record
SF:/modernize-data/studio-data/TNT1001/APP1145/transformed-code/66/studio-workspace/API Backend Services/src/ClinicManagement.Infrastructure/Repositories/BillRepository.cs
FN:13,System.Void ClinicManagement.Infrastructure.Repositories.BillRepository::.ctor(ClinicManagement.Infrastructure.Data.ClinicDbContext,Microsoft.Extensions.Logging.ILogger`1<ClinicManagement.Infrastructure.Repositories.BillRepository>)
FNDA:0,System.Void ClinicManagement.Infrastructure.Repositories.BillRepository::.ctor(ClinicManagement.Infrastructure.Data.ClinicDbContext,Microsoft.Extensions.Logging.ILogger`1<ClinicManagement.Infrastructure.Repositories.BillRepository>)
DA:14,0
DA:15,0
DA:16,0
DA:17,0
DA:18,0
BRDA:16,11,0,0
BRDA:16,11,1,0
BRDA:17,33,0,0
BRDA:17,33,1,0
FN:39,System.Void ClinicManagement.Infrastructure.Repositories.BillRepository/<AddAsync>d__5::MoveNext()
FNDA:0,System.Void ClinicManagement.Infrastructure.Repositories.BillRepository/<AddAsync>d__5::MoveNext()
DA:40,0
DA:41,0
DA:42,0
DA:43,0
DA:44,0
FN:52,System.Void ClinicManagement.Infrastructure.Repositories.BillRepository/<DeleteAsync>d__7::MoveNext()
FNDA:0,System.Void ClinicManagement.Infrastructure.Repositories.BillRepository/<DeleteAsync>d__7::MoveNext()
DA:53,0
DA:54,0
DA:55,0
DA:56,0
DA:57,0
DA:58,0
DA:59,0
DA:60,0
BRDA:55,174,0,0
BRDA:55,174,1,0
FN:62,System.Void ClinicManagement.Infrastructure.Repositories.BillRepository/<ExistsAsync>d__8::MoveNext()
FNDA:0,System.Void ClinicManagement.Infrastructure.Repositories.BillRepository/<ExistsAsync>d__8::MoveNext()
DA:63,0
DA:64,0
DA:65,0
DA:66,0
FN:20,System.Void ClinicManagement.Infrastructure.Repositories.BillRepository/<GetAllAsync>d__3::MoveNext()
FNDA:0,System.Void ClinicManagement.Infrastructure.Repositories.BillRepository/<GetAllAsync>d__3::MoveNext()
DA:21,0
DA:22,0
DA:23,0
DA:24,0
DA:25,0
DA:26,0
DA:27,0
DA:28,0
FN:90,System.Void ClinicManagement.Infrastructure.Repositories.BillRepository/<GetByAppointmentIdAsync>d__11::MoveNext()
FNDA:0,System.Void ClinicManagement.Infrastructure.Repositories.BillRepository/<GetByAppointmentIdAsync>d__11::MoveNext()
DA:91,0
DA:92,0
DA:93,0
DA:94,0
DA:95,0
DA:96,0
DA:97,0
FN:30,System.Void ClinicManagement.Infrastructure.Repositories.BillRepository/<GetByIdAsync>d__4::MoveNext()
FNDA:0,System.Void ClinicManagement.Infrastructure.Repositories.BillRepository/<GetByIdAsync>d__4::MoveNext()
DA:31,0
DA:32,0
DA:33,0
DA:34,0
DA:35,0
DA:36,0
DA:37,0
FN:80,System.Void ClinicManagement.Infrastructure.Repositories.BillRepository/<GetByPatientIdAsync>d__10::MoveNext()
FNDA:0,System.Void ClinicManagement.Infrastructure.Repositories.BillRepository/<GetByPatientIdAsync>d__10::MoveNext()
DA:81,0
DA:82,0
DA:83,0
DA:84,0
DA:85,0
DA:86,0
DA:87,0
DA:88,0
FN:68,System.Void ClinicManagement.Infrastructure.Repositories.BillRepository/<SearchAsync>d__9::MoveNext()
FNDA:0,System.Void ClinicManagement.Infrastructure.Repositories.BillRepository/<SearchAsync>d__9::MoveNext()
DA:69,0
DA:70,0
DA:71,0
DA:72,0
DA:73,0
DA:74,0
DA:75,0
DA:76,0
DA:77,0
DA:78,0
FN:46,System.Void ClinicManagement.Infrastructure.Repositories.BillRepository/<UpdateAsync>d__6::MoveNext()
FNDA:0,System.Void ClinicManagement.Infrastructure.Repositories.BillRepository/<UpdateAsync>d__6::MoveNext()
DA:47,0
DA:48,0
DA:49,0
DA:50,0
LF:66
LH:0
BRF:6
BRH:0
FNF:10
FNH:0
end_of_record
SF:/modernize-data/studio-data/TNT1001/APP1145/transformed-code/66/studio-workspace/API Backend Services/src/ClinicManagement.Infrastructure/Repositories/DepartmentRepository.cs
FN:13,System.Void ClinicManagement.Infrastructure.Repositories.DepartmentRepository::.ctor(ClinicManagement.Infrastructure.Data.ClinicDbContext,Microsoft.Extensions.Logging.ILogger`1<ClinicManagement.Infrastructure.Repositories.DepartmentRepository>)
FNDA:0,System.Void ClinicManagement.Infrastructure.Repositories.DepartmentRepository::.ctor(ClinicManagement.Infrastructure.Data.ClinicDbContext,Microsoft.Extensions.Logging.ILogger`1<ClinicManagement.Infrastructure.Repositories.DepartmentRepository>)
DA:14,0
DA:15,0
DA:16,0
DA:17,0
DA:18,0
BRDA:16,11,0,0
BRDA:16,11,1,0
BRDA:17,33,0,0
BRDA:17,33,1,0
FN:35,System.Void ClinicManagement.Infrastructure.Repositories.DepartmentRepository/<AddAsync>d__5::MoveNext()
FNDA:0,System.Void ClinicManagement.Infrastructure.Repositories.DepartmentRepository/<AddAsync>d__5::MoveNext()
DA:36,0
DA:37,0
DA:38,0
DA:39,0
DA:40,0
FN:48,System.Void ClinicManagement.Infrastructure.Repositories.DepartmentRepository/<DeleteAsync>d__7::MoveNext()
FNDA:0,System.Void ClinicManagement.Infrastructure.Repositories.DepartmentRepository/<DeleteAsync>d__7::MoveNext()
DA:49,0
DA:50,0
DA:51,0
DA:52,0
DA:53,0
DA:54,0
DA:55,0
DA:56,0
BRDA:51,174,0,0
BRDA:51,174,1,0
FN:58,System.Void ClinicManagement.Infrastructure.Repositories.DepartmentRepository/<ExistsAsync>d__8::MoveNext()
FNDA:0,System.Void ClinicManagement.Infrastructure.Repositories.DepartmentRepository/<ExistsAsync>d__8::MoveNext()
DA:59,0
DA:60,0
DA:61,0
DA:62,0
FN:20,System.Void ClinicManagement.Infrastructure.Repositories.DepartmentRepository/<GetAllAsync>d__3::MoveNext()
FNDA:0,System.Void ClinicManagement.Infrastructure.Repositories.DepartmentRepository/<GetAllAsync>d__3::MoveNext()
DA:21,0
DA:22,0
DA:23,0
DA:24,0
DA:25,0
DA:26,0
FN:28,System.Void ClinicManagement.Infrastructure.Repositories.DepartmentRepository/<GetByIdAsync>d__4::MoveNext()
FNDA:0,System.Void ClinicManagement.Infrastructure.Repositories.DepartmentRepository/<GetByIdAsync>d__4::MoveNext()
DA:29,0
DA:30,0
DA:31,0
DA:32,0
DA:33,0
FN:64,System.Void ClinicManagement.Infrastructure.Repositories.DepartmentRepository/<SearchAsync>d__9::MoveNext()
FNDA:0,System.Void ClinicManagement.Infrastructure.Repositories.DepartmentRepository/<SearchAsync>d__9::MoveNext()
DA:65,0
DA:66,0
DA:67,0
DA:68,0
DA:69,0
DA:70,0
DA:71,0
DA:72,0
FN:42,System.Void ClinicManagement.Infrastructure.Repositories.DepartmentRepository/<UpdateAsync>d__6::MoveNext()
FNDA:0,System.Void ClinicManagement.Infrastructure.Repositories.DepartmentRepository/<UpdateAsync>d__6::MoveNext()
DA:43,0
DA:44,0
DA:45,0
DA:46,0
LF:45
LH:0
BRF:6
BRH:0
FNF:8
FNH:0
end_of_record
SF:/modernize-data/studio-data/TNT1001/APP1145/transformed-code/66/studio-workspace/API Backend Services/src/ClinicManagement.Infrastructure/Repositories/DoctorRepository.cs
FN:13,System.Void ClinicManagement.Infrastructure.Repositories.DoctorRepository::.ctor(ClinicManagement.Infrastructure.Data.ClinicDbContext,Microsoft.Extensions.Logging.ILogger`1<ClinicManagement.Infrastructure.Repositories.DoctorRepository>)
FNDA:0,System.Void ClinicManagement.Infrastructure.Repositories.DoctorRepository::.ctor(ClinicManagement.Infrastructure.Data.ClinicDbContext,Microsoft.Extensions.Logging.ILogger`1<ClinicManagement.Infrastructure.Repositories.DoctorRepository>)
DA:14,0
DA:15,0
DA:16,0
DA:17,0
DA:18,0
BRDA:16,11,0,0
BRDA:16,11,1,0
BRDA:17,33,0,0
BRDA:17,33,1,0
FN:37,System.Void ClinicManagement.Infrastructure.Repositories.DoctorRepository/<AddAsync>d__5::MoveNext()
FNDA:0,System.Void ClinicManagement.Infrastructure.Repositories.DoctorRepository/<AddAsync>d__5::MoveNext()
DA:38,0
DA:39,0
DA:40,0
DA:41,0
DA:42,0
FN:50,System.Void ClinicManagement.Infrastructure.Repositories.DoctorRepository/<DeleteAsync>d__7::MoveNext()
FNDA:0,System.Void ClinicManagement.Infrastructure.Repositories.DoctorRepository/<DeleteAsync>d__7::MoveNext()
DA:51,0
DA:52,0
DA:53,0
DA:54,0
DA:55,0
DA:56,0
DA:57,0
DA:58,0
BRDA:53,174,0,0
BRDA:53,174,1,0
FN:60,System.Void ClinicManagement.Infrastructure.Repositories.DoctorRepository/<ExistsAsync>d__8::MoveNext()
FNDA:0,System.Void ClinicManagement.Infrastructure.Repositories.DoctorRepository/<ExistsAsync>d__8::MoveNext()
DA:61,0
DA:62,0
DA:63,0
DA:64,0
FN:20,System.Void ClinicManagement.Infrastructure.Repositories.DoctorRepository/<GetAllAsync>d__3::MoveNext()
FNDA:0,System.Void ClinicManagement.Infrastructure.Repositories.DoctorRepository/<GetAllAsync>d__3::MoveNext()
DA:21,0
DA:22,0
DA:23,0
DA:24,0
DA:25,0
DA:26,0
DA:27,0
FN:78,System.Void ClinicManagement.Infrastructure.Repositories.DoctorRepository/<GetByDepartmentAsync>d__10::MoveNext()
FNDA:0,System.Void ClinicManagement.Infrastructure.Repositories.DoctorRepository/<GetByDepartmentAsync>d__10::MoveNext()
DA:79,0
DA:80,0
DA:81,0
DA:82,0
DA:83,0
DA:84,0
DA:85,0
FN:87,System.Void ClinicManagement.Infrastructure.Repositories.DoctorRepository/<GetByEmailAsync>d__11::MoveNext()
FNDA:0,System.Void ClinicManagement.Infrastructure.Repositories.DoctorRepository/<GetByEmailAsync>d__11::MoveNext()
DA:88,0
DA:89,0
DA:90,0
DA:91,0
DA:92,0
DA:93,0
FN:29,System.Void ClinicManagement.Infrastructure.Repositories.DoctorRepository/<GetByIdAsync>d__4::MoveNext()
FNDA:0,System.Void ClinicManagement.Infrastructure.Repositories.DoctorRepository/<GetByIdAsync>d__4::MoveNext()
DA:30,0
DA:31,0
DA:32,0
DA:33,0
DA:34,0
DA:35,0
FN:66,System.Void ClinicManagement.Infrastructure.Repositories.DoctorRepository/<SearchAsync>d__9::MoveNext()
FNDA:0,System.Void ClinicManagement.Infrastructure.Repositories.DoctorRepository/<SearchAsync>d__9::MoveNext()
DA:67,0
DA:68,0
DA:69,0
DA:70,0
DA:71,0
DA:72,0
DA:73,0
DA:74,0
DA:75,0
DA:76,0
FN:44,System.Void ClinicManagement.Infrastructure.Repositories.DoctorRepository/<UpdateAsync>d__6::MoveNext()
FNDA:0,System.Void ClinicManagement.Infrastructure.Repositories.DoctorRepository/<UpdateAsync>d__6::MoveNext()
DA:45,0
DA:46,0
DA:47,0
DA:48,0
LF:62
LH:0
BRF:6
BRH:0
FNF:10
FNH:0
end_of_record
SF:/modernize-data/studio-data/TNT1001/APP1145/transformed-code/66/studio-workspace/API Backend Services/src/ClinicManagement.Infrastructure/Repositories/OtherStaffRepository.cs
FN:13,System.Void ClinicManagement.Infrastructure.Repositories.OtherStaffRepository::.ctor(ClinicManagement.Infrastructure.Data.ClinicDbContext,Microsoft.Extensions.Logging.ILogger`1<ClinicManagement.Infrastructure.Repositories.OtherStaffRepository>)
FNDA:0,System.Void ClinicManagement.Infrastructure.Repositories.OtherStaffRepository::.ctor(ClinicManagement.Infrastructure.Data.ClinicDbContext,Microsoft.Extensions.Logging.ILogger`1<ClinicManagement.Infrastructure.Repositories.OtherStaffRepository>)
DA:14,0
DA:15,0
DA:16,0
DA:17,0
DA:18,0
BRDA:16,11,0,0
BRDA:16,11,1,0
BRDA:17,33,0,0
BRDA:17,33,1,0
FN:35,System.Void ClinicManagement.Infrastructure.Repositories.OtherStaffRepository/<AddAsync>d__5::MoveNext()
FNDA:0,System.Void ClinicManagement.Infrastructure.Repositories.OtherStaffRepository/<AddAsync>d__5::MoveNext()
DA:36,0
DA:37,0
DA:38,0
DA:39,0
DA:40,0
FN:48,System.Void ClinicManagement.Infrastructure.Repositories.OtherStaffRepository/<DeleteAsync>d__7::MoveNext()
FNDA:0,System.Void ClinicManagement.Infrastructure.Repositories.OtherStaffRepository/<DeleteAsync>d__7::MoveNext()
DA:49,0
DA:50,0
DA:51,0
DA:52,0
DA:53,0
DA:54,0
DA:55,0
DA:56,0
BRDA:51,174,0,0
BRDA:51,174,1,0
FN:58,System.Void ClinicManagement.Infrastructure.Repositories.OtherStaffRepository/<ExistsAsync>d__8::MoveNext()
FNDA:0,System.Void ClinicManagement.Infrastructure.Repositories.OtherStaffRepository/<ExistsAsync>d__8::MoveNext()
DA:59,0
DA:60,0
DA:61,0
DA:62,0
FN:20,System.Void ClinicManagement.Infrastructure.Repositories.OtherStaffRepository/<GetAllAsync>d__3::MoveNext()
FNDA:0,System.Void ClinicManagement.Infrastructure.Repositories.OtherStaffRepository/<GetAllAsync>d__3::MoveNext()
DA:21,0
DA:22,0
DA:23,0
DA:24,0
DA:25,0
DA:26,0
FN:28,System.Void ClinicManagement.Infrastructure.Repositories.OtherStaffRepository/<GetByIdAsync>d__4::MoveNext()
FNDA:0,System.Void ClinicManagement.Infrastructure.Repositories.OtherStaffRepository/<GetByIdAsync>d__4::MoveNext()
DA:29,0
DA:30,0
DA:31,0
DA:32,0
DA:33,0
FN:64,System.Void ClinicManagement.Infrastructure.Repositories.OtherStaffRepository/<SearchAsync>d__9::MoveNext()
FNDA:0,System.Void ClinicManagement.Infrastructure.Repositories.OtherStaffRepository/<SearchAsync>d__9::MoveNext()
DA:65,0
DA:66,0
DA:67,0
DA:68,0
DA:69,0
DA:70,0
DA:71,0
DA:72,0
DA:73,0
FN:42,System.Void ClinicManagement.Infrastructure.Repositories.OtherStaffRepository/<UpdateAsync>d__6::MoveNext()
FNDA:0,System.Void ClinicManagement.Infrastructure.Repositories.OtherStaffRepository/<UpdateAsync>d__6::MoveNext()
DA:43,0
DA:44,0
DA:45,0
DA:46,0
LF:46
LH:0
BRF:6
BRH:0
FNF:8
FNH:0
end_of_record
SF:/modernize-data/studio-data/TNT1001/APP1145/transformed-code/66/studio-workspace/API Backend Services/src/ClinicManagement.Infrastructure/Repositories/PatientRepository.cs
FN:13,System.Void ClinicManagement.Infrastructure.Repositories.PatientRepository::.ctor(ClinicManagement.Infrastructure.Data.ClinicDbContext,Microsoft.Extensions.Logging.ILogger`1<ClinicManagement.Infrastructure.Repositories.PatientRepository>)
FNDA:0,System.Void ClinicManagement.Infrastructure.Repositories.PatientRepository::.ctor(ClinicManagement.Infrastructure.Data.ClinicDbContext,Microsoft.Extensions.Logging.ILogger`1<ClinicManagement.Infrastructure.Repositories.PatientRepository>)
DA:14,0
DA:15,0
DA:16,0
DA:17,0
DA:18,0
BRDA:16,11,0,0
BRDA:16,11,1,0
BRDA:17,33,0,0
BRDA:17,33,1,0
FN:35,System.Void ClinicManagement.Infrastructure.Repositories.PatientRepository/<AddAsync>d__5::MoveNext()
FNDA:0,System.Void ClinicManagement.Infrastructure.Repositories.PatientRepository/<AddAsync>d__5::MoveNext()
DA:36,0
DA:37,0
DA:38,0
DA:39,0
DA:40,0
FN:48,System.Void ClinicManagement.Infrastructure.Repositories.PatientRepository/<DeleteAsync>d__7::MoveNext()
FNDA:0,System.Void ClinicManagement.Infrastructure.Repositories.PatientRepository/<DeleteAsync>d__7::MoveNext()
DA:49,0
DA:50,0
DA:51,0
DA:52,0
DA:53,0
DA:54,0
DA:55,0
DA:56,0
BRDA:51,174,0,0
BRDA:51,174,1,0
FN:58,System.Void ClinicManagement.Infrastructure.Repositories.PatientRepository/<ExistsAsync>d__8::MoveNext()
FNDA:0,System.Void ClinicManagement.Infrastructure.Repositories.PatientRepository/<ExistsAsync>d__8::MoveNext()
DA:59,0
DA:60,0
DA:61,0
DA:62,0
FN:20,System.Void ClinicManagement.Infrastructure.Repositories.PatientRepository/<GetAllAsync>d__3::MoveNext()
FNDA:0,System.Void ClinicManagement.Infrastructure.Repositories.PatientRepository/<GetAllAsync>d__3::MoveNext()
DA:21,0
DA:22,0
DA:23,0
DA:24,0
DA:25,0
DA:26,0
FN:75,System.Void ClinicManagement.Infrastructure.Repositories.PatientRepository/<GetByEmailAsync>d__10::MoveNext()
FNDA:0,System.Void ClinicManagement.Infrastructure.Repositories.PatientRepository/<GetByEmailAsync>d__10::MoveNext()
DA:76,0
DA:77,0
DA:78,0
DA:79,0
DA:80,0
FN:28,System.Void ClinicManagement.Infrastructure.Repositories.PatientRepository/<GetByIdAsync>d__4::MoveNext()
FNDA:0,System.Void ClinicManagement.Infrastructure.Repositories.PatientRepository/<GetByIdAsync>d__4::MoveNext()
DA:29,0
DA:30,0
DA:31,0
DA:32,0
DA:33,0
FN:64,System.Void ClinicManagement.Infrastructure.Repositories.PatientRepository/<SearchAsync>d__9::MoveNext()
FNDA:0,System.Void ClinicManagement.Infrastructure.Repositories.PatientRepository/<SearchAsync>d__9::MoveNext()
DA:65,0
DA:66,0
DA:67,0
DA:68,0
DA:69,0
DA:70,0
DA:71,0
DA:72,0
DA:73,0
FN:42,System.Void ClinicManagement.Infrastructure.Repositories.PatientRepository/<UpdateAsync>d__6::MoveNext()
FNDA:0,System.Void ClinicManagement.Infrastructure.Repositories.PatientRepository/<UpdateAsync>d__6::MoveNext()
DA:43,0
DA:44,0
DA:45,0
DA:46,0
LF:51
LH:0
BRF:6
BRH:0
FNF:9
FNH:0
end_of_record
SF:/modernize-data/studio-data/TNT1001/APP1145/transformed-code/66/studio-workspace/API Backend Services/src/ClinicManagement.Infrastructure/Repositories/TimeSlotRepository.cs
FN:13,System.Void ClinicManagement.Infrastructure.Repositories.TimeSlotRepository::.ctor(ClinicManagement.Infrastructure.Data.ClinicDbContext,Microsoft.Extensions.Logging.ILogger`1<ClinicManagement.Infrastructure.Repositories.TimeSlotRepository>)
FNDA:0,System.Void ClinicManagement.Infrastructure.Repositories.TimeSlotRepository::.ctor(ClinicManagement.Infrastructure.Data.ClinicDbContext,Microsoft.Extensions.Logging.ILogger`1<ClinicManagement.Infrastructure.Repositories.TimeSlotRepository>)
DA:14,0
DA:15,0
DA:16,0
DA:17,0
DA:18,0
BRDA:16,11,0,0
BRDA:16,11,1,0
BRDA:17,33,0,0
BRDA:17,33,1,0
FN:37,System.Void ClinicManagement.Infrastructure.Repositories.TimeSlotRepository/<AddAsync>d__5::MoveNext()
FNDA:0,System.Void ClinicManagement.Infrastructure.Repositories.TimeSlotRepository/<AddAsync>d__5::MoveNext()
DA:38,0
DA:39,0
DA:40,0
DA:41,0
DA:42,0
FN:50,System.Void ClinicManagement.Infrastructure.Repositories.TimeSlotRepository/<DeleteAsync>d__7::MoveNext()
FNDA:0,System.Void ClinicManagement.Infrastructure.Repositories.TimeSlotRepository/<DeleteAsync>d__7::MoveNext()
DA:51,0
DA:52,0
DA:53,0
DA:54,0
DA:55,0
DA:56,0
DA:57,0
DA:58,0
BRDA:53,174,0,0
BRDA:53,174,1,0
FN:60,System.Void ClinicManagement.Infrastructure.Repositories.TimeSlotRepository/<ExistsAsync>d__8::MoveNext()
FNDA:0,System.Void ClinicManagement.Infrastructure.Repositories.TimeSlotRepository/<ExistsAsync>d__8::MoveNext()
DA:61,0
DA:62,0
DA:63,0
DA:64,0
FN:20,System.Void ClinicManagement.Infrastructure.Repositories.TimeSlotRepository/<GetAllAsync>d__3::MoveNext()
FNDA:0,System.Void ClinicManagement.Infrastructure.Repositories.TimeSlotRepository/<GetAllAsync>d__3::MoveNext()
DA:21,0
DA:22,0
DA:23,0
DA:24,0
DA:25,0
DA:26,0
DA:27,0
FN:84,System.Void ClinicManagement.Infrastructure.Repositories.TimeSlotRepository/<GetAvailableSlotsAsync>d__11::MoveNext()
FNDA:0,System.Void ClinicManagement.Infrastructure.Repositories.TimeSlotRepository/<GetAvailableSlotsAsync>d__11::MoveNext()
DA:85,0
DA:86,0
DA:87,0
DA:88,0
DA:89,0
DA:90,0
DA:91,0
DA:92,0
DA:93,0
DA:94,0
FN:75,System.Void ClinicManagement.Infrastructure.Repositories.TimeSlotRepository/<GetByDoctorIdAsync>d__10::MoveNext()
FNDA:0,System.Void ClinicManagement.Infrastructure.Repositories.TimeSlotRepository/<GetByDoctorIdAsync>d__10::MoveNext()
DA:76,0
DA:77,0
DA:78,0
DA:79,0
DA:80,0
DA:81,0
DA:82,0
FN:29,System.Void ClinicManagement.Infrastructure.Repositories.TimeSlotRepository/<GetByIdAsync>d__4::MoveNext()
FNDA:0,System.Void ClinicManagement.Infrastructure.Repositories.TimeSlotRepository/<GetByIdAsync>d__4::MoveNext()
DA:30,0
DA:31,0
DA:32,0
DA:33,0
DA:34,0
DA:35,0
FN:66,System.Void ClinicManagement.Infrastructure.Repositories.TimeSlotRepository/<SearchAsync>d__9::MoveNext()
FNDA:0,System.Void ClinicManagement.Infrastructure.Repositories.TimeSlotRepository/<SearchAsync>d__9::MoveNext()
DA:67,0
DA:68,0
DA:69,0
DA:70,0
DA:71,0
DA:72,0
DA:73,0
FN:44,System.Void ClinicManagement.Infrastructure.Repositories.TimeSlotRepository/<UpdateAsync>d__6::MoveNext()
FNDA:0,System.Void ClinicManagement.Infrastructure.Repositories.TimeSlotRepository/<UpdateAsync>d__6::MoveNext()
DA:45,0
DA:46,0
DA:47,0
DA:48,0
LF:63
LH:0
BRF:6
BRH:0
FNF:10
FNH:0
end_of_record
SF:/modernize-data/studio-data/TNT1001/APP1145/transformed-code/66/studio-workspace/API Backend Services/src/ClinicManagement.Infrastructure/Extensions/ServiceCollectionExtensions.cs
FN:17,Microsoft.Extensions.DependencyInjection.IServiceCollection ClinicManagement.Infrastructure.Extensions.ServiceCollectionExtensions::AddInfrastructureServices(Microsoft.Extensions.DependencyInjection.IServiceCollection,Microsoft.Extensions.Configuration.IConfiguration)
FNDA:0,Microsoft.Extensions.DependencyInjection.IServiceCollection ClinicManagement.Infrastructure.Extensions.ServiceCollectionExtensions::AddInfrastructureServices(Microsoft.Extensions.DependencyInjection.IServiceCollection,Microsoft.Extensions.Configuration.IConfiguration)
DA:18,0
DA:20,0
DA:21,0
DA:22,0
DA:23,0
DA:24,0
DA:25,0
DA:26,0
DA:27,0
DA:28,0
DA:29,0
DA:30,0
DA:31,0
DA:32,0
DA:33,0
DA:34,0
DA:37,0
DA:38,0
DA:39,0
DA:40,0
DA:41,0
DA:42,0
DA:43,0
DA:45,0
DA:46,0
LF:25
LH:0
BRF:0
BRH:0
FNF:1
FNH:0
end_of_record
SF:/modernize-data/studio-data/TNT1001/APP1145/transformed-code/66/studio-workspace/API Backend Services/src/ClinicManagement.Infrastructure/Data/ClinicDbContext.cs
FN:15,Microsoft.EntityFrameworkCore.DbSet`1<ClinicManagement.Domain.Entities.Patient> ClinicManagement.Infrastructure.Data.ClinicDbContext::get_Patients()
FNDA:0,Microsoft.EntityFrameworkCore.DbSet`1<ClinicManagement.Domain.Entities.Patient> ClinicManagement.Infrastructure.Data.ClinicDbContext::get_Patients()
DA:16,0
FN:16,Microsoft.EntityFrameworkCore.DbSet`1<ClinicManagement.Domain.Entities.Doctor> ClinicManagement.Infrastructure.Data.ClinicDbContext::get_Doctors()
FNDA:0,Microsoft.EntityFrameworkCore.DbSet`1<ClinicManagement.Domain.Entities.Doctor> ClinicManagement.Infrastructure.Data.ClinicDbContext::get_Doctors()
DA:17,0
FN:17,Microsoft.EntityFrameworkCore.DbSet`1<ClinicManagement.Domain.Entities.Department> ClinicManagement.Infrastructure.Data.ClinicDbContext::get_Departments()
FNDA:0,Microsoft.EntityFrameworkCore.DbSet`1<ClinicManagement.Domain.Entities.Department> ClinicManagement.Infrastructure.Data.ClinicDbContext::get_Departments()
DA:18,0
FN:18,Microsoft.EntityFrameworkCore.DbSet`1<ClinicManagement.Domain.Entities.Appointment> ClinicManagement.Infrastructure.Data.ClinicDbContext::get_Appointments()
FNDA:0,Microsoft.EntityFrameworkCore.DbSet`1<ClinicManagement.Domain.Entities.Appointment> ClinicManagement.Infrastructure.Data.ClinicDbContext::get_Appointments()
DA:19,0
FN:19,Microsoft.EntityFrameworkCore.DbSet`1<ClinicManagement.Domain.Entities.TimeSlot> ClinicManagement.Infrastructure.Data.ClinicDbContext::get_TimeSlots()
FNDA:0,Microsoft.EntityFrameworkCore.DbSet`1<ClinicManagement.Domain.Entities.TimeSlot> ClinicManagement.Infrastructure.Data.ClinicDbContext::get_TimeSlots()
DA:20,0
FN:20,Microsoft.EntityFrameworkCore.DbSet`1<ClinicManagement.Domain.Entities.Bill> ClinicManagement.Infrastructure.Data.ClinicDbContext::get_Bills()
FNDA:0,Microsoft.EntityFrameworkCore.DbSet`1<ClinicManagement.Domain.Entities.Bill> ClinicManagement.Infrastructure.Data.ClinicDbContext::get_Bills()
DA:21,0
FN:21,Microsoft.EntityFrameworkCore.DbSet`1<ClinicManagement.Domain.Entities.OtherStaff> ClinicManagement.Infrastructure.Data.ClinicDbContext::get_OtherStaff()
FNDA:0,Microsoft.EntityFrameworkCore.DbSet`1<ClinicManagement.Domain.Entities.OtherStaff> ClinicManagement.Infrastructure.Data.ClinicDbContext::get_OtherStaff()
DA:22,0
FN:24,System.Void ClinicManagement.Infrastructure.Data.ClinicDbContext::OnModelCreating(Microsoft.EntityFrameworkCore.ModelBuilder)
FNDA:0,System.Void ClinicManagement.Infrastructure.Data.ClinicDbContext::OnModelCreating(Microsoft.EntityFrameworkCore.ModelBuilder)
DA:25,0
DA:26,0
DA:29,0
DA:32,0
DA:33,0
DA:34,0
DA:35,0
DA:36,0
DA:37,0
DA:38,0
DA:39,0
FN:11,System.Void ClinicManagement.Infrastructure.Data.ClinicDbContext::.ctor(Microsoft.EntityFrameworkCore.DbContextOptions`1<ClinicManagement.Infrastructure.Data.ClinicDbContext>)
FNDA:0,System.Void ClinicManagement.Infrastructure.Data.ClinicDbContext::.ctor(Microsoft.EntityFrameworkCore.DbContextOptions`1<ClinicManagement.Infrastructure.Data.ClinicDbContext>)
DA:12,0
DA:13,0
DA:14,0
LF:21
LH:0
BRF:0
BRH:0
FNF:9
FNH:0
end_of_record
SF:/modernize-data/studio-data/TNT1001/APP1145/transformed-code/66/studio-workspace/API Backend Services/src/ClinicManagement.Infrastructure/Data/Configurations/AppointmentConfiguration.cs
FN:9,System.Void ClinicManagement.Infrastructure.Data.Configurations.AppointmentConfiguration::Configure(Microsoft.EntityFrameworkCore.Metadata.Builders.EntityTypeBuilder`1<ClinicManagement.Domain.Entities.Appointment>)
FNDA:0,System.Void ClinicManagement.Infrastructure.Data.Configurations.AppointmentConfiguration::Configure(Microsoft.EntityFrameworkCore.Metadata.Builders.EntityTypeBuilder`1<ClinicManagement.Domain.Entities.Appointment>)
DA:10,0
DA:11,0
DA:12,0
DA:14,0
DA:15,0
DA:16,0
DA:17,0
DA:19,0
DA:20,0
DA:22,0
DA:23,0
DA:25,0
DA:26,0
DA:28,0
DA:29,0
DA:31,0
DA:32,0
DA:34,0
DA:35,0
DA:36,0
DA:37,0
DA:39,0
DA:40,0
DA:41,0
DA:42,0
DA:44,0
DA:45,0
DA:46,0
DA:47,0
DA:48,0
LF:30
LH:0
BRF:0
BRH:0
FNF:1
FNH:0
end_of_record
SF:/modernize-data/studio-data/TNT1001/APP1145/transformed-code/66/studio-workspace/API Backend Services/src/ClinicManagement.Infrastructure/Data/Configurations/BillConfiguration.cs
FN:9,System.Void ClinicManagement.Infrastructure.Data.Configurations.BillConfiguration::Configure(Microsoft.EntityFrameworkCore.Metadata.Builders.EntityTypeBuilder`1<ClinicManagement.Domain.Entities.Bill>)
FNDA:0,System.Void ClinicManagement.Infrastructure.Data.Configurations.BillConfiguration::Configure(Microsoft.EntityFrameworkCore.Metadata.Builders.EntityTypeBuilder`1<ClinicManagement.Domain.Entities.Bill>)
DA:10,0
DA:11,0
DA:12,0
DA:14,0
DA:15,0
DA:16,0
DA:18,0
DA:19,0
DA:20,0
DA:21,0
DA:23,0
DA:24,0
DA:26,0
DA:27,0
DA:29,0
DA:30,0
DA:32,0
DA:33,0
DA:35,0
DA:36,0
DA:37,0
DA:38,0
DA:40,0
DA:41,0
DA:42,0
DA:43,0
DA:44,0
LF:27
LH:0
BRF:0
BRH:0
FNF:1
FNH:0
end_of_record
SF:/modernize-data/studio-data/TNT1001/APP1145/transformed-code/66/studio-workspace/API Backend Services/src/ClinicManagement.Infrastructure/Data/Configurations/DepartmentConfiguration.cs
FN:9,System.Void ClinicManagement.Infrastructure.Data.Configurations.DepartmentConfiguration::Configure(Microsoft.EntityFrameworkCore.Metadata.Builders.EntityTypeBuilder`1<ClinicManagement.Domain.Entities.Department>)
FNDA:0,System.Void ClinicManagement.Infrastructure.Data.Configurations.DepartmentConfiguration::Configure(Microsoft.EntityFrameworkCore.Metadata.Builders.EntityTypeBuilder`1<ClinicManagement.Domain.Entities.Department>)
DA:10,0
DA:11,0
DA:12,0
DA:14,0
DA:15,0
DA:16,0
DA:18,0
DA:19,0
DA:21,0
DA:22,0
DA:24,0
DA:25,0
DA:27,0
DA:28,0
DA:29,0
DA:30,0
DA:31,0
LF:17
LH:0
BRF:0
BRH:0
FNF:1
FNH:0
end_of_record
SF:/modernize-data/studio-data/TNT1001/APP1145/transformed-code/66/studio-workspace/API Backend Services/src/ClinicManagement.Infrastructure/Data/Configurations/DoctorConfiguration.cs
FN:9,System.Void ClinicManagement.Infrastructure.Data.Configurations.DoctorConfiguration::Configure(Microsoft.EntityFrameworkCore.Metadata.Builders.EntityTypeBuilder`1<ClinicManagement.Domain.Entities.Doctor>)
FNDA:0,System.Void ClinicManagement.Infrastructure.Data.Configurations.DoctorConfiguration::Configure(Microsoft.EntityFrameworkCore.Metadata.Builders.EntityTypeBuilder`1<ClinicManagement.Domain.Entities.Doctor>)
DA:10,0
DA:11,0
DA:12,0
DA:14,0
DA:15,0
DA:16,0
DA:18,0
DA:19,0
DA:21,0
DA:22,0
DA:24,0
DA:25,0
DA:26,0
DA:28,0
DA:29,0
DA:30,0
DA:32,0
DA:33,0
DA:34,0
DA:36,0
DA:37,0
DA:39,0
DA:40,0
DA:42,0
DA:43,0
DA:45,0
DA:46,0
DA:47,0
DA:48,0
DA:50,0
DA:51,0
DA:52,0
DA:53,0
DA:55,0
DA:56,0
DA:57,0
DA:58,0
DA:59,0
LF:38
LH:0
BRF:0
BRH:0
FNF:1
FNH:0
end_of_record
SF:/modernize-data/studio-data/TNT1001/APP1145/transformed-code/66/studio-workspace/API Backend Services/src/ClinicManagement.Infrastructure/Data/Configurations/OtherStaffConfiguration.cs
FN:9,System.Void ClinicManagement.Infrastructure.Data.Configurations.OtherStaffConfiguration::Configure(Microsoft.EntityFrameworkCore.Metadata.Builders.EntityTypeBuilder`1<ClinicManagement.Domain.Entities.OtherStaff>)
FNDA:0,System.Void ClinicManagement.Infrastructure.Data.Configurations.OtherStaffConfiguration::Configure(Microsoft.EntityFrameworkCore.Metadata.Builders.EntityTypeBuilder`1<ClinicManagement.Domain.Entities.OtherStaff>)
DA:10,0
DA:11,0
DA:12,0
DA:14,0
DA:15,0
DA:16,0
DA:18,0
DA:19,0
DA:21,0
DA:22,0
DA:24,0
DA:25,0
DA:26,0
DA:28,0
DA:29,0
DA:30,0
DA:32,0
DA:33,0
DA:34,0
DA:36,0
DA:37,0
DA:39,0
DA:40,0
DA:42,0
DA:43,0
DA:44,0
LF:26
LH:0
BRF:0
BRH:0
FNF:1
FNH:0
end_of_record
SF:/modernize-data/studio-data/TNT1001/APP1145/transformed-code/66/studio-workspace/API Backend Services/src/ClinicManagement.Infrastructure/Data/Configurations/PatientConfiguration.cs
FN:9,System.Void ClinicManagement.Infrastructure.Data.Configurations.PatientConfiguration::Configure(Microsoft.EntityFrameworkCore.Metadata.Builders.EntityTypeBuilder`1<ClinicManagement.Domain.Entities.Patient>)
FNDA:0,System.Void ClinicManagement.Infrastructure.Data.Configurations.PatientConfiguration::Configure(Microsoft.EntityFrameworkCore.Metadata.Builders.EntityTypeBuilder`1<ClinicManagement.Domain.Entities.Patient>)
DA:10,0
DA:11,0
DA:12,0
DA:14,0
DA:15,0
DA:16,0
DA:18,0
DA:19,0
DA:21,0
DA:22,0
DA:24,0
DA:25,0
DA:26,0
DA:28,0
DA:29,0
DA:30,0
DA:32,0
DA:33,0
DA:34,0
DA:36,0
DA:37,0
DA:39,0
DA:40,0
DA:42,0
DA:43,0
DA:45,0
DA:46,0
DA:47,0
DA:48,0
DA:49,0
LF:30
LH:0
BRF:0
BRH:0
FNF:1
FNH:0
end_of_record
SF:/modernize-data/studio-data/TNT1001/APP1145/transformed-code/66/studio-workspace/API Backend Services/src/ClinicManagement.Infrastructure/Data/Configurations/TimeSlotConfiguration.cs
FN:9,System.Void ClinicManagement.Infrastructure.Data.Configurations.TimeSlotConfiguration::Configure(Microsoft.EntityFrameworkCore.Metadata.Builders.EntityTypeBuilder`1<ClinicManagement.Domain.Entities.TimeSlot>)
FNDA:0,System.Void ClinicManagement.Infrastructure.Data.Configurations.TimeSlotConfiguration::Configure(Microsoft.EntityFrameworkCore.Metadata.Builders.EntityTypeBuilder`1<ClinicManagement.Domain.Entities.TimeSlot>)
DA:10,0
DA:11,0
DA:12,0
DA:14,0
DA:15,0
DA:17,0
DA:18,0
DA:20,0
DA:21,0
DA:23,0
DA:24,0
DA:25,0
DA:26,0
DA:27,0
LF:14
LH:0
BRF:0
BRH:0
FNF:1
FNH:0
end_of_record
SF:/home/studioai/.nuget/packages/microsoft.net.test.sdk/17.8.0/build/netcoreapp3.1/Microsoft.NET.Test.Sdk.Program.cs
FN:3,System.Void AutoGeneratedProgram::Main(System.String[])
FNDA:0,System.Void AutoGeneratedProgram::Main(System.String[])
DA:4,0
LF:1
LH:0
BRF:0
BRH:0
FNF:1
FNH:0
end_of_record
SF:/modernize-data/studio-data/TNT1001/APP1145/transformed-code/66/studio-workspace/API Backend Services/src/ClinicManagement.Domain/Interfaces/Services/IAppointmentService.cs
FN:20,System.Int32 ClinicManagement.Domain.Interfaces.Services.AppointmentDto::get_AppointmentID()
FNDA:0,System.Int32 ClinicManagement.Domain.Interfaces.Services.AppointmentDto::get_AppointmentID()
DA:21,0
FN:21,System.Int32 ClinicManagement.Domain.Interfaces.Services.AppointmentDto::get_PatientID()
FNDA:0,System.Int32 ClinicManagement.Domain.Interfaces.Services.AppointmentDto::get_PatientID()
DA:22,0
FN:22,System.String ClinicManagement.Domain.Interfaces.Services.AppointmentDto::get_PatientName()
FNDA:0,System.String ClinicManagement.Domain.Interfaces.Services.AppointmentDto::get_PatientName()
DA:23,0
FN:23,System.Int32 ClinicManagement.Domain.Interfaces.Services.AppointmentDto::get_DoctorID()
FNDA:0,System.Int32 ClinicManagement.Domain.Interfaces.Services.AppointmentDto::get_DoctorID()
DA:24,0
FN:24,System.String ClinicManagement.Domain.Interfaces.Services.AppointmentDto::get_DoctorName()
FNDA:0,System.String ClinicManagement.Domain.Interfaces.Services.AppointmentDto::get_DoctorName()
DA:25,0
FN:25,System.DateTime ClinicManagement.Domain.Interfaces.Services.AppointmentDto::get_AppointmentDate()
FNDA:0,System.DateTime ClinicManagement.Domain.Interfaces.Services.AppointmentDto::get_AppointmentDate()
DA:26,0
FN:26,System.Nullable`1<System.TimeSpan> ClinicManagement.Domain.Interfaces.Services.AppointmentDto::get_AppointmentTime()
FNDA:0,System.Nullable`1<System.TimeSpan> ClinicManagement.Domain.Interfaces.Services.AppointmentDto::get_AppointmentTime()
DA:27,0
FN:27,System.String ClinicManagement.Domain.Interfaces.Services.AppointmentDto::get_Status()
FNDA:0,System.String ClinicManagement.Domain.Interfaces.Services.AppointmentDto::get_Status()
DA:28,0
FN:28,System.String ClinicManagement.Domain.Interfaces.Services.AppointmentDto::get_Reason()
FNDA:0,System.String ClinicManagement.Domain.Interfaces.Services.AppointmentDto::get_Reason()
DA:29,0
FN:29,System.String ClinicManagement.Domain.Interfaces.Services.AppointmentDto::get_Diagnosis()
FNDA:0,System.String ClinicManagement.Domain.Interfaces.Services.AppointmentDto::get_Diagnosis()
DA:30,0
FN:30,System.String ClinicManagement.Domain.Interfaces.Services.AppointmentDto::get_Prescription()
FNDA:0,System.String ClinicManagement.Domain.Interfaces.Services.AppointmentDto::get_Prescription()
DA:31,0
FN:31,System.DateTime ClinicManagement.Domain.Interfaces.Services.AppointmentDto::get_CreatedDate()
FNDA:0,System.DateTime ClinicManagement.Domain.Interfaces.Services.AppointmentDto::get_CreatedDate()
DA:32,0
FN:32,System.Nullable`1<System.DateTime> ClinicManagement.Domain.Interfaces.Services.AppointmentDto::get_ModifiedDate()
FNDA:0,System.Nullable`1<System.DateTime> ClinicManagement.Domain.Interfaces.Services.AppointmentDto::get_ModifiedDate()
DA:33,0
FN:33,System.Boolean ClinicManagement.Domain.Interfaces.Services.AppointmentDto::get_IsActive()
FNDA:0,System.Boolean ClinicManagement.Domain.Interfaces.Services.AppointmentDto::get_IsActive()
DA:34,0
FN:38,System.Int32 ClinicManagement.Domain.Interfaces.Services.AppointmentCreateDto::get_PatientID()
FNDA:0,System.Int32 ClinicManagement.Domain.Interfaces.Services.AppointmentCreateDto::get_PatientID()
DA:39,0
FN:39,System.Int32 ClinicManagement.Domain.Interfaces.Services.AppointmentCreateDto::get_DoctorID()
FNDA:0,System.Int32 ClinicManagement.Domain.Interfaces.Services.AppointmentCreateDto::get_DoctorID()
DA:40,0
FN:40,System.DateTime ClinicManagement.Domain.Interfaces.Services.AppointmentCreateDto::get_AppointmentDate()
FNDA:0,System.DateTime ClinicManagement.Domain.Interfaces.Services.AppointmentCreateDto::get_AppointmentDate()
DA:41,0
FN:41,System.Nullable`1<System.TimeSpan> ClinicManagement.Domain.Interfaces.Services.AppointmentCreateDto::get_AppointmentTime()
FNDA:0,System.Nullable`1<System.TimeSpan> ClinicManagement.Domain.Interfaces.Services.AppointmentCreateDto::get_AppointmentTime()
DA:42,0
FN:42,System.String ClinicManagement.Domain.Interfaces.Services.AppointmentCreateDto::get_Reason()
FNDA:0,System.String ClinicManagement.Domain.Interfaces.Services.AppointmentCreateDto::get_Reason()
DA:43,0
FN:47,System.DateTime ClinicManagement.Domain.Interfaces.Services.AppointmentUpdateDto::get_AppointmentDate()
FNDA:0,System.DateTime ClinicManagement.Domain.Interfaces.Services.AppointmentUpdateDto::get_AppointmentDate()
DA:48,0
FN:48,System.Nullable`1<System.TimeSpan> ClinicManagement.Domain.Interfaces.Services.AppointmentUpdateDto::get_AppointmentTime()
FNDA:0,System.Nullable`1<System.TimeSpan> ClinicManagement.Domain.Interfaces.Services.AppointmentUpdateDto::get_AppointmentTime()
DA:49,0
FN:49,System.String ClinicManagement.Domain.Interfaces.Services.AppointmentUpdateDto::get_Status()
FNDA:0,System.String ClinicManagement.Domain.Interfaces.Services.AppointmentUpdateDto::get_Status()
DA:50,0
FN:50,System.String ClinicManagement.Domain.Interfaces.Services.AppointmentUpdateDto::get_Reason()
FNDA:0,System.String ClinicManagement.Domain.Interfaces.Services.AppointmentUpdateDto::get_Reason()
DA:51,0
FN:51,System.String ClinicManagement.Domain.Interfaces.Services.AppointmentUpdateDto::get_Diagnosis()
FNDA:0,System.String ClinicManagement.Domain.Interfaces.Services.AppointmentUpdateDto::get_Diagnosis()
DA:52,0
FN:52,System.String ClinicManagement.Domain.Interfaces.Services.AppointmentUpdateDto::get_Prescription()
FNDA:0,System.String ClinicManagement.Domain.Interfaces.Services.AppointmentUpdateDto::get_Prescription()
DA:53,0
LF:25
LH:0
BRF:0
BRH:0
FNF:25
FNH:0
end_of_record
SF:/modernize-data/studio-data/TNT1001/APP1145/transformed-code/66/studio-workspace/API Backend Services/src/ClinicManagement.Domain/Interfaces/Services/IBillService.cs
FN:19,System.Int32 ClinicManagement.Domain.Interfaces.Services.BillDto::get_BillID()
FNDA:0,System.Int32 ClinicManagement.Domain.Interfaces.Services.BillDto::get_BillID()
DA:20,0
FN:20,System.Int32 ClinicManagement.Domain.Interfaces.Services.BillDto::get_PatientID()
FNDA:0,System.Int32 ClinicManagement.Domain.Interfaces.Services.BillDto::get_PatientID()
DA:21,0
FN:21,System.String ClinicManagement.Domain.Interfaces.Services.BillDto::get_PatientName()
FNDA:0,System.String ClinicManagement.Domain.Interfaces.Services.BillDto::get_PatientName()
DA:22,0
FN:22,System.Int32 ClinicManagement.Domain.Interfaces.Services.BillDto::get_AppointmentID()
FNDA:0,System.Int32 ClinicManagement.Domain.Interfaces.Services.BillDto::get_AppointmentID()
DA:23,0
FN:23,System.Decimal ClinicManagement.Domain.Interfaces.Services.BillDto::get_Amount()
FNDA:0,System.Decimal ClinicManagement.Domain.Interfaces.Services.BillDto::get_Amount()
DA:24,0
FN:24,System.DateTime ClinicManagement.Domain.Interfaces.Services.BillDto::get_BillDate()
FNDA:0,System.DateTime ClinicManagement.Domain.Interfaces.Services.BillDto::get_BillDate()
DA:25,0
FN:25,System.String ClinicManagement.Domain.Interfaces.Services.BillDto::get_Status()
FNDA:0,System.String ClinicManagement.Domain.Interfaces.Services.BillDto::get_Status()
DA:26,0
FN:26,System.String ClinicManagement.Domain.Interfaces.Services.BillDto::get_Description()
FNDA:0,System.String ClinicManagement.Domain.Interfaces.Services.BillDto::get_Description()
DA:27,0
FN:27,System.DateTime ClinicManagement.Domain.Interfaces.Services.BillDto::get_CreatedDate()
FNDA:0,System.DateTime ClinicManagement.Domain.Interfaces.Services.BillDto::get_CreatedDate()
DA:28,0
FN:28,System.Nullable`1<System.DateTime> ClinicManagement.Domain.Interfaces.Services.BillDto::get_ModifiedDate()
FNDA:0,System.Nullable`1<System.DateTime> ClinicManagement.Domain.Interfaces.Services.BillDto::get_ModifiedDate()
DA:29,0
FN:29,System.Boolean ClinicManagement.Domain.Interfaces.Services.BillDto::get_IsActive()
FNDA:0,System.Boolean ClinicManagement.Domain.Interfaces.Services.BillDto::get_IsActive()
DA:30,0
FN:34,System.Int32 ClinicManagement.Domain.Interfaces.Services.BillCreateDto::get_PatientID()
FNDA:0,System.Int32 ClinicManagement.Domain.Interfaces.Services.BillCreateDto::get_PatientID()
DA:35,0
FN:35,System.Int32 ClinicManagement.Domain.Interfaces.Services.BillCreateDto::get_AppointmentID()
FNDA:0,System.Int32 ClinicManagement.Domain.Interfaces.Services.BillCreateDto::get_AppointmentID()
DA:36,0
FN:36,System.Decimal ClinicManagement.Domain.Interfaces.Services.BillCreateDto::get_Amount()
FNDA:0,System.Decimal ClinicManagement.Domain.Interfaces.Services.BillCreateDto::get_Amount()
DA:37,0
FN:37,System.String ClinicManagement.Domain.Interfaces.Services.BillCreateDto::get_Description()
FNDA:0,System.String ClinicManagement.Domain.Interfaces.Services.BillCreateDto::get_Description()
DA:38,0
FN:42,System.Decimal ClinicManagement.Domain.Interfaces.Services.BillUpdateDto::get_Amount()
FNDA:0,System.Decimal ClinicManagement.Domain.Interfaces.Services.BillUpdateDto::get_Amount()
DA:43,0
FN:43,System.String ClinicManagement.Domain.Interfaces.Services.BillUpdateDto::get_Status()
FNDA:0,System.String ClinicManagement.Domain.Interfaces.Services.BillUpdateDto::get_Status()
DA:44,0
FN:44,System.String ClinicManagement.Domain.Interfaces.Services.BillUpdateDto::get_Description()
FNDA:0,System.String ClinicManagement.Domain.Interfaces.Services.BillUpdateDto::get_Description()
DA:45,0
LF:18
LH:0
BRF:0
BRH:0
FNF:18
FNH:0
end_of_record
SF:/modernize-data/studio-data/TNT1001/APP1145/transformed-code/66/studio-workspace/API Backend Services/src/ClinicManagement.Domain/Interfaces/Services/IDepartmentService.cs
FN:17,System.Int32 ClinicManagement.Domain.Interfaces.Services.DepartmentDto::get_DepartmentID()
FNDA:0,System.Int32 ClinicManagement.Domain.Interfaces.Services.DepartmentDto::get_DepartmentID()
DA:18,0
FN:18,System.String ClinicManagement.Domain.Interfaces.Services.DepartmentDto::get_Name()
FNDA:0,System.String ClinicManagement.Domain.Interfaces.Services.DepartmentDto::get_Name()
DA:19,0
FN:19,System.String ClinicManagement.Domain.Interfaces.Services.DepartmentDto::get_Description()
FNDA:0,System.String ClinicManagement.Domain.Interfaces.Services.DepartmentDto::get_Description()
DA:20,0
FN:20,System.DateTime ClinicManagement.Domain.Interfaces.Services.DepartmentDto::get_CreatedDate()
FNDA:0,System.DateTime ClinicManagement.Domain.Interfaces.Services.DepartmentDto::get_CreatedDate()
DA:21,0
FN:21,System.Nullable`1<System.DateTime> ClinicManagement.Domain.Interfaces.Services.DepartmentDto::get_ModifiedDate()
FNDA:0,System.Nullable`1<System.DateTime> ClinicManagement.Domain.Interfaces.Services.DepartmentDto::get_ModifiedDate()
DA:22,0
FN:22,System.Boolean ClinicManagement.Domain.Interfaces.Services.DepartmentDto::get_IsActive()
FNDA:0,System.Boolean ClinicManagement.Domain.Interfaces.Services.DepartmentDto::get_IsActive()
DA:23,0
FN:27,System.String ClinicManagement.Domain.Interfaces.Services.DepartmentCreateDto::get_Name()
FNDA:0,System.String ClinicManagement.Domain.Interfaces.Services.DepartmentCreateDto::get_Name()
DA:28,0
FN:28,System.String ClinicManagement.Domain.Interfaces.Services.DepartmentCreateDto::get_Description()
FNDA:0,System.String ClinicManagement.Domain.Interfaces.Services.DepartmentCreateDto::get_Description()
DA:29,0
FN:33,System.String ClinicManagement.Domain.Interfaces.Services.DepartmentUpdateDto::get_Name()
FNDA:0,System.String ClinicManagement.Domain.Interfaces.Services.DepartmentUpdateDto::get_Name()
DA:34,0
FN:34,System.String ClinicManagement.Domain.Interfaces.Services.DepartmentUpdateDto::get_Description()
FNDA:0,System.String ClinicManagement.Domain.Interfaces.Services.DepartmentUpdateDto::get_Description()
DA:35,0
LF:10
LH:0
BRF:0
BRH:0
FNF:10
FNH:0
end_of_record
SF:/modernize-data/studio-data/TNT1001/APP1145/transformed-code/66/studio-workspace/API Backend Services/src/ClinicManagement.Domain/Interfaces/Services/IDoctorService.cs
FN:18,System.Int32 ClinicManagement.Domain.Interfaces.Services.DoctorDto::get_DoctorID()
FNDA:0,System.Int32 ClinicManagement.Domain.Interfaces.Services.DoctorDto::get_DoctorID()
DA:19,0
FN:19,System.String ClinicManagement.Domain.Interfaces.Services.DoctorDto::get_Name()
FNDA:0,System.String ClinicManagement.Domain.Interfaces.Services.DoctorDto::get_Name()
DA:20,0
FN:20,System.String ClinicManagement.Domain.Interfaces.Services.DoctorDto::get_Phone()
FNDA:0,System.String ClinicManagement.Domain.Interfaces.Services.DoctorDto::get_Phone()
DA:21,0
FN:21,System.String ClinicManagement.Domain.Interfaces.Services.DoctorDto::get_Address()
FNDA:0,System.String ClinicManagement.Domain.Interfaces.Services.DoctorDto::get_Address()
DA:22,0
FN:22,System.String ClinicManagement.Domain.Interfaces.Services.DoctorDto::get_Specialization()
FNDA:0,System.String ClinicManagement.Domain.Interfaces.Services.DoctorDto::get_Specialization()
DA:23,0
FN:23,System.String ClinicManagement.Domain.Interfaces.Services.DoctorDto::get_Email()
FNDA:0,System.String ClinicManagement.Domain.Interfaces.Services.DoctorDto::get_Email()
DA:24,0
FN:24,System.Nullable`1<System.Int32> ClinicManagement.Domain.Interfaces.Services.DoctorDto::get_DepartmentID()
FNDA:0,System.Nullable`1<System.Int32> ClinicManagement.Domain.Interfaces.Services.DoctorDto::get_DepartmentID()
DA:25,0
FN:25,System.String ClinicManagement.Domain.Interfaces.Services.DoctorDto::get_DepartmentName()
FNDA:0,System.String ClinicManagement.Domain.Interfaces.Services.DoctorDto::get_DepartmentName()
DA:26,0
FN:26,System.DateTime ClinicManagement.Domain.Interfaces.Services.DoctorDto::get_CreatedDate()
FNDA:0,System.DateTime ClinicManagement.Domain.Interfaces.Services.DoctorDto::get_CreatedDate()
DA:27,0
FN:27,System.Nullable`1<System.DateTime> ClinicManagement.Domain.Interfaces.Services.DoctorDto::get_ModifiedDate()
FNDA:0,System.Nullable`1<System.DateTime> ClinicManagement.Domain.Interfaces.Services.DoctorDto::get_ModifiedDate()
DA:28,0
FN:28,System.Boolean ClinicManagement.Domain.Interfaces.Services.DoctorDto::get_IsActive()
FNDA:0,System.Boolean ClinicManagement.Domain.Interfaces.Services.DoctorDto::get_IsActive()
DA:29,0
FN:33,System.String ClinicManagement.Domain.Interfaces.Services.DoctorCreateDto::get_Name()
FNDA:0,System.String ClinicManagement.Domain.Interfaces.Services.DoctorCreateDto::get_Name()
DA:34,0
FN:34,System.String ClinicManagement.Domain.Interfaces.Services.DoctorCreateDto::get_Phone()
FNDA:0,System.String ClinicManagement.Domain.Interfaces.Services.DoctorCreateDto::get_Phone()
DA:35,0
FN:35,System.String ClinicManagement.Domain.Interfaces.Services.DoctorCreateDto::get_Address()
FNDA:0,System.String ClinicManagement.Domain.Interfaces.Services.DoctorCreateDto::get_Address()
DA:36,0
FN:36,System.String ClinicManagement.Domain.Interfaces.Services.DoctorCreateDto::get_Specialization()
FNDA:0,System.String ClinicManagement.Domain.Interfaces.Services.DoctorCreateDto::get_Specialization()
DA:37,0
FN:37,System.String ClinicManagement.Domain.Interfaces.Services.DoctorCreateDto::get_Email()
FNDA:0,System.String ClinicManagement.Domain.Interfaces.Services.DoctorCreateDto::get_Email()
DA:38,0
FN:38,System.String ClinicManagement.Domain.Interfaces.Services.DoctorCreateDto::get_Password()
FNDA:0,System.String ClinicManagement.Domain.Interfaces.Services.DoctorCreateDto::get_Password()
DA:39,0
FN:39,System.Nullable`1<System.Int32> ClinicManagement.Domain.Interfaces.Services.DoctorCreateDto::get_DepartmentID()
FNDA:0,System.Nullable`1<System.Int32> ClinicManagement.Domain.Interfaces.Services.DoctorCreateDto::get_DepartmentID()
DA:40,0
FN:44,System.String ClinicManagement.Domain.Interfaces.Services.DoctorUpdateDto::get_Name()
FNDA:0,System.String ClinicManagement.Domain.Interfaces.Services.DoctorUpdateDto::get_Name()
DA:45,0
FN:45,System.String ClinicManagement.Domain.Interfaces.Services.DoctorUpdateDto::get_Phone()
FNDA:0,System.String ClinicManagement.Domain.Interfaces.Services.DoctorUpdateDto::get_Phone()
DA:46,0
FN:46,System.String ClinicManagement.Domain.Interfaces.Services.DoctorUpdateDto::get_Address()
FNDA:0,System.String ClinicManagement.Domain.Interfaces.Services.DoctorUpdateDto::get_Address()
DA:47,0
FN:47,System.String ClinicManagement.Domain.Interfaces.Services.DoctorUpdateDto::get_Specialization()
FNDA:0,System.String ClinicManagement.Domain.Interfaces.Services.DoctorUpdateDto::get_Specialization()
DA:48,0
FN:48,System.String ClinicManagement.Domain.Interfaces.Services.DoctorUpdateDto::get_Email()
FNDA:0,System.String ClinicManagement.Domain.Interfaces.Services.DoctorUpdateDto::get_Email()
DA:49,0
FN:49,System.Nullable`1<System.Int32> ClinicManagement.Domain.Interfaces.Services.DoctorUpdateDto::get_DepartmentID()
FNDA:0,System.Nullable`1<System.Int32> ClinicManagement.Domain.Interfaces.Services.DoctorUpdateDto::get_DepartmentID()
DA:50,0
LF:24
LH:0
BRF:0
BRH:0
FNF:24
FNH:0
end_of_record
SF:/modernize-data/studio-data/TNT1001/APP1145/transformed-code/66/studio-workspace/API Backend Services/src/ClinicManagement.Domain/Interfaces/Services/IOtherStaffService.cs
FN:17,System.Int32 ClinicManagement.Domain.Interfaces.Services.OtherStaffDto::get_StaffID()
FNDA:0,System.Int32 ClinicManagement.Domain.Interfaces.Services.OtherStaffDto::get_StaffID()
DA:18,0
FN:18,System.String ClinicManagement.Domain.Interfaces.Services.OtherStaffDto::get_Name()
FNDA:0,System.String ClinicManagement.Domain.Interfaces.Services.OtherStaffDto::get_Name()
DA:19,0
FN:19,System.String ClinicManagement.Domain.Interfaces.Services.OtherStaffDto::get_Phone()
FNDA:0,System.String ClinicManagement.Domain.Interfaces.Services.OtherStaffDto::get_Phone()
DA:20,0
FN:20,System.String ClinicManagement.Domain.Interfaces.Services.OtherStaffDto::get_Address()
FNDA:0,System.String ClinicManagement.Domain.Interfaces.Services.OtherStaffDto::get_Address()
DA:21,0
FN:21,System.String ClinicManagement.Domain.Interfaces.Services.OtherStaffDto::get_Role()
FNDA:0,System.String ClinicManagement.Domain.Interfaces.Services.OtherStaffDto::get_Role()
DA:22,0
FN:22,System.String ClinicManagement.Domain.Interfaces.Services.OtherStaffDto::get_Email()
FNDA:0,System.String ClinicManagement.Domain.Interfaces.Services.OtherStaffDto::get_Email()
DA:23,0
FN:23,System.DateTime ClinicManagement.Domain.Interfaces.Services.OtherStaffDto::get_CreatedDate()
FNDA:0,System.DateTime ClinicManagement.Domain.Interfaces.Services.OtherStaffDto::get_CreatedDate()
DA:24,0
FN:24,System.Nullable`1<System.DateTime> ClinicManagement.Domain.Interfaces.Services.OtherStaffDto::get_ModifiedDate()
FNDA:0,System.Nullable`1<System.DateTime> ClinicManagement.Domain.Interfaces.Services.OtherStaffDto::get_ModifiedDate()
DA:25,0
FN:25,System.Boolean ClinicManagement.Domain.Interfaces.Services.OtherStaffDto::get_IsActive()
FNDA:0,System.Boolean ClinicManagement.Domain.Interfaces.Services.OtherStaffDto::get_IsActive()
DA:26,0
FN:30,System.String ClinicManagement.Domain.Interfaces.Services.OtherStaffCreateDto::get_Name()
FNDA:0,System.String ClinicManagement.Domain.Interfaces.Services.OtherStaffCreateDto::get_Name()
DA:31,0
FN:31,System.String ClinicManagement.Domain.Interfaces.Services.OtherStaffCreateDto::get_Phone()
FNDA:0,System.String ClinicManagement.Domain.Interfaces.Services.OtherStaffCreateDto::get_Phone()
DA:32,0
FN:32,System.String ClinicManagement.Domain.Interfaces.Services.OtherStaffCreateDto::get_Address()
FNDA:0,System.String ClinicManagement.Domain.Interfaces.Services.OtherStaffCreateDto::get_Address()
DA:33,0
FN:33,System.String ClinicManagement.Domain.Interfaces.Services.OtherStaffCreateDto::get_Role()
FNDA:0,System.String ClinicManagement.Domain.Interfaces.Services.OtherStaffCreateDto::get_Role()
DA:34,0
FN:34,System.String ClinicManagement.Domain.Interfaces.Services.OtherStaffCreateDto::get_Email()
FNDA:0,System.String ClinicManagement.Domain.Interfaces.Services.OtherStaffCreateDto::get_Email()
DA:35,0
FN:35,System.String ClinicManagement.Domain.Interfaces.Services.OtherStaffCreateDto::get_Password()
FNDA:0,System.String ClinicManagement.Domain.Interfaces.Services.OtherStaffCreateDto::get_Password()
DA:36,0
FN:40,System.String ClinicManagement.Domain.Interfaces.Services.OtherStaffUpdateDto::get_Name()
FNDA:0,System.String ClinicManagement.Domain.Interfaces.Services.OtherStaffUpdateDto::get_Name()
DA:41,0
FN:41,System.String ClinicManagement.Domain.Interfaces.Services.OtherStaffUpdateDto::get_Phone()
FNDA:0,System.String ClinicManagement.Domain.Interfaces.Services.OtherStaffUpdateDto::get_Phone()
DA:42,0
FN:42,System.String ClinicManagement.Domain.Interfaces.Services.OtherStaffUpdateDto::get_Address()
FNDA:0,System.String ClinicManagement.Domain.Interfaces.Services.OtherStaffUpdateDto::get_Address()
DA:43,0
FN:43,System.String ClinicManagement.Domain.Interfaces.Services.OtherStaffUpdateDto::get_Role()
FNDA:0,System.String ClinicManagement.Domain.Interfaces.Services.OtherStaffUpdateDto::get_Role()
DA:44,0
FN:44,System.String ClinicManagement.Domain.Interfaces.Services.OtherStaffUpdateDto::get_Email()
FNDA:0,System.String ClinicManagement.Domain.Interfaces.Services.OtherStaffUpdateDto::get_Email()
DA:45,0
LF:20
LH:0
BRF:0
BRH:0
FNF:20
FNH:0
end_of_record
SF:/modernize-data/studio-data/TNT1001/APP1145/transformed-code/66/studio-workspace/API Backend Services/src/ClinicManagement.Domain/Interfaces/Services/IPatientService.cs
FN:18,System.Int32 ClinicManagement.Domain.Interfaces.Services.PatientDto::get_PatientID()
FNDA:0,System.Int32 ClinicManagement.Domain.Interfaces.Services.PatientDto::get_PatientID()
DA:19,0
FN:19,System.String ClinicManagement.Domain.Interfaces.Services.PatientDto::get_Name()
[...]
FNDA:0,System.Int32 ClinicManagement.Domain.Interfaces.Services.TimeSlotDto::get_DoctorID()
DA:20,0
FN:20,System.String ClinicManagement.Domain.Interfaces.Services.TimeSlotDto::get_DoctorName()
FNDA:0,System.String ClinicManagement.Domain.Interfaces.Services.TimeSlotDto::get_DoctorName()
DA:21,0
FN:21,System.DateTime ClinicManagement.Domain.Interfaces.Services.TimeSlotDto::get_SlotDate()
FNDA:0,System.DateTime ClinicManagement.Domain.Interfaces.Services.TimeSlotDto::get_SlotDate()
DA:22,0
FN:22,System.TimeSpan ClinicManagement.Domain.Interfaces.Services.TimeSlotDto::get_StartTime()
FNDA:0,System.TimeSpan ClinicManagement.Domain.Interfaces.Services.TimeSlotDto::get_StartTime()
DA:23,0
FN:23,System.TimeSpan ClinicManagement.Domain.Interfaces.Services.TimeSlotDto::get_EndTime()
FNDA:0,System.TimeSpan ClinicManagement.Domain.Interfaces.Services.TimeSlotDto::get_EndTime()
DA:24,0
FN:24,System.Boolean ClinicManagement.Domain.Interfaces.Services.TimeSlotDto::get_IsAvailable()
FNDA:0,System.Boolean ClinicManagement.Domain.Interfaces.Services.TimeSlotDto::get_IsAvailable()
DA:25,0
FN:25,System.DateTime ClinicManagement.Domain.Interfaces.Services.TimeSlotDto::get_CreatedDate()
FNDA:0,System.DateTime ClinicManagement.Domain.Interfaces.Services.TimeSlotDto::get_CreatedDate()
DA:26,0
FN:26,System.Nullable`1<System.DateTime> ClinicManagement.Domain.Interfaces.Services.TimeSlotDto::get_ModifiedDate()
FNDA:0,System.Nullable`1<System.DateTime> ClinicManagement.Domain.Interfaces.Services.TimeSlotDto::get_ModifiedDate()
DA:27,0
FN:27,System.Boolean ClinicManagement.Domain.Interfaces.Services.TimeSlotDto::get_IsActive()
FNDA:0,System.Boolean ClinicManagement.Domain.Interfaces.Services.TimeSlotDto::get_IsActive()
DA:28,0
FN:32,System.Int32 ClinicManagement.Domain.Interfaces.Services.TimeSlotCreateDto::get_DoctorID()
FNDA:0,System.Int32 ClinicManagement.Domain.Interfaces.Services.TimeSlotCreateDto::get_DoctorID()
DA:33,0
FN:33,System.DateTime ClinicManagement.Domain.Interfaces.Services.TimeSlotCreateDto::get_SlotDate()
FNDA:0,System.DateTime ClinicManagement.Domain.Interfaces.Services.TimeSlotCreateDto::get_SlotDate()
DA:34,0
FN:34,System.TimeSpan ClinicManagement.Domain.Interfaces.Services.TimeSlotCreateDto::get_StartTime()
FNDA:0,System.TimeSpan ClinicManagement.Domain.Interfaces.Services.TimeSlotCreateDto::get_StartTime()
DA:35,0
FN:35,System.TimeSpan ClinicManagement.Domain.Interfaces.Services.TimeSlotCreateDto::get_EndTime()
FNDA:0,System.TimeSpan ClinicManagement.Domain.Interfaces.Services.TimeSlotCreateDto::get_EndTime()
DA:36,0
FN:36,System.Boolean ClinicManagement.Domain.Interfaces.Services.TimeSlotCreateDto::get_IsAvailable()
FNDA:0,System.Boolean ClinicManagement.Domain.Interfaces.Services.TimeSlotCreateDto::get_IsAvailable()
DA:37,0
FN:41,System.DateTime ClinicManagement.Domain.Interfaces.Services.TimeSlotUpdateDto::get_SlotDate()
FNDA:0,System.DateTime ClinicManagement.Domain.Interfaces.Services.TimeSlotUpdateDto::get_SlotDate()
DA:42,0
FN:42,System.TimeSpan ClinicManagement.Domain.Interfaces.Services.TimeSlotUpdateDto::get_StartTime()
FNDA:0,System.TimeSpan ClinicManagement.Domain.Interfaces.Services.TimeSlotUpdateDto::get_StartTime()
DA:43,0
FN:43,System.TimeSpan ClinicManagement.Domain.Interfaces.Services.TimeSlotUpdateDto::get_EndTime()
FNDA:0,System.TimeSpan ClinicManagement.Domain.Interfaces.Services.TimeSlotUpdateDto::get_EndTime()
DA:44,0
FN:44,System.Boolean ClinicManagement.Domain.Interfaces.Services.TimeSlotUpdateDto::get_IsAvailable()
FNDA:0,System.Boolean ClinicManagement.Domain.Interfaces.Services.TimeSlotUpdateDto::get_IsAvailable()
DA:45,0
LF:19
LH:0
BRF:0
BRH:0
FNF:19
FNH:0
end_of_record
SF:/modernize-data/studio-data/TNT1001/APP1145/transformed-code/66/studio-workspace/API Backend Services/src/ClinicManagement.Domain/Entities/Appointment.cs
FN:7,System.Int32 ClinicManagement.Domain.Entities.Appointment::get_AppointmentID()
FNDA:10,System.Int32 ClinicManagement.Domain.Entities.Appointment::get_AppointmentID()
DA:8,10
FN:8,System.Int32 ClinicManagement.Domain.Entities.Appointment::get_PatientID()
FNDA:5,System.Int32 ClinicManagement.Domain.Entities.Appointment::get_PatientID()
DA:9,5
FN:9,System.Int32 ClinicManagement.Domain.Entities.Appointment::get_DoctorID()
FNDA:5,System.Int32 ClinicManagement.Domain.Entities.Appointment::get_DoctorID()
DA:10,5
FN:10,System.DateTime ClinicManagement.Domain.Entities.Appointment::get_AppointmentDate()
FNDA:5,System.DateTime ClinicManagement.Domain.Entities.Appointment::get_AppointmentDate()
DA:11,5
FN:11,System.Nullable`1<System.TimeSpan> ClinicManagement.Domain.Entities.Appointment::get_AppointmentTime()
FNDA:11,System.Nullable`1<System.TimeSpan> ClinicManagement.Domain.Entities.Appointment::get_AppointmentTime()
DA:12,11
FN:12,System.String ClinicManagement.Domain.Entities.Appointment::get_Status()
FNDA:49,System.String ClinicManagement.Domain.Entities.Appointment::get_Status()
DA:13,49
FN:13,System.String ClinicManagement.Domain.Entities.Appointment::get_Reason()
FNDA:7,System.String ClinicManagement.Domain.Entities.Appointment::get_Reason()
DA:14,7
FN:14,System.String ClinicManagement.Domain.Entities.Appointment::get_Diagnosis()
FNDA:7,System.String ClinicManagement.Domain.Entities.Appointment::get_Diagnosis()
DA:15,7
FN:15,System.String ClinicManagement.Domain.Entities.Appointment::get_Prescription()
FNDA:7,System.String ClinicManagement.Domain.Entities.Appointment::get_Prescription()
DA:16,7
FN:16,System.DateTime ClinicManagement.Domain.Entities.Appointment::get_CreatedDate()
FNDA:5,System.DateTime ClinicManagement.Domain.Entities.Appointment::get_CreatedDate()
DA:17,5
FN:17,System.Nullable`1<System.DateTime> ClinicManagement.Domain.Entities.Appointment::get_ModifiedDate()
FNDA:7,System.Nullable`1<System.DateTime> ClinicManagement.Domain.Entities.Appointment::get_ModifiedDate()
DA:18,7
FN:18,System.Boolean ClinicManagement.Domain.Entities.Appointment::get_IsActive()
FNDA:7,System.Boolean ClinicManagement.Domain.Entities.Appointment::get_IsActive()
DA:19,7
FN:21,ClinicManagement.Domain.Entities.Patient ClinicManagement.Domain.Entities.Appointment::get_Patient()
FNDA:6,ClinicManagement.Domain.Entities.Patient ClinicManagement.Domain.Entities.Appointment::get_Patient()
DA:22,6
FN:22,ClinicManagement.Domain.Entities.Doctor ClinicManagement.Domain.Entities.Appointment::get_Doctor()
FNDA:6,ClinicManagement.Domain.Entities.Doctor ClinicManagement.Domain.Entities.Appointment::get_Doctor()
DA:23,6
FN:23,ClinicManagement.Domain.Entities.Bill ClinicManagement.Domain.Entities.Appointment::get_Bill()
FNDA:6,ClinicManagement.Domain.Entities.Bill ClinicManagement.Domain.Entities.Appointment::get_Bill()
DA:24,6
LF:15
LH:15
BRF:0
BRH:0
FNF:15
FNH:15
end_of_record
SF:/modernize-data/studio-data/TNT1001/APP1145/transformed-code/66/studio-workspace/API Backend Services/src/ClinicManagement.Domain/Entities/Bill.cs
FN:7,System.Int32 ClinicManagement.Domain.Entities.Bill::get_BillID()
FNDA:8,System.Int32 ClinicManagement.Domain.Entities.Bill::get_BillID()
DA:8,8
FN:8,System.Int32 ClinicManagement.Domain.Entities.Bill::get_PatientID()
FNDA:5,System.Int32 ClinicManagement.Domain.Entities.Bill::get_PatientID()
DA:9,5
FN:9,System.Int32 ClinicManagement.Domain.Entities.Bill::get_AppointmentID()
FNDA:5,System.Int32 ClinicManagement.Domain.Entities.Bill::get_AppointmentID()
DA:10,5
FN:10,System.Decimal ClinicManagement.Domain.Entities.Bill::get_Amount()
FNDA:14,System.Decimal ClinicManagement.Domain.Entities.Bill::get_Amount()
DA:11,14
FN:11,System.DateTime ClinicManagement.Domain.Entities.Bill::get_BillDate()
FNDA:9,System.DateTime ClinicManagement.Domain.Entities.Bill::get_BillDate()
DA:12,9
FN:12,System.String ClinicManagement.Domain.Entities.Bill::get_Status()
FNDA:44,System.String ClinicManagement.Domain.Entities.Bill::get_Status()
DA:13,44
FN:13,System.String ClinicManagement.Domain.Entities.Bill::get_Description()
FNDA:9,System.String ClinicManagement.Domain.Entities.Bill::get_Description()
DA:14,9
FN:14,System.DateTime ClinicManagement.Domain.Entities.Bill::get_CreatedDate()
FNDA:5,System.DateTime ClinicManagement.Domain.Entities.Bill::get_CreatedDate()
DA:15,5
FN:15,System.Nullable`1<System.DateTime> ClinicManagement.Domain.Entities.Bill::get_ModifiedDate()
FNDA:7,System.Nullable`1<System.DateTime> ClinicManagement.Domain.Entities.Bill::get_ModifiedDate()
DA:16,7
FN:16,System.Boolean ClinicManagement.Domain.Entities.Bill::get_IsActive()
FNDA:7,System.Boolean ClinicManagement.Domain.Entities.Bill::get_IsActive()
DA:17,7
FN:19,ClinicManagement.Domain.Entities.Patient ClinicManagement.Domain.Entities.Bill::get_Patient()
FNDA:6,ClinicManagement.Domain.Entities.Patient ClinicManagement.Domain.Entities.Bill::get_Patient()
DA:20,6
FN:20,ClinicManagement.Domain.Entities.Appointment ClinicManagement.Domain.Entities.Bill::get_Appointment()
FNDA:6,ClinicManagement.Domain.Entities.Appointment ClinicManagement.Domain.Entities.Bill::get_Appointment()
DA:21,6
LF:12
LH:12
BRF:0
BRH:0
FNF:12
FNH:12
end_of_record
SF:/modernize-data/studio-data/TNT1001/APP1145/transformed-code/66/studio-workspace/API Backend Services/src/ClinicManagement.Domain/Entities/Department.cs
FN:7,System.Int32 ClinicManagement.Domain.Entities.Department::get_DepartmentID()
FNDA:10,System.Int32 ClinicManagement.Domain.Entities.Department::get_DepartmentID()
DA:8,10
FN:8,System.String ClinicManagement.Domain.Entities.Department::get_Name()
FNDA:27,System.String ClinicManagement.Domain.Entities.Department::get_Name()
DA:9,27
FN:9,System.String ClinicManagement.Domain.Entities.Department::get_Description()
FNDA:9,System.String ClinicManagement.Domain.Entities.Department::get_Description()
DA:10,9
FN:10,System.DateTime ClinicManagement.Domain.Entities.Department::get_CreatedDate()
FNDA:5,System.DateTime ClinicManagement.Domain.Entities.Department::get_CreatedDate()
DA:11,5
FN:11,System.Nullable`1<System.DateTime> ClinicManagement.Domain.Entities.Department::get_ModifiedDate()
FNDA:7,System.Nullable`1<System.DateTime> ClinicManagement.Domain.Entities.Department::get_ModifiedDate()
DA:12,7
FN:12,System.Boolean ClinicManagement.Domain.Entities.Department::get_IsActive()
FNDA:7,System.Boolean ClinicManagement.Domain.Entities.Department::get_IsActive()
DA:13,7
FN:15,System.Collections.Generic.ICollection`1<ClinicManagement.Domain.Entities.Doctor> ClinicManagement.Domain.Entities.Department::get_Doctors()
FNDA:31,System.Collections.Generic.ICollection`1<ClinicManagement.Domain.Entities.Doctor> ClinicManagement.Domain.Entities.Department::get_Doctors()
DA:16,31
LF:7
LH:7
BRF:0
BRH:0
FNF:7
FNH:7
end_of_record
SF:/modernize-data/studio-data/TNT1001/APP1145/transformed-code/66/studio-workspace/API Backend Services/src/ClinicManagement.Domain/Entities/Doctor.cs
FN:7,System.Int32 ClinicManagement.Domain.Entities.Doctor::get_DoctorID()
FNDA:12,System.Int32 ClinicManagement.Domain.Entities.Doctor::get_DoctorID()
DA:8,12
FN:8,System.String ClinicManagement.Domain.Entities.Doctor::get_Name()
FNDA:51,System.String ClinicManagement.Domain.Entities.Doctor::get_Name()
DA:9,51
FN:9,System.String ClinicManagement.Domain.Entities.Doctor::get_Email()
FNDA:46,System.String ClinicManagement.Domain.Entities.Doctor::get_Email()
DA:10,46
FN:10,System.String ClinicManagement.Domain.Entities.Doctor::get_Password()
FNDA:46,System.String ClinicManagement.Domain.Entities.Doctor::get_Password()
DA:11,46
FN:11,System.DateTime ClinicManagement.Domain.Entities.Doctor::get_BirthDate()
FNDA:5,System.DateTime ClinicManagement.Domain.Entities.Doctor::get_BirthDate()
DA:12,5
FN:12,System.Nullable`1<System.Int32> ClinicManagement.Domain.Entities.Doctor::get_DepartmentID()
FNDA:7,System.Nullable`1<System.Int32> ClinicManagement.Domain.Entities.Doctor::get_DepartmentID()
DA:13,7
FN:13,System.String ClinicManagement.Domain.Entities.Doctor::get_Phone()
FNDA:13,System.String ClinicManagement.Domain.Entities.Doctor::get_Phone()
DA:14,13
FN:14,System.String ClinicManagement.Domain.Entities.Doctor::get_Address()
FNDA:7,System.String ClinicManagement.Domain.Entities.Doctor::get_Address()
DA:15,7
FN:15,System.String ClinicManagement.Domain.Entities.Doctor::get_Specialization()
FNDA:54,System.String ClinicManagement.Domain.Entities.Doctor::get_Specialization()
DA:16,54
FN:16,System.DateTime ClinicManagement.Domain.Entities.Doctor::get_CreatedDate()
FNDA:5,System.DateTime ClinicManagement.Domain.Entities.Doctor::get_CreatedDate()
DA:17,5
FN:17,System.Nullable`1<System.DateTime> ClinicManagement.Domain.Entities.Doctor::get_ModifiedDate()
FNDA:7,System.Nullable`1<System.DateTime> ClinicManagement.Domain.Entities.Doctor::get_ModifiedDate()
DA:18,7
FN:18,System.Boolean ClinicManagement.Domain.Entities.Doctor::get_IsActive()
FNDA:7,System.Boolean ClinicManagement.Domain.Entities.Doctor::get_IsActive()
DA:19,7
FN:21,ClinicManagement.Domain.Entities.Department ClinicManagement.Domain.Entities.Doctor::get_Department()
FNDA:6,ClinicManagement.Domain.Entities.Department ClinicManagement.Domain.Entities.Doctor::get_Department()
DA:22,6
FN:22,System.Collections.Generic.ICollection`1<ClinicManagement.Domain.Entities.Appointment> ClinicManagement.Domain.Entities.Doctor::get_Appointments()
FNDA:51,System.Collections.Generic.ICollection`1<ClinicManagement.Domain.Entities.Appointment> ClinicManagement.Domain.Entities.Doctor::get_Appointments()
DA:23,51
FN:23,System.Collections.Generic.ICollection`1<ClinicManagement.Domain.Entities.TimeSlot> ClinicManagement.Domain.Entities.Doctor::get_TimeSlots()
FNDA:51,System.Collections.Generic.ICollection`1<ClinicManagement.Domain.Entities.TimeSlot> ClinicManagement.Domain.Entities.Doctor::get_TimeSlots()
DA:24,51
LF:15
LH:15
BRF:0
BRH:0
FNF:15
FNH:15
end_of_record
SF:/modernize-data/studio-data/TNT1001/APP1145/transformed-code/66/studio-workspace/API Backend Services/src/ClinicManagement.Domain/Entities/OtherStaff.cs
FN:7,System.Int32 ClinicManagement.Domain.Entities.OtherStaff::get_StaffID()
FNDA:9,System.Int32 ClinicManagement.Domain.Entities.OtherStaff::get_StaffID()
DA:8,9
FN:8,System.String ClinicManagement.Domain.Entities.OtherStaff::get_Name()
FNDA:31,System.String ClinicManagement.Domain.Entities.OtherStaff::get_Name()
DA:9,31
FN:9,System.String ClinicManagement.Domain.Entities.OtherStaff::get_Phone()
FNDA:15,System.String ClinicManagement.Domain.Entities.OtherStaff::get_Phone()
DA:10,15
FN:10,System.String ClinicManagement.Domain.Entities.OtherStaff::get_Address()
FNDA:7,System.String ClinicManagement.Domain.Entities.OtherStaff::get_Address()
DA:11,7
FN:11,System.String ClinicManagement.Domain.Entities.OtherStaff::get_Role()
FNDA:39,System.String ClinicManagement.Domain.Entities.OtherStaff::get_Role()
DA:12,39
FN:12,System.String ClinicManagement.Domain.Entities.OtherStaff::get_Email()
FNDA:31,System.String ClinicManagement.Domain.Entities.OtherStaff::get_Email()
DA:13,31
FN:13,System.String ClinicManagement.Domain.Entities.OtherStaff::get_Password()
FNDA:31,System.String ClinicManagement.Domain.Entities.OtherStaff::get_Password()
DA:14,31
FN:14,System.DateTime ClinicManagement.Domain.Entities.OtherStaff::get_CreatedDate()
FNDA:5,System.DateTime ClinicManagement.Domain.Entities.OtherStaff::get_CreatedDate()
DA:15,5
FN:15,System.Nullable`1<System.DateTime> ClinicManagement.Domain.Entities.OtherStaff::get_ModifiedDate()
FNDA:7,System.Nullable`1<System.DateTime> ClinicManagement.Domain.Entities.OtherStaff::get_ModifiedDate()
DA:16,7
FN:16,System.Boolean ClinicManagement.Domain.Entities.OtherStaff::get_IsActive()
FNDA:7,System.Boolean ClinicManagement.Domain.Entities.OtherStaff::get_IsActive()
DA:17,7
LF:10
LH:10
BRF:0
BRH:0
FNF:10
FNH:10
end_of_record
SF:/modernize-data/studio-data/TNT1001/APP1145/transformed-code/66/studio-workspace/API Backend Services/src/ClinicManagement.Domain/Entities/Patient.cs
FN:7,System.Int32 ClinicManagement.Domain.Entities.Patient::get_PatientID()
FNDA:7,System.Int32 ClinicManagement.Domain.Entities.Patient::get_PatientID()
DA:8,7
FN:8,System.String ClinicManagement.Domain.Entities.Patient::get_Name()
FNDA:31,System.String ClinicManagement.Domain.Entities.Patient::get_Name()
DA:9,31
FN:9,System.String ClinicManagement.Domain.Entities.Patient::get_Phone()
FNDA:7,System.String ClinicManagement.Domain.Entities.Patient::get_Phone()
DA:10,7
FN:10,System.String ClinicManagement.Domain.Entities.Patient::get_Address()
FNDA:7,System.String ClinicManagement.Domain.Entities.Patient::get_Address()
DA:11,7
FN:11,System.DateTime ClinicManagement.Domain.Entities.Patient::get_BirthDate()
FNDA:5,System.DateTime ClinicManagement.Domain.Entities.Patient::get_BirthDate()
DA:12,5
FN:12,System.String ClinicManagement.Domain.Entities.Patient::get_Gender()
FNDA:27,System.String ClinicManagement.Domain.Entities.Patient::get_Gender()
DA:13,27
FN:13,System.String ClinicManagement.Domain.Entities.Patient::get_Email()
FNDA:29,System.String ClinicManagement.Domain.Entities.Patient::get_Email()
DA:14,29
FN:14,System.String ClinicManagement.Domain.Entities.Patient::get_Password()
FNDA:27,System.String ClinicManagement.Domain.Entities.Patient::get_Password()
DA:15,27
FN:15,System.DateTime ClinicManagement.Domain.Entities.Patient::get_CreatedDate()
FNDA:5,System.DateTime ClinicManagement.Domain.Entities.Patient::get_CreatedDate()
DA:16,5
FN:16,System.Nullable`1<System.DateTime> ClinicManagement.Domain.Entities.Patient::get_ModifiedDate()
FNDA:7,System.Nullable`1<System.DateTime> ClinicManagement.Domain.Entities.Patient::get_ModifiedDate()
DA:17,7
FN:17,System.Boolean ClinicManagement.Domain.Entities.Patient::get_IsActive()
FNDA:5,System.Boolean ClinicManagement.Domain.Entities.Patient::get_IsActive()
DA:18,5
FN:20,System.Collections.Generic.ICollection`1<ClinicManagement.Domain.Entities.Appointment> ClinicManagement.Domain.Entities.Patient::get_Appointments()
FNDA:29,System.Collections.Generic.ICollection`1<ClinicManagement.Domain.Entities.Appointment> ClinicManagement.Domain.Entities.Patient::get_Appointments()
DA:21,29
LF:12
LH:12
BRF:0
BRH:0
FNF:12
FNH:12
end_of_record
SF:/modernize-data/studio-data/TNT1001/APP1145/transformed-code/66/studio-workspace/API Backend Services/src/ClinicManagement.Domain/Entities/TimeSlot.cs
FN:7,System.Int32 ClinicManagement.Domain.Entities.TimeSlot::get_TimeSlotID()
FNDA:10,System.Int32 ClinicManagement.Domain.Entities.TimeSlot::get_TimeSlotID()
DA:8,10
FN:8,System.Int32 ClinicManagement.Domain.Entities.TimeSlot::get_DoctorID()
FNDA:7,System.Int32 ClinicManagement.Domain.Entities.TimeSlot::get_DoctorID()
DA:9,7
FN:9,System.DateTime ClinicManagement.Domain.Entities.TimeSlot::get_SlotDate()
FNDA:9,System.DateTime ClinicManagement.Domain.Entities.TimeSlot::get_SlotDate()
DA:10,9
FN:10,System.TimeSpan ClinicManagement.Domain.Entities.TimeSlot::get_StartTime()
FNDA:11,System.TimeSpan ClinicManagement.Domain.Entities.TimeSlot::get_StartTime()
DA:11,11
FN:11,System.TimeSpan ClinicManagement.Domain.Entities.TimeSlot::get_EndTime()
FNDA:9,System.TimeSpan ClinicManagement.Domain.Entities.TimeSlot::get_EndTime()
DA:12,9
FN:12,System.Boolean ClinicManagement.Domain.Entities.TimeSlot::get_IsAvailable()
FNDA:7,System.Boolean ClinicManagement.Domain.Entities.TimeSlot::get_IsAvailable()
DA:13,7
FN:13,System.DateTime ClinicManagement.Domain.Entities.TimeSlot::get_CreatedDate()
FNDA:5,System.DateTime ClinicManagement.Domain.Entities.TimeSlot::get_CreatedDate()
DA:14,5
FN:14,System.Nullable`1<System.DateTime> ClinicManagement.Domain.Entities.TimeSlot::get_ModifiedDate()
FNDA:7,System.Nullable`1<System.DateTime> ClinicManagement.Domain.Entities.TimeSlot::get_ModifiedDate()
DA:15,7
FN:15,System.Boolean ClinicManagement.Domain.Entities.TimeSlot::get_IsActive()
FNDA:7,System.Boolean ClinicManagement.Domain.Entities.TimeSlot::get_IsActive()
DA:16,7
FN:18,ClinicManagement.Domain.Entities.Doctor ClinicManagement.Domain.Entities.TimeSlot::get_Doctor()
FNDA:6,ClinicManagement.Domain.Entities.Doctor ClinicManagement.Domain.Entities.TimeSlot::get_Doctor()
DA:19,6
LF:10
LH:10
BRF:0
BRH:0
FNF:10
FNH:10
end_of_record