SF:/modernize-data/studio-data/TNT1001/APP242299/transformed-code/15/studio-workspace/FullApp/src/ClinicManagement.Application/DTOs/AppointmentDto.cs
FN:7,System.Int32 ClinicManagement.Application.DTOs.AppointmentDto::get_Id()
FNDA:0,System.Int32 ClinicManagement.Application.DTOs.AppointmentDto::get_Id()
DA:8,0
FN:8,System.Int32 ClinicManagement.Application.DTOs.AppointmentDto::get_PatientId()
FNDA:0,System.Int32 ClinicManagement.Application.DTOs.AppointmentDto::get_PatientId()
DA:9,0
FN:9,System.String ClinicManagement.Application.DTOs.AppointmentDto::get_PatientName()
FNDA:0,System.String ClinicManagement.Application.DTOs.AppointmentDto::get_PatientName()
DA:10,0
FN:10,System.Int32 ClinicManagement.Application.DTOs.AppointmentDto::get_DoctorId()
FNDA:0,System.Int32 ClinicManagement.Application.DTOs.AppointmentDto::get_DoctorId()
DA:11,0
FN:11,System.String ClinicManagement.Application.DTOs.AppointmentDto::get_DoctorName()
FNDA:0,System.String ClinicManagement.Application.DTOs.AppointmentDto::get_DoctorName()
DA:12,0
FN:12,System.DateTime ClinicManagement.Application.DTOs.AppointmentDto::get_AppointmentDate()
FNDA:0,System.DateTime ClinicManagement.Application.DTOs.AppointmentDto::get_AppointmentDate()
DA:13,0
FN:13,System.String ClinicManagement.Application.DTOs.AppointmentDto::get_TimeSlot()
FNDA:0,System.String ClinicManagement.Application.DTOs.AppointmentDto::get_TimeSlot()
DA:14,0
FN:14,System.String ClinicManagement.Application.DTOs.AppointmentDto::get_Status()
FNDA:0,System.String ClinicManagement.Application.DTOs.AppointmentDto::get_Status()
DA:15,0
FN:15,System.String ClinicManagement.Application.DTOs.AppointmentDto::get_Disease()
FNDA:0,System.String ClinicManagement.Application.DTOs.AppointmentDto::get_Disease()
DA:16,0
FN:16,System.String ClinicManagement.Application.DTOs.AppointmentDto::get_Progress()
FNDA:0,System.String ClinicManagement.Application.DTOs.AppointmentDto::get_Progress()
DA:17,0
FN:17,System.String ClinicManagement.Application.DTOs.AppointmentDto::get_Prescription()
FNDA:0,System.String ClinicManagement.Application.DTOs.AppointmentDto::get_Prescription()
DA:18,0
FN:18,System.Boolean ClinicManagement.Application.DTOs.AppointmentDto::get_IsPaid()
FNDA:0,System.Boolean ClinicManagement.Application.DTOs.AppointmentDto::get_IsPaid()
DA:19,0
FN:19,System.Nullable`1<System.Decimal> ClinicManagement.Application.DTOs.AppointmentDto::get_BillAmount()
FNDA:0,System.Nullable`1<System.Decimal> ClinicManagement.Application.DTOs.AppointmentDto::get_BillAmount()
DA:20,0
FN:24,System.Int32 ClinicManagement.Application.DTOs.AppointmentCreateDto::get_PatientId()
FNDA:0,System.Int32 ClinicManagement.Application.DTOs.AppointmentCreateDto::get_PatientId()
DA:25,0
FN:25,System.Int32 ClinicManagement.Application.DTOs.AppointmentCreateDto::get_DoctorId()
FNDA:0,System.Int32 ClinicManagement.Application.DTOs.AppointmentCreateDto::get_DoctorId()
DA:26,0
FN:26,System.DateTime ClinicManagement.Application.DTOs.AppointmentCreateDto::get_AppointmentDate()
FNDA:0,System.DateTime ClinicManagement.Application.DTOs.AppointmentCreateDto::get_AppointmentDate()
DA:27,0
FN:27,System.String ClinicManagement.Application.DTOs.AppointmentCreateDto::get_TimeSlot()
FNDA:0,System.String ClinicManagement.Application.DTOs.AppointmentCreateDto::get_TimeSlot()
DA:28,0
FN:32,System.String ClinicManagement.Application.DTOs.AppointmentUpdateDto::get_Status()
FNDA:0,System.String ClinicManagement.Application.DTOs.AppointmentUpdateDto::get_Status()
DA:33,0
FN:33,System.String ClinicManagement.Application.DTOs.AppointmentUpdateDto::get_Disease()
FNDA:0,System.String ClinicManagement.Application.DTOs.AppointmentUpdateDto::get_Disease()
DA:34,0
FN:34,System.String ClinicManagement.Application.DTOs.AppointmentUpdateDto::get_Progress()
FNDA:0,System.String ClinicManagement.Application.DTOs.AppointmentUpdateDto::get_Progress()
DA:35,0
FN:35,System.String ClinicManagement.Application.DTOs.AppointmentUpdateDto::get_Prescription()
FNDA:0,System.String ClinicManagement.Application.DTOs.AppointmentUpdateDto::get_Prescription()
DA:36,0
FN:36,System.Boolean ClinicManagement.Application.DTOs.AppointmentUpdateDto::get_IsPaid()
FNDA:0,System.Boolean ClinicManagement.Application.DTOs.AppointmentUpdateDto::get_IsPaid()
DA:37,0
FN:37,System.Nullable`1<System.Decimal> ClinicManagement.Application.DTOs.AppointmentUpdateDto::get_BillAmount()
FNDA:0,System.Nullable`1<System.Decimal> ClinicManagement.Application.DTOs.AppointmentUpdateDto::get_BillAmount()
DA:38,0
LF:23
LH:0
BRF:0
BRH:0
FNF:23
FNH:0
end_of_record
SF:/modernize-data/studio-data/TNT1001/APP242299/transformed-code/15/studio-workspace/FullApp/src/ClinicManagement.Application/DTOs/DoctorDto.cs
FN:7,System.Int32 ClinicManagement.Application.DTOs.DoctorDto::get_Id()
FNDA:0,System.Int32 ClinicManagement.Application.DTOs.DoctorDto::get_Id()
DA:8,0
FN:8,System.String ClinicManagement.Application.DTOs.DoctorDto::get_Name()
FNDA:0,System.String ClinicManagement.Application.DTOs.DoctorDto::get_Name()
DA:9,0
FN:9,System.String ClinicManagement.Application.DTOs.DoctorDto::get_Email()
FNDA:0,System.String ClinicManagement.Application.DTOs.DoctorDto::get_Email()
DA:10,0
FN:10,System.String ClinicManagement.Application.DTOs.DoctorDto::get_Phone()
FNDA:0,System.String ClinicManagement.Application.DTOs.DoctorDto::get_Phone()
DA:11,0
FN:11,System.String ClinicManagement.Application.DTOs.DoctorDto::get_Address()
FNDA:0,System.String ClinicManagement.Application.DTOs.DoctorDto::get_Address()
DA:12,0
FN:12,System.DateTime ClinicManagement.Application.DTOs.DoctorDto::get_BirthDate()
FNDA:0,System.DateTime ClinicManagement.Application.DTOs.DoctorDto::get_BirthDate()
DA:13,0
FN:13,System.String ClinicManagement.Application.DTOs.DoctorDto::get_Gender()
FNDA:0,System.String ClinicManagement.Application.DTOs.DoctorDto::get_Gender()
DA:14,0
FN:14,System.Int32 ClinicManagement.Application.DTOs.DoctorDto::get_DepartmentId()
FNDA:0,System.Int32 ClinicManagement.Application.DTOs.DoctorDto::get_DepartmentId()
DA:15,0
FN:15,System.String ClinicManagement.Application.DTOs.DoctorDto::get_DepartmentName()
FNDA:0,System.String ClinicManagement.Application.DTOs.DoctorDto::get_DepartmentName()
DA:16,0
FN:16,System.Int32 ClinicManagement.Application.DTOs.DoctorDto::get_Experience()
FNDA:0,System.Int32 ClinicManagement.Application.DTOs.DoctorDto::get_Experience()
DA:17,0
FN:17,System.Decimal ClinicManagement.Application.DTOs.DoctorDto::get_Salary()
FNDA:0,System.Decimal ClinicManagement.Application.DTOs.DoctorDto::get_Salary()
DA:18,0
FN:18,System.Decimal ClinicManagement.Application.DTOs.DoctorDto::get_ChargesPerVisit()
FNDA:0,System.Decimal ClinicManagement.Application.DTOs.DoctorDto::get_ChargesPerVisit()
DA:19,0
FN:19,System.String ClinicManagement.Application.DTOs.DoctorDto::get_Qualification()
FNDA:0,System.String ClinicManagement.Application.DTOs.DoctorDto::get_Qualification()
DA:20,0
FN:20,System.String ClinicManagement.Application.DTOs.DoctorDto::get_Specialization()
FNDA:0,System.String ClinicManagement.Application.DTOs.DoctorDto::get_Specialization()
DA:21,0
FN:21,System.Single ClinicManagement.Application.DTOs.DoctorDto::get_ReputationIndex()
FNDA:0,System.Single ClinicManagement.Application.DTOs.DoctorDto::get_ReputationIndex()
DA:22,0
FN:22,System.Int32 ClinicManagement.Application.DTOs.DoctorDto::get_PatientsTreated()
FNDA:0,System.Int32 ClinicManagement.Application.DTOs.DoctorDto::get_PatientsTreated()
DA:23,0
FN:23,System.Int32 ClinicManagement.Application.DTOs.DoctorDto::get_Age()
FNDA:0,System.Int32 ClinicManagement.Application.DTOs.DoctorDto::get_Age()
DA:24,0
FN:24,System.Boolean ClinicManagement.Application.DTOs.DoctorDto::get_IsActive()
FNDA:0,System.Boolean ClinicManagement.Application.DTOs.DoctorDto::get_IsActive()
DA:25,0
FN:29,System.String ClinicManagement.Application.DTOs.DoctorCreateDto::get_Name()
FNDA:0,System.String ClinicManagement.Application.DTOs.DoctorCreateDto::get_Name()
DA:30,0
FN:30,System.String ClinicManagement.Application.DTOs.DoctorCreateDto::get_Email()
FNDA:0,System.String ClinicManagement.Application.DTOs.DoctorCreateDto::get_Email()
DA:31,0
FN:31,System.String ClinicManagement.Application.DTOs.DoctorCreateDto::get_Password()
FNDA:0,System.String ClinicManagement.Application.DTOs.DoctorCreateDto::get_Password()
DA:32,0
FN:32,System.String ClinicManagement.Application.DTOs.DoctorCreateDto::get_Phone()
FNDA:0,System.String ClinicManagement.Application.DTOs.DoctorCreateDto::get_Phone()
DA:33,0
FN:33,System.String ClinicManagement.Application.DTOs.DoctorCreateDto::get_Address()
FNDA:0,System.String ClinicManagement.Application.DTOs.DoctorCreateDto::get_Address()
DA:34,0
FN:34,System.DateTime ClinicManagement.Application.DTOs.DoctorCreateDto::get_BirthDate()
FNDA:0,System.DateTime ClinicManagement.Application.DTOs.DoctorCreateDto::get_BirthDate()
DA:35,0
FN:35,System.String ClinicManagement.Application.DTOs.DoctorCreateDto::get_Gender()
FNDA:0,System.String ClinicManagement.Application.DTOs.DoctorCreateDto::get_Gender()
DA:36,0
FN:36,System.Int32 ClinicManagement.Application.DTOs.DoctorCreateDto::get_DepartmentId()
FNDA:0,System.Int32 ClinicManagement.Application.DTOs.DoctorCreateDto::get_DepartmentId()
DA:37,0
FN:37,System.Int32 ClinicManagement.Application.DTOs.DoctorCreateDto::get_Experience()
FNDA:0,System.Int32 ClinicManagement.Application.DTOs.DoctorCreateDto::get_Experience()
DA:38,0
FN:38,System.Decimal ClinicManagement.Application.DTOs.DoctorCreateDto::get_Salary()
FNDA:0,System.Decimal ClinicManagement.Application.DTOs.DoctorCreateDto::get_Salary()
DA:39,0
FN:39,System.Decimal ClinicManagement.Application.DTOs.DoctorCreateDto::get_ChargesPerVisit()
FNDA:0,System.Decimal ClinicManagement.Application.DTOs.DoctorCreateDto::get_ChargesPerVisit()
DA:40,0
FN:40,System.String ClinicManagement.Application.DTOs.DoctorCreateDto::get_Qualification()
FNDA:0,System.String ClinicManagement.Application.DTOs.DoctorCreateDto::get_Qualification()
DA:41,0
FN:41,System.String ClinicManagement.Application.DTOs.DoctorCreateDto::get_Specialization()
FNDA:0,System.String ClinicManagement.Application.DTOs.DoctorCreateDto::get_Specialization()
DA:42,0
FN:46,System.String ClinicManagement.Application.DTOs.DoctorUpdateDto::get_Name()
FNDA:0,System.String ClinicManagement.Application.DTOs.DoctorUpdateDto::get_Name()
DA:47,0
FN:47,System.String ClinicManagement.Application.DTOs.DoctorUpdateDto::get_Phone()
FNDA:0,System.String ClinicManagement.Application.DTOs.DoctorUpdateDto::get_Phone()
DA:48,0
FN:48,System.String ClinicManagement.Application.DTOs.DoctorUpdateDto::get_Address()
FNDA:0,System.String ClinicManagement.Application.DTOs.DoctorUpdateDto::get_Address()
DA:49,0
FN:49,System.Int32 ClinicManagement.Application.DTOs.DoctorUpdateDto::get_DepartmentId()
FNDA:0,System.Int32 ClinicManagement.Application.DTOs.DoctorUpdateDto::get_DepartmentId()
DA:50,0
FN:50,System.Int32 ClinicManagement.Application.DTOs.DoctorUpdateDto::get_Experience()
FNDA:0,System.Int32 ClinicManagement.Application.DTOs.DoctorUpdateDto::get_Experience()
DA:51,0
FN:51,System.Decimal ClinicManagement.Application.DTOs.DoctorUpdateDto::get_Salary()
FNDA:0,System.Decimal ClinicManagement.Application.DTOs.DoctorUpdateDto::get_Salary()
DA:52,0
FN:52,System.Decimal ClinicManagement.Application.DTOs.DoctorUpdateDto::get_ChargesPerVisit()
FNDA:0,System.Decimal ClinicManagement.Application.DTOs.DoctorUpdateDto::get_ChargesPerVisit()
DA:53,0
FN:53,System.String ClinicManagement.Application.DTOs.DoctorUpdateDto::get_Qualification()
FNDA:0,System.String ClinicManagement.Application.DTOs.DoctorUpdateDto::get_Qualification()
DA:54,0
FN:54,System.String ClinicManagement.Application.DTOs.DoctorUpdateDto::get_Specialization()
FNDA:0,System.String ClinicManagement.Application.DTOs.DoctorUpdateDto::get_Specialization()
DA:55,0
FN:59,System.String ClinicManagement.Application.DTOs.DoctorLoginDto::get_Email()
FNDA:0,System.String ClinicManagement.Application.DTOs.DoctorLoginDto::get_Email()
DA:60,0
FN:60,System.String ClinicManagement.Application.DTOs.DoctorLoginDto::get_Password()
FNDA:0,System.String ClinicManagement.Application.DTOs.DoctorLoginDto::get_Password()
DA:61,0
LF:42
LH:0
BRF:0
BRH:0
FNF:42
FNH:0
end_of_record
SF:/modernize-data/studio-data/TNT1001/APP242299/transformed-code/15/studio-workspace/FullApp/src/ClinicManagement.Application/DTOs/PatientDto.cs
FN:7,System.Int32 ClinicManagement.Application.DTOs.PatientDto::get_Id()
FNDA:0,System.Int32 ClinicManagement.Application.DTOs.PatientDto::get_Id()
DA:8,0
FN:8,System.String ClinicManagement.Application.DTOs.PatientDto::get_Name()
FNDA:0,System.String ClinicManagement.Application.DTOs.PatientDto::get_Name()
DA:9,0
FN:9,System.String ClinicManagement.Application.DTOs.PatientDto::get_Email()
FNDA:0,System.String ClinicManagement.Application.DTOs.PatientDto::get_Email()
DA:10,0
FN:10,System.String ClinicManagement.Application.DTOs.PatientDto::get_Phone()
FNDA:0,System.String ClinicManagement.Application.DTOs.PatientDto::get_Phone()
DA:11,0
FN:11,System.String ClinicManagement.Application.DTOs.PatientDto::get_Address()
FNDA:0,System.String ClinicManagement.Application.DTOs.PatientDto::get_Address()
DA:12,0
FN:12,System.DateTime ClinicManagement.Application.DTOs.PatientDto::get_BirthDate()
FNDA:0,System.DateTime ClinicManagement.Application.DTOs.PatientDto::get_BirthDate()
DA:13,0
FN:13,System.String ClinicManagement.Application.DTOs.PatientDto::get_Gender()
FNDA:0,System.String ClinicManagement.Application.DTOs.PatientDto::get_Gender()
DA:14,0
FN:14,System.Int32 ClinicManagement.Application.DTOs.PatientDto::get_Age()
FNDA:0,System.Int32 ClinicManagement.Application.DTOs.PatientDto::get_Age()
DA:15,0
FN:15,System.Boolean ClinicManagement.Application.DTOs.PatientDto::get_IsActive()
FNDA:0,System.Boolean ClinicManagement.Application.DTOs.PatientDto::get_IsActive()
DA:16,0
FN:20,System.String ClinicManagement.Application.DTOs.PatientCreateDto::get_Name()
FNDA:0,System.String ClinicManagement.Application.DTOs.PatientCreateDto::get_Name()
DA:21,0
FN:21,System.String ClinicManagement.Application.DTOs.PatientCreateDto::get_Email()
FNDA:0,System.String ClinicManagement.Application.DTOs.PatientCreateDto::get_Email()
DA:22,0
FN:22,System.String ClinicManagement.Application.DTOs.PatientCreateDto::get_Password()
FNDA:0,System.String ClinicManagement.Application.DTOs.PatientCreateDto::get_Password()
DA:23,0
FN:23,System.String ClinicManagement.Application.DTOs.PatientCreateDto::get_Phone()
FNDA:0,System.String ClinicManagement.Application.DTOs.PatientCreateDto::get_Phone()
DA:24,0
FN:24,System.String ClinicManagement.Application.DTOs.PatientCreateDto::get_Address()
FNDA:0,System.String ClinicManagement.Application.DTOs.PatientCreateDto::get_Address()
DA:25,0
FN:25,System.DateTime ClinicManagement.Application.DTOs.PatientCreateDto::get_BirthDate()
FNDA:0,System.DateTime ClinicManagement.Application.DTOs.PatientCreateDto::get_BirthDate()
DA:26,0
FN:26,System.String ClinicManagement.Application.DTOs.PatientCreateDto::get_Gender()
FNDA:0,System.String ClinicManagement.Application.DTOs.PatientCreateDto::get_Gender()
DA:27,0
FN:31,System.String ClinicManagement.Application.DTOs.PatientUpdateDto::get_Name()
FNDA:0,System.String ClinicManagement.Application.DTOs.PatientUpdateDto::get_Name()
DA:32,0
FN:32,System.String ClinicManagement.Application.DTOs.PatientUpdateDto::get_Phone()
FNDA:0,System.String ClinicManagement.Application.DTOs.PatientUpdateDto::get_Phone()
DA:33,0
FN:33,System.String ClinicManagement.Application.DTOs.PatientUpdateDto::get_Address()
FNDA:0,System.String ClinicManagement.Application.DTOs.PatientUpdateDto::get_Address()
DA:34,0
FN:34,System.DateTime ClinicManagement.Application.DTOs.PatientUpdateDto::get_BirthDate()
FNDA:0,System.DateTime ClinicManagement.Application.DTOs.PatientUpdateDto::get_BirthDate()
DA:35,0
FN:35,System.String ClinicManagement.Application.DTOs.PatientUpdateDto::get_Gender()
FNDA:0,System.String ClinicManagement.Application.DTOs.PatientUpdateDto::get_Gender()
DA:36,0
FN:40,System.String ClinicManagement.Application.DTOs.PatientLoginDto::get_Email()
FNDA:0,System.String ClinicManagement.Application.DTOs.PatientLoginDto::get_Email()
DA:41,0
FN:41,System.String ClinicManagement.Application.DTOs.PatientLoginDto::get_Password()
FNDA:0,System.String ClinicManagement.Application.DTOs.PatientLoginDto::get_Password()
DA:42,0
LF:23
LH:0
BRF:0
BRH:0
FNF:23
FNH:0
end_of_record
SF:/modernize-data/studio-data/TNT1001/APP242299/transformed-code/15/studio-workspace/FullApp/src/ClinicManagement.Infrastructure/Repositories/AppointmentRepository.cs
FN:13,System.Void ClinicManagement.Infrastructure.Repositories.AppointmentRepository::.ctor(ClinicManagement.Infrastructure.Data.ClinicDbContext,Microsoft.Extensions.Logging.ILogger`1<ClinicManagement.Infrastructure.Repositories.AppointmentRepository>)
FNDA:0,System.Void ClinicManagement.Infrastructure.Repositories.AppointmentRepository::.ctor(ClinicManagement.Infrastructure.Data.ClinicDbContext,Microsoft.Extensions.Logging.ILogger`1<ClinicManagement.Infrastructure.Repositories.AppointmentRepository>)
DA:14,0
DA:15,0
DA:16,0
DA:17,0
DA:18,0
BRDA:16,11,0,0
BRDA:16,11,1,0
BRDA:17,33,0,0
BRDA:17,33,1,0
FN:39,System.Void ClinicManagement.Infrastructure.Repositories.AppointmentRepository/<AddAsync>d__5::MoveNext()
FNDA:0,System.Void ClinicManagement.Infrastructure.Repositories.AppointmentRepository/<AddAsync>d__5::MoveNext()
DA:40,0
DA:41,0
DA:42,0
DA:43,0
DA:44,0
FN:122,System.Void ClinicManagement.Infrastructure.Repositories.AppointmentRepository/<ApproveAppointmentAsync>d__15::MoveNext()
FNDA:0,System.Void ClinicManagement.Infrastructure.Repositories.AppointmentRepository/<ApproveAppointmentAsync>d__15::MoveNext()
DA:123,0
DA:124,0
DA:125,0
DA:126,0
DA:127,0
DA:128,0
DA:129,0
DA:130,0
BRDA:125,203,0,0
BRDA:125,203,1,0
FN:52,System.Void ClinicManagement.Infrastructure.Repositories.AppointmentRepository/<DeleteAsync>d__7::MoveNext()
FNDA:0,System.Void ClinicManagement.Infrastructure.Repositories.AppointmentRepository/<DeleteAsync>d__7::MoveNext()
DA:53,0
DA:54,0
DA:55,0
DA:56,0
DA:57,0
DA:58,0
DA:59,0
DA:60,0
BRDA:55,203,0,0
BRDA:55,203,1,0
FN:62,System.Void ClinicManagement.Infrastructure.Repositories.AppointmentRepository/<ExistsAsync>d__8::MoveNext()
FNDA:0,System.Void ClinicManagement.Infrastructure.Repositories.AppointmentRepository/<ExistsAsync>d__8::MoveNext()
DA:63,0
DA:64,0
DA:65,0
FN:20,System.Void ClinicManagement.Infrastructure.Repositories.AppointmentRepository/<GetAllAsync>d__3::MoveNext()
FNDA:0,System.Void ClinicManagement.Infrastructure.Repositories.AppointmentRepository/<GetAllAsync>d__3::MoveNext()
DA:21,0
DA:22,0
DA:23,0
DA:24,0
DA:25,0
DA:26,0
DA:27,0
DA:28,0
FN:114,System.Void ClinicManagement.Infrastructure.Repositories.AppointmentRepository/<GetAvailableSlotsAsync>d__14::MoveNext()
FNDA:0,System.Void ClinicManagement.Infrastructure.Repositories.AppointmentRepository/<GetAvailableSlotsAsync>d__14::MoveNext()
DA:115,0
DA:116,0
DA:117,0
DA:118,0
DA:119,0
DA:120,0
FN:76,System.Void ClinicManagement.Infrastructure.Repositories.AppointmentRepository/<GetByDoctorIdAsync>d__10::MoveNext()
FNDA:0,System.Void ClinicManagement.Infrastructure.Repositories.AppointmentRepository/<GetByDoctorIdAsync>d__10::MoveNext()
DA:77,0
DA:78,0
DA:79,0
DA:80,0
DA:81,0
DA:82,0
DA:83,0
FN:30,System.Void ClinicManagement.Infrastructure.Repositories.AppointmentRepository/<GetByIdAsync>d__4::MoveNext()
FNDA:0,System.Void ClinicManagement.Infrastructure.Repositories.AppointmentRepository/<GetByIdAsync>d__4::MoveNext()
DA:31,0
DA:32,0
DA:33,0
DA:34,0
DA:35,0
DA:36,0
DA:37,0
FN:67,System.Void ClinicManagement.Infrastructure.Repositories.AppointmentRepository/<GetByPatientIdAsync>d__9::MoveNext()
FNDA:0,System.Void ClinicManagement.Infrastructure.Repositories.AppointmentRepository/<GetByPatientIdAsync>d__9::MoveNext()
DA:68,0
DA:69,0
DA:70,0
DA:71,0
DA:72,0
DA:73,0
DA:74,0
FN:104,System.Void ClinicManagement.Infrastructure.Repositories.AppointmentRepository/<GetCurrentAppointmentByPatientIdAsync>d__13::MoveNext()
FNDA:0,System.Void ClinicManagement.Infrastructure.Repositories.AppointmentRepository/<GetCurrentAppointmentByPatientIdAsync>d__13::MoveNext()
DA:105,0
DA:106,0
DA:107,0
DA:108,0
DA:109,0
DA:110,0
DA:111,0
DA:112,0
FN:85,System.Void ClinicManagement.Infrastructure.Repositories.AppointmentRepository/<GetPendingByDoctorIdAsync>d__11::MoveNext()
FNDA:0,System.Void ClinicManagement.Infrastructure.Repositories.AppointmentRepository/<GetPendingByDoctorIdAsync>d__11::MoveNext()
DA:86,0
DA:87,0
DA:88,0
DA:89,0
DA:90,0
DA:91,0
DA:92,0
FN:94,System.Void ClinicManagement.Infrastructure.Repositories.AppointmentRepository/<GetTodaysByDoctorIdAsync>d__12::MoveNext()
FNDA:0,System.Void ClinicManagement.Infrastructure.Repositories.AppointmentRepository/<GetTodaysByDoctorIdAsync>d__12::MoveNext()
DA:95,0
DA:96,0
DA:97,0
DA:98,0
DA:99,0
DA:100,0
DA:101,0
DA:102,0
FN:46,System.Void ClinicManagement.Infrastructure.Repositories.AppointmentRepository/<UpdateAsync>d__6::MoveNext()
FNDA:0,System.Void ClinicManagement.Infrastructure.Repositories.AppointmentRepository/<UpdateAsync>d__6::MoveNext()
DA:47,0
DA:48,0
DA:49,0
DA:50,0
LF:91
LH:0
BRF:8
BRH:0
FNF:14
FNH:0
end_of_record
SF:/modernize-data/studio-data/TNT1001/APP242299/transformed-code/15/studio-workspace/FullApp/src/ClinicManagement.Infrastructure/Repositories/DepartmentRepository.cs
FN:13,System.Void ClinicManagement.Infrastructure.Repositories.DepartmentRepository::.ctor(ClinicManagement.Infrastructure.Data.ClinicDbContext,Microsoft.Extensions.Logging.ILogger`1<ClinicManagement.Infrastructure.Repositories.DepartmentRepository>)
FNDA:0,System.Void ClinicManagement.Infrastructure.Repositories.DepartmentRepository::.ctor(ClinicManagement.Infrastructure.Data.ClinicDbContext,Microsoft.Extensions.Logging.ILogger`1<ClinicManagement.Infrastructure.Repositories.DepartmentRepository>)
DA:14,0
DA:15,0
DA:16,0
DA:17,0
DA:18,0
BRDA:16,11,0,0
BRDA:16,11,1,0
BRDA:17,33,0,0
BRDA:17,33,1,0
FN:35,System.Void ClinicManagement.Infrastructure.Repositories.DepartmentRepository/<AddAsync>d__5::MoveNext()
FNDA:0,System.Void ClinicManagement.Infrastructure.Repositories.DepartmentRepository/<AddAsync>d__5::MoveNext()
DA:36,0
DA:37,0
DA:38,0
DA:39,0
DA:40,0
FN:48,System.Void ClinicManagement.Infrastructure.Repositories.DepartmentRepository/<DeleteAsync>d__7::MoveNext()
FNDA:0,System.Void ClinicManagement.Infrastructure.Repositories.DepartmentRepository/<DeleteAsync>d__7::MoveNext()
DA:49,0
DA:50,0
DA:51,0
DA:52,0
DA:53,0
DA:54,0
DA:55,0
DA:56,0
BRDA:51,203,0,0
BRDA:51,203,1,0
FN:58,System.Void ClinicManagement.Infrastructure.Repositories.DepartmentRepository/<ExistsAsync>d__8::MoveNext()
FNDA:0,System.Void ClinicManagement.Infrastructure.Repositories.DepartmentRepository/<ExistsAsync>d__8::MoveNext()
DA:59,0
DA:60,0
DA:61,0
FN:20,System.Void ClinicManagement.Infrastructure.Repositories.DepartmentRepository/<GetAllAsync>d__3::MoveNext()
FNDA:0,System.Void ClinicManagement.Infrastructure.Repositories.DepartmentRepository/<GetAllAsync>d__3::MoveNext()
DA:21,0
DA:22,0
DA:23,0
DA:24,0
DA:25,0
DA:26,0
FN:28,System.Void ClinicManagement.Infrastructure.Repositories.DepartmentRepository/<GetByIdAsync>d__4::MoveNext()
FNDA:0,System.Void ClinicManagement.Infrastructure.Repositories.DepartmentRepository/<GetByIdAsync>d__4::MoveNext()
DA:29,0
DA:30,0
DA:31,0
DA:32,0
DA:33,0
FN:63,System.Void ClinicManagement.Infrastructure.Repositories.DepartmentRepository/<SearchAsync>d__9::MoveNext()
FNDA:0,System.Void ClinicManagement.Infrastructure.Repositories.DepartmentRepository/<SearchAsync>d__9::MoveNext()
DA:64,0
DA:65,0
DA:66,0
DA:67,0
DA:68,0
DA:69,0
FN:42,System.Void ClinicManagement.Infrastructure.Repositories.DepartmentRepository/<UpdateAsync>d__6::MoveNext()
FNDA:0,System.Void ClinicManagement.Infrastructure.Repositories.DepartmentRepository/<UpdateAsync>d__6::MoveNext()
DA:43,0
DA:44,0
DA:45,0
DA:46,0
LF:42
LH:0
BRF:6
BRH:0
FNF:8
FNH:0
end_of_record
SF:/modernize-data/studio-data/TNT1001/APP242299/transformed-code/15/studio-workspace/FullApp/src/ClinicManagement.Infrastructure/Repositories/DoctorRepository.cs
FN:13,System.Void ClinicManagement.Infrastructure.Repositories.DoctorRepository::.ctor(ClinicManagement.Infrastructure.Data.ClinicDbContext,Microsoft.Extensions.Logging.ILogger`1<ClinicManagement.Infrastructure.Repositories.DoctorRepository>)
FNDA:0,System.Void ClinicManagement.Infrastructure.Repositories.DoctorRepository::.ctor(ClinicManagement.Infrastructure.Data.ClinicDbContext,Microsoft.Extensions.Logging.ILogger`1<ClinicManagement.Infrastructure.Repositories.DoctorRepository>)
DA:14,0
DA:15,0
DA:16,0
DA:17,0
DA:18,0
BRDA:16,11,0,0
BRDA:16,11,1,0
BRDA:17,33,0,0
BRDA:17,33,1,0
FN:68,System.Void ClinicManagement.Infrastructure.Repositories.DoctorRepository/<AddAsync>d__6::MoveNext()
FNDA:0,System.Void ClinicManagement.Infrastructure.Repositories.DoctorRepository/<AddAsync>d__6::MoveNext()
DA:69,0
DA:71,0
DA:72,0
DA:73,0
DA:74,0
DA:76,0
DA:77,0
DA:78,0
DA:79,0
DA:81,0
FN:97,System.Void ClinicManagement.Infrastructure.Repositories.DoctorRepository/<DeleteAsync>d__8::MoveNext()
FNDA:0,System.Void ClinicManagement.Infrastructure.Repositories.DoctorRepository/<DeleteAsync>d__8::MoveNext()
DA:98,0
DA:100,0
DA:101,0
DA:102,0
DA:103,0
DA:104,0
DA:105,0
DA:106,0
DA:107,0
DA:108,0
DA:109,0
DA:110,0
DA:111,0
DA:113,0
BRDA:102,213,0,0
BRDA:102,213,1,0
FN:120,System.Void ClinicManagement.Infrastructure.Repositories.DoctorRepository/<EmailExistsAsync>d__10::MoveNext()
FNDA:0,System.Void ClinicManagement.Infrastructure.Repositories.DoctorRepository/<EmailExistsAsync>d__10::MoveNext()
DA:121,0
DA:122,0
DA:123,0
FN:115,System.Void ClinicManagement.Infrastructure.Repositories.DoctorRepository/<ExistsAsync>d__9::MoveNext()
FNDA:0,System.Void ClinicManagement.Infrastructure.Repositories.DoctorRepository/<ExistsAsync>d__9::MoveNext()
DA:116,0
DA:117,0
DA:118,0
FN:20,System.Void ClinicManagement.Infrastructure.Repositories.DoctorRepository/<GetAllAsync>d__3::MoveNext()
FNDA:0,System.Void ClinicManagement.Infrastructure.Repositories.DoctorRepository/<GetAllAsync>d__3::MoveNext()
DA:21,0
DA:23,0
DA:24,0
DA:25,0
DA:26,0
DA:27,0
DA:28,0
DA:30,0
DA:31,0
DA:32,0
DA:33,0
DA:35,0
FN:142,System.Void ClinicManagement.Infrastructure.Repositories.DoctorRepository/<GetByDepartmentAsync>d__12::MoveNext()
FNDA:0,System.Void ClinicManagement.Infrastructure.Repositories.DoctorRepository/<GetByDepartmentAsync>d__12::MoveNext()
DA:143,0
DA:145,0
DA:146,0
DA:147,0
DA:148,0
DA:149,0
DA:150,0
DA:152,0
DA:153,0
DA:154,0
DA:155,0
DA:157,0
FN:53,System.Void ClinicManagement.Infrastructure.Repositories.DoctorRepository/<GetByEmailAsync>d__5::MoveNext()
FNDA:0,System.Void ClinicManagement.Infrastructure.Repositories.DoctorRepository/<GetByEmailAsync>d__5::MoveNext()
DA:54,0
DA:56,0
DA:57,0
DA:58,0
DA:59,0
DA:61,0
DA:62,0
DA:63,0
DA:64,0
DA:66,0
FN:37,System.Void ClinicManagement.Infrastructure.Repositories.DoctorRepository/<GetByIdAsync>d__4::MoveNext()
FNDA:0,System.Void ClinicManagement.Infrastructure.Repositories.DoctorRepository/<GetByIdAsync>d__4::MoveNext()
DA:38,0
DA:40,0
DA:41,0
DA:42,0
DA:43,0
DA:44,0
DA:46,0
DA:47,0
DA:48,0
DA:49,0
DA:51,0
FN:125,System.Void ClinicManagement.Infrastructure.Repositories.DoctorRepository/<SearchAsync>d__11::MoveNext()
FNDA:0,System.Void ClinicManagement.Infrastructure.Repositories.DoctorRepository/<SearchAsync>d__11::MoveNext()
DA:126,0
DA:128,0
DA:129,0
DA:130,0
DA:131,0
DA:132,0
DA:133,0
DA:135,0
DA:136,0
DA:137,0
DA:138,0
DA:140,0
FN:83,System.Void ClinicManagement.Infrastructure.Repositories.DoctorRepository/<UpdateAsync>d__7::MoveNext()
FNDA:0,System.Void ClinicManagement.Infrastructure.Repositories.DoctorRepository/<UpdateAsync>d__7::MoveNext()
DA:84,0
DA:86,0
DA:87,0
DA:88,0
DA:89,0
DA:90,0
DA:91,0
DA:92,0
DA:93,0
DA:95,0
FN:159,System.Void ClinicManagement.Infrastructure.Repositories.DoctorRepository/<ValidateLoginAsync>d__13::MoveNext()
FNDA:0,System.Void ClinicManagement.Infrastructure.Repositories.DoctorRepository/<ValidateLoginAsync>d__13::MoveNext()
DA:160,0
DA:162,0
DA:163,0
DA:164,0
DA:165,0
DA:167,0
DA:168,0
DA:169,0
DA:170,0
DA:172,0
LF:112
LH:0
BRF:6
BRH:0
FNF:12
FNH:0
end_of_record
SF:/modernize-data/studio-data/TNT1001/APP242299/transformed-code/15/studio-workspace/FullApp/src/ClinicManagement.Infrastructure/Repositories/FeedbackRepository.cs
FN:13,System.Void ClinicManagement.Infrastructure.Repositories.FeedbackRepository::.ctor(ClinicManagement.Infrastructure.Data.ClinicDbContext,Microsoft.Extensions.Logging.ILogger`1<ClinicManagement.Infrastructure.Repositories.FeedbackRepository>)
FNDA:0,System.Void ClinicManagement.Infrastructure.Repositories.FeedbackRepository::.ctor(ClinicManagement.Infrastructure.Data.ClinicDbContext,Microsoft.Extensions.Logging.ILogger`1<ClinicManagement.Infrastructure.Repositories.FeedbackRepository>)
DA:14,0
DA:15,0
DA:16,0
DA:17,0
DA:18,0
BRDA:16,11,0,0
BRDA:16,11,1,0
BRDA:17,33,0,0
BRDA:17,33,1,0
FN:39,System.Void ClinicManagement.Infrastructure.Repositories.FeedbackRepository/<AddAsync>d__5::MoveNext()
FNDA:0,System.Void ClinicManagement.Infrastructure.Repositories.FeedbackRepository/<AddAsync>d__5::MoveNext()
DA:40,0
DA:41,0
DA:42,0
DA:43,0
DA:44,0
FN:52,System.Void ClinicManagement.Infrastructure.Repositories.FeedbackRepository/<DeleteAsync>d__7::MoveNext()
FNDA:0,System.Void ClinicManagement.Infrastructure.Repositories.FeedbackRepository/<DeleteAsync>d__7::MoveNext()
DA:53,0
DA:54,0
DA:55,0
DA:56,0
DA:57,0
DA:58,0
DA:59,0
DA:60,0
BRDA:55,203,0,0
BRDA:55,203,1,0
FN:62,System.Void ClinicManagement.Infrastructure.Repositories.FeedbackRepository/<ExistsAsync>d__8::MoveNext()
FNDA:0,System.Void ClinicManagement.Infrastructure.Repositories.FeedbackRepository/<ExistsAsync>d__8::MoveNext()
DA:63,0
DA:64,0
DA:65,0
FN:20,System.Void ClinicManagement.Infrastructure.Repositories.FeedbackRepository/<GetAllAsync>d__3::MoveNext()
FNDA:0,System.Void ClinicManagement.Infrastructure.Repositories.FeedbackRepository/<GetAllAsync>d__3::MoveNext()
DA:21,0
DA:22,0
DA:23,0
DA:24,0
DA:25,0
DA:26,0
DA:27,0
DA:28,0
FN:76,System.Void ClinicManagement.Infrastructure.Repositories.FeedbackRepository/<GetByDoctorIdAsync>d__10::MoveNext()
FNDA:0,System.Void ClinicManagement.Infrastructure.Repositories.FeedbackRepository/<GetByDoctorIdAsync>d__10::MoveNext()
DA:77,0
DA:78,0
DA:79,0
DA:80,0
DA:81,0
DA:82,0
DA:83,0
FN:30,System.Void ClinicManagement.Infrastructure.Repositories.FeedbackRepository/<GetByIdAsync>d__4::MoveNext()
FNDA:0,System.Void ClinicManagement.Infrastructure.Repositories.FeedbackRepository/<GetByIdAsync>d__4::MoveNext()
DA:31,0
DA:32,0
DA:33,0
DA:34,0
DA:35,0
DA:36,0
DA:37,0
FN:67,System.Void ClinicManagement.Infrastructure.Repositories.FeedbackRepository/<GetByPatientIdAsync>d__9::MoveNext()
FNDA:0,System.Void ClinicManagement.Infrastructure.Repositories.FeedbackRepository/<GetByPatientIdAsync>d__9::MoveNext()
DA:68,0
DA:69,0
DA:70,0
DA:71,0
DA:72,0
DA:73,0
DA:74,0
FN:85,System.Void ClinicManagement.Infrastructure.Repositories.FeedbackRepository/<GetPendingFeedbackByPatientIdAsync>d__11::MoveNext()
FNDA:0,System.Void ClinicManagement.Infrastructure.Repositories.FeedbackRepository/<GetPendingFeedbackByPatientIdAsync>d__11::MoveNext()
DA:86,0
DA:87,0
DA:88,0
DA:89,0
DA:90,0
DA:91,0
DA:92,0
DA:93,0
FN:46,System.Void ClinicManagement.Infrastructure.Repositories.FeedbackRepository/<UpdateAsync>d__6::MoveNext()
FNDA:0,System.Void ClinicManagement.Infrastructure.Repositories.FeedbackRepository/<UpdateAsync>d__6::MoveNext()
DA:47,0
DA:48,0
DA:49,0
DA:50,0
LF:62
LH:0
BRF:6
BRH:0
FNF:10
FNH:0
end_of_record
SF:/modernize-data/studio-data/TNT1001/APP242299/transformed-code/15/studio-workspace/FullApp/src/ClinicManagement.Infrastructure/Repositories/PatientRepository.cs
FN:16,System.Void ClinicManagement.Infrastructure.Repositories.PatientRepository::.ctor(ClinicManagement.Infrastructure.Data.ClinicDbContext,Microsoft.Extensions.Logging.ILogger`1<ClinicManagement.Infrastructure.Repositories.PatientRepository>)
FNDA:0,System.Void ClinicManagement.Infrastructure.Repositories.PatientRepository::.ctor(ClinicManagement.Infrastructure.Data.ClinicDbContext,Microsoft.Extensions.Logging.ILogger`1<ClinicManagement.Infrastructure.Repositories.PatientRepository>)
DA:17,0
DA:18,0
DA:19,0
DA:20,0
DA:21,0
BRDA:19,11,0,0
BRDA:19,11,1,0
BRDA:20,33,0,0
BRDA:20,33,1,0
FN:72,System.Void ClinicManagement.Infrastructure.Repositories.PatientRepository/<AddAsync>d__6::MoveNext()
FNDA:0,System.Void ClinicManagement.Infrastructure.Repositories.PatientRepository/<AddAsync>d__6::MoveNext()
DA:73,0
DA:75,0
DA:76,0
DA:77,0
DA:78,0
DA:79,0
DA:81,0
DA:82,0
DA:83,0
DA:84,0
DA:86,0
FN:103,System.Void ClinicManagement.Infrastructure.Repositories.PatientRepository/<DeleteAsync>d__8::MoveNext()
FNDA:0,System.Void ClinicManagement.Infrastructure.Repositories.PatientRepository/<DeleteAsync>d__8::MoveNext()
DA:104,0
DA:106,0
DA:107,0
DA:108,0
DA:109,0
DA:110,0
DA:111,0
DA:112,0
DA:113,0
DA:114,0
DA:115,0
DA:116,0
DA:117,0
DA:118,0
DA:120,0
BRDA:109,258,0,0
BRDA:109,258,1,0
FN:136,System.Void ClinicManagement.Infrastructure.Repositories.PatientRepository/<EmailExistsAsync>d__10::MoveNext()
FNDA:0,System.Void ClinicManagement.Infrastructure.Repositories.PatientRepository/<EmailExistsAsync>d__10::MoveNext()
DA:137,0
DA:139,0
DA:140,0
DA:141,0
DA:143,0
DA:144,0
DA:145,0
DA:146,0
DA:148,0
FN:122,System.Void ClinicManagement.Infrastructure.Repositories.PatientRepository/<ExistsAsync>d__9::MoveNext()
FNDA:0,System.Void ClinicManagement.Infrastructure.Repositories.PatientRepository/<ExistsAsync>d__9::MoveNext()
DA:123,0
DA:125,0
DA:126,0
DA:127,0
DA:129,0
DA:130,0
DA:131,0
DA:132,0
DA:134,0
FN:23,System.Void ClinicManagement.Infrastructure.Repositories.PatientRepository/<GetAllAsync>d__3::MoveNext()
FNDA:0,System.Void ClinicManagement.Infrastructure.Repositories.PatientRepository/<GetAllAsync>d__3::MoveNext()
DA:24,0
DA:26,0
DA:27,0
DA:28,0
DA:29,0
DA:30,0
DA:31,0
DA:33,0
DA:34,0
DA:35,0
DA:36,0
DA:38,0
FN:56,System.Void ClinicManagement.Infrastructure.Repositories.PatientRepository/<GetByEmailAsync>d__5::MoveNext()
FNDA:0,System.Void ClinicManagement.Infrastructure.Repositories.PatientRepository/<GetByEmailAsync>d__5::MoveNext()
DA:57,0
DA:59,0
DA:60,0
DA:61,0
DA:62,0
DA:63,0
DA:65,0
DA:66,0
DA:67,0
DA:68,0
DA:70,0
FN:40,System.Void ClinicManagement.Infrastructure.Repositories.PatientRepository/<GetByIdAsync>d__4::MoveNext()
FNDA:0,System.Void ClinicManagement.Infrastructure.Repositories.PatientRepository/<GetByIdAsync>d__4::MoveNext()
DA:41,0
DA:43,0
DA:44,0
DA:45,0
DA:46,0
DA:47,0
DA:49,0
DA:50,0
DA:51,0
DA:52,0
DA:54,0
FN:150,System.Void ClinicManagement.Infrastructure.Repositories.PatientRepository/<SearchAsync>d__11::MoveNext()
FNDA:0,System.Void ClinicManagement.Infrastructure.Repositories.PatientRepository/<SearchAsync>d__11::MoveNext()
DA:151,0
DA:153,0
DA:154,0
DA:155,0
DA:156,0
DA:157,0
DA:158,0
DA:160,0
DA:161,0
DA:162,0
DA:163,0
DA:165,0
FN:88,System.Void ClinicManagement.Infrastructure.Repositories.PatientRepository/<UpdateAsync>d__7::MoveNext()
FNDA:0,System.Void ClinicManagement.Infrastructure.Repositories.PatientRepository/<UpdateAsync>d__7::MoveNext()
DA:89,0
DA:91,0
DA:92,0
DA:93,0
DA:94,0
DA:95,0
DA:96,0
DA:97,0
DA:98,0
DA:99,0
DA:101,0
FN:167,System.Void ClinicManagement.Infrastructure.Repositories.PatientRepository/<ValidateLoginAsync>d__12::MoveNext()
FNDA:0,System.Void ClinicManagement.Infrastructure.Repositories.PatientRepository/<ValidateLoginAsync>d__12::MoveNext()
DA:168,0
DA:170,0
DA:171,0
DA:172,0
DA:173,0
DA:174,0
DA:176,0
DA:177,0
DA:178,0
DA:179,0
DA:181,0
LF:117
LH:0
BRF:6
BRH:0
FNF:11
FNH:0
end_of_record
SF:/modernize-data/studio-data/TNT1001/APP242299/transformed-code/15/studio-workspace/FullApp/src/ClinicManagement.Infrastructure/Repositories/StaffRepository.cs
FN:13,System.Void ClinicManagement.Infrastructure.Repositories.StaffRepository::.ctor(ClinicManagement.Infrastructure.Data.ClinicDbContext,Microsoft.Extensions.Logging.ILogger`1<ClinicManagement.Infrastructure.Repositories.StaffRepository>)
FNDA:0,System.Void ClinicManagement.Infrastructure.Repositories.StaffRepository::.ctor(ClinicManagement.Infrastructure.Data.ClinicDbContext,Microsoft.Extensions.Logging.ILogger`1<ClinicManagement.Infrastructure.Repositories.StaffRepository>)
DA:14,0
DA:15,0
DA:16,0
DA:17,0
DA:18,0
BRDA:16,11,0,0
BRDA:16,11,1,0
BRDA:17,33,0,0
BRDA:17,33,1,0
FN:35,System.Void ClinicManagement.Infrastructure.Repositories.StaffRepository/<AddAsync>d__5::MoveNext()
FNDA:0,System.Void ClinicManagement.Infrastructure.Repositories.StaffRepository/<AddAsync>d__5::MoveNext()
DA:36,0
DA:37,0
DA:38,0
DA:39,0
DA:40,0
FN:48,System.Void ClinicManagement.Infrastructure.Repositories.StaffRepository/<DeleteAsync>d__7::MoveNext()
FNDA:0,System.Void ClinicManagement.Infrastructure.Repositories.StaffRepository/<DeleteAsync>d__7::MoveNext()
DA:49,0
DA:50,0
DA:51,0
DA:52,0
DA:53,0
DA:54,0
DA:55,0
DA:56,0
BRDA:51,203,0,0
BRDA:51,203,1,0
FN:58,System.Void ClinicManagement.Infrastructure.Repositories.StaffRepository/<ExistsAsync>d__8::MoveNext()
FNDA:0,System.Void ClinicManagement.Infrastructure.Repositories.StaffRepository/<ExistsAsync>d__8::MoveNext()
DA:59,0
DA:60,0
DA:61,0
FN:20,System.Void ClinicManagement.Infrastructure.Repositories.StaffRepository/<GetAllAsync>d__3::MoveNext()
FNDA:0,System.Void ClinicManagement.Infrastructure.Repositories.StaffRepository/<GetAllAsync>d__3::MoveNext()
DA:21,0
DA:22,0
DA:23,0
DA:24,0
DA:25,0
DA:26,0
FN:28,System.Void ClinicManagement.Infrastructure.Repositories.StaffRepository/<GetByIdAsync>d__4::MoveNext()
FNDA:0,System.Void ClinicManagement.Infrastructure.Repositories.StaffRepository/<GetByIdAsync>d__4::MoveNext()
DA:29,0
DA:30,0
DA:31,0
DA:32,0
DA:33,0
FN:63,System.Void ClinicManagement.Infrastructure.Repositories.StaffRepository/<SearchAsync>d__9::MoveNext()
FNDA:0,System.Void ClinicManagement.Infrastructure.Repositories.StaffRepository/<SearchAsync>d__9::MoveNext()
DA:64,0
DA:65,0
DA:66,0
DA:67,0
DA:68,0
DA:69,0
FN:42,System.Void ClinicManagement.Infrastructure.Repositories.StaffRepository/<UpdateAsync>d__6::MoveNext()
FNDA:0,System.Void ClinicManagement.Infrastructure.Repositories.StaffRepository/<UpdateAsync>d__6::MoveNext()
DA:43,0
DA:44,0
DA:45,0
DA:46,0
LF:42
LH:0
BRF:6
BRH:0
FNF:8
FNH:0
end_of_record
SF:/modernize-data/studio-data/TNT1001/APP242299/transformed-code/15/studio-workspace/FullApp/src/ClinicManagement.Infrastructure/Data/ClinicDbContext.cs
FN:14,Microsoft.EntityFrameworkCore.DbSet`1<ClinicManagement.Domain.Entities.Patient> ClinicManagement.Infrastructure.Data.ClinicDbContext::get_Patients()
FNDA:0,Microsoft.EntityFrameworkCore.DbSet`1<ClinicManagement.Domain.Entities.Patient> ClinicManagement.Infrastructure.Data.ClinicDbContext::get_Patients()
DA:15,0
FN:15,Microsoft.EntityFrameworkCore.DbSet`1<ClinicManagement.Domain.Entities.Doctor> ClinicManagement.Infrastructure.Data.ClinicDbContext::get_Doctors()
FNDA:0,Microsoft.EntityFrameworkCore.DbSet`1<ClinicManagement.Domain.Entities.Doctor> ClinicManagement.Infrastructure.Data.ClinicDbContext::get_Doctors()
DA:16,0
FN:16,Microsoft.EntityFrameworkCore.DbSet`1<ClinicManagement.Domain.Entities.Department> ClinicManagement.Infrastructure.Data.ClinicDbContext::get_Departments()
FNDA:0,Microsoft.EntityFrameworkCore.DbSet`1<ClinicManagement.Domain.Entities.Department> ClinicManagement.Infrastructure.Data.ClinicDbContext::get_Departments()
DA:17,0
FN:17,Microsoft.EntityFrameworkCore.DbSet`1<ClinicManagement.Domain.Entities.Appointment> ClinicManagement.Infrastructure.Data.ClinicDbContext::get_Appointments()
FNDA:0,Microsoft.EntityFrameworkCore.DbSet`1<ClinicManagement.Domain.Entities.Appointment> ClinicManagement.Infrastructure.Data.ClinicDbContext::get_Appointments()
DA:18,0
FN:18,Microsoft.EntityFrameworkCore.DbSet`1<ClinicManagement.Domain.Entities.Staff> ClinicManagement.Infrastructure.Data.ClinicDbContext::get_Staff()
FNDA:0,Microsoft.EntityFrameworkCore.DbSet`1<ClinicManagement.Domain.Entities.Staff> ClinicManagement.Infrastructure.Data.ClinicDbContext::get_Staff()
DA:19,0
FN:19,Microsoft.EntityFrameworkCore.DbSet`1<ClinicManagement.Domain.Entities.Feedback> ClinicManagement.Infrastructure.Data.ClinicDbContext::get_Feedbacks()
FNDA:0,Microsoft.EntityFrameworkCore.DbSet`1<ClinicManagement.Domain.Entities.Feedback> ClinicManagement.Infrastructure.Data.ClinicDbContext::get_Feedbacks()
DA:20,0
FN:22,System.Void ClinicManagement.Infrastructure.Data.ClinicDbContext::OnModelCreating(Microsoft.EntityFrameworkCore.ModelBuilder)
FNDA:0,System.Void ClinicManagement.Infrastructure.Data.ClinicDbContext::OnModelCreating(Microsoft.EntityFrameworkCore.ModelBuilder)
DA:23,0
DA:24,0
DA:27,0
DA:30,0
DA:33,0
DA:36,0
DA:37,0
DA:38,0
DA:39,0
DA:40,0
DA:41,0
DA:42,0
FN:44,System.Void ClinicManagement.Infrastructure.Data.ClinicDbContext::ConfigurePatient(Microsoft.EntityFrameworkCore.ModelBuilder)
FNDA:0,System.Void ClinicManagement.Infrastructure.Data.ClinicDbContext::ConfigurePatient(Microsoft.EntityFrameworkCore.ModelBuilder)
DA:45,0
DA:46,0
DA:47,0
DA:48,0
DA:49,0
DA:50,0
DA:51,0
DA:52,0
DA:53,0
DA:54,0
DA:55,0
DA:56,0
DA:57,0
DA:58,0
DA:59,0
DA:60,0
DA:61,0
DA:62,0
DA:63,0
FN:65,System.Void ClinicManagement.Infrastructure.Data.ClinicDbContext::ConfigureDoctor(Microsoft.EntityFrameworkCore.ModelBuilder)
FNDA:0,System.Void ClinicManagement.Infrastructure.Data.ClinicDbContext::ConfigureDoctor(Microsoft.EntityFrameworkCore.ModelBuilder)
DA:66,0
DA:67,0
DA:68,0
DA:69,0
DA:70,0
DA:71,0
DA:72,0
DA:73,0
DA:74,0
DA:75,0
DA:76,0
DA:77,0
DA:78,0
DA:79,0
DA:80,0
DA:81,0
DA:82,0
DA:83,0
DA:84,0
DA:85,0
DA:86,0
DA:87,0
DA:88,0
FN:90,System.Void ClinicManagement.Infrastructure.Data.ClinicDbContext::ConfigureDepartment(Microsoft.EntityFrameworkCore.ModelBuilder)
FNDA:0,System.Void ClinicManagement.Infrastructure.Data.ClinicDbContext::ConfigureDepartment(Microsoft.EntityFrameworkCore.ModelBuilder)
DA:91,0
DA:92,0
DA:93,0
DA:94,0
DA:95,0
DA:96,0
DA:97,0
DA:98,0
DA:99,0
DA:100,0
DA:101,0
DA:102,0
DA:103,0
DA:104,0
FN:106,System.Void ClinicManagement.Infrastructure.Data.ClinicDbContext::ConfigureAppointment(Microsoft.EntityFrameworkCore.ModelBuilder)
FNDA:0,System.Void ClinicManagement.Infrastructure.Data.ClinicDbContext::ConfigureAppointment(Microsoft.EntityFrameworkCore.ModelBuilder)
DA:107,0
DA:108,0
DA:109,0
DA:110,0
DA:111,0
DA:112,0
DA:113,0
DA:114,0
DA:115,0
DA:116,0
DA:117,0
DA:118,0
DA:119,0
DA:120,0
DA:121,0
DA:122,0
DA:123,0
DA:124,0
DA:125,0
DA:126,0
DA:127,0
DA:128,0
DA:129,0
DA:130,0
DA:131,0
DA:132,0
DA:133,0
DA:134,0
DA:135,0
FN:137,System.Void ClinicManagement.Infrastructure.Data.ClinicDbContext::ConfigureStaff(Microsoft.EntityFrameworkCore.ModelBuilder)
FNDA:0,System.Void ClinicManagement.Infrastructure.Data.ClinicDbContext::ConfigureStaff(Microsoft.EntityFrameworkCore.ModelBuilder)
DA:138,0
DA:139,0
DA:140,0
DA:141,0
DA:142,0
DA:143,0
DA:144,0
DA:145,0
DA:146,0
DA:147,0
DA:148,0
DA:149,0
DA:150,0
DA:151,0
DA:152,0
DA:153,0
DA:154,0
DA:155,0
FN:157,System.Void ClinicManagement.Infrastructure.Data.ClinicDbContext::ConfigureFeedback(Microsoft.EntityFrameworkCore.ModelBuilder)
FNDA:0,System.Void ClinicManagement.Infrastructure.Data.ClinicDbContext::ConfigureFeedback(Microsoft.EntityFrameworkCore.ModelBuilder)
DA:158,0
DA:159,0
DA:160,0
DA:161,0
DA:162,0
DA:163,0
DA:164,0
DA:165,0
DA:166,0
DA:167,0
DA:168,0
DA:169,0
DA:170,0
DA:171,0
DA:172,0
DA:173,0
DA:174,0
DA:175,0
DA:176,0
DA:177,0
DA:178,0
DA:179,0
DA:180,0
DA:181,0
DA:182,0
FN:10,System.Void ClinicManagement.Infrastructure.Data.ClinicDbContext::.ctor(Microsoft.EntityFrameworkCore.DbContextOptions`1<ClinicManagement.Infrastructure.Data.ClinicDbContext>)
FNDA:0,System.Void ClinicManagement.Infrastructure.Data.ClinicDbContext::.ctor(Microsoft.EntityFrameworkCore.DbContextOptions`1<ClinicManagement.Infrastructure.Data.ClinicDbContext>)
DA:11,0
DA:12,0
DA:13,0
FN:187,System.Boolean ClinicManagement.Infrastructure.Data.ClinicDbContext/<>c::<SaveChangesAsync>b__20_0(Microsoft.EntityFrameworkCore.ChangeTracking.EntityEntry)
FNDA:0,System.Boolean ClinicManagement.Infrastructure.Data.ClinicDbContext/<>c::<SaveChangesAsync>b__20_0(Microsoft.EntityFrameworkCore.ChangeTracking.EntityEntry)
DA:188,0
BRDA:188,11,0,0
BRDA:188,24,0,0
BRDA:188,37,0,0
BRDA:188,11,1,0
BRDA:188,24,1,0
BRDA:188,37,1,0
FN:188,System.Boolean ClinicManagement.Infrastructure.Data.ClinicDbContext/<>c::<SaveChangesAsync>b__20_1(Microsoft.EntityFrameworkCore.ChangeTracking.EntityEntry)
FNDA:0,System.Boolean ClinicManagement.Infrastructure.Data.ClinicDbContext/<>c::<SaveChangesAsync>b__20_1(Microsoft.EntityFrameworkCore.ChangeTracking.EntityEntry)
DA:189,0
BRDA:189,7,0,0
BRDA:189,7,1,0
FN:184,System.Void ClinicManagement.Infrastructure.Data.ClinicDbContext/<SaveChangesAsync>d__20::MoveNext()
FNDA:0,System.Void ClinicManagement.Infrastructure.Data.ClinicDbContext/<SaveChangesAsync>d__20::MoveNext()
DA:185,0
DA:187,0
DA:191,0
DA:192,0
DA:193,0
DA:194,0
DA:195,0
DA:196,0
DA:197,0
DA:198,0
DA:199,0
DA:200,0
DA:201,0
DA:202,0
DA:203,0
DA:204,0
DA:205,0
DA:206,0
DA:207,0
DA:208,0
DA:209,0
DA:210,0
DA:211,0
DA:212,0
DA:213,0
DA:214,0
DA:215,0
DA:216,0
DA:217,0
DA:218,0
DA:219,0
DA:220,0
DA:221,0
DA:222,0
DA:223,0
DA:224,0
DA:225,0
DA:226,0
DA:227,0
DA:228,0
DA:229,0
DA:230,0
DA:231,0
DA:232,0
DA:233,0
DA:234,0
DA:235,0
DA:237,0
DA:238,0
BRDA:191,855,1,0
BRDA:193,169,0,0
BRDA:195,212,0,0
BRDA:195,212,1,0
BRDA:200,290,0,0
BRDA:200,290,1,0
BRDA:205,368,0,0
BRDA:205,368,1,0
BRDA:210,443,0,0
BRDA:210,443,1,0
BRDA:193,169,1,0
BRDA:216,529,0,0
BRDA:218,574,0,0
BRDA:218,574,1,0
BRDA:222,644,0,0
BRDA:222,644,1,0
BRDA:226,714,0,0
BRDA:226,714,1,0
BRDA:230,781,0,0
BRDA:230,781,1,0
BRDA:216,529,1,0
BRDA:191,855,0,0
LF:200
LH:0
BRF:30
BRH:0
FNF:17
FNH:0
end_of_record
SF:/modernize-data/studio-data/TNT1001/APP242299/transformed-code/15/studio-workspace/FullApp/src/ClinicManagement.Web/Program.cs
FN:4,System.Void Program::<Main>$(System.String[])
FNDA:0,System.Void Program::<Main>$(System.String[])
DA:5,0
DA:8,0
DA:9,0
DA:10,0
DA:11,0
DA:12,0
DA:13,0
DA:15,0
DA:18,0
DA:21,0
DA:22,0
DA:23,0
DA:24,0
DA:25,0
DA:26,0
DA:27,0
DA:28,0
DA:29,0
DA:30,0
DA:33,0
DA:34,0
DA:35,0
DA:36,0
DA:37,0
DA:38,0
DA:39,0
DA:40,0
DA:41,0
DA:42,0
DA:43,0
DA:44,0
DA:47,0
DA:48,0
DA:49,0
DA:50,0
DA:51,0
DA:52,0
DA:53,0
DA:56,0
DA:58,0
DA:61,0
DA:62,0
DA:63,0
DA:64,0
DA:65,0
DA:67,0
DA:68,0
DA:70,0
DA:72,0
DA:73,0
DA:75,0
DA:78,0
DA:79,0
DA:80,0
DA:81,0
DA:82,0
DA:83,0
DA:84,0
DA:85,0
DA:87,0
DA:88,0
DA:89,0
BRDA:61,443,0,0
BRDA:61,443,1,0
LF:62
LH:0
BRF:2
BRH:0
FNF:1
FNH:0
end_of_record
SF:/app/.nuget/packages/microsoft.net.test.sdk/17.8.0/build/netcoreapp3.1/Microsoft.NET.Test.Sdk.Program.cs
FN:3,System.Void AutoGeneratedProgram::Main(System.String[])
FNDA:0,System.Void AutoGeneratedProgram::Main(System.String[])
DA:4,0
LF:1
LH:0
BRF:0
BRH:0
FNF:1
FNH:0
end_of_record
SF:/modernize-data/studio-data/TNT1001/APP242299/transformed-code/15/studio-workspace/FullApp/src/ClinicManagement.Web/Pages/Index.cshtml.cs
FN:23,System.Void ClinicManagement.Web.Pages.IndexModel::OnGet()
FNDA:0,System.Void ClinicManagement.Web.Pages.IndexModel::OnGet()
DA:24,0
DA:25,0
FN:12,System.Void ClinicManagement.Web.Pages.IndexModel::.ctor(ClinicManagement.Domain.Interfaces.Repositories.IPatientRepository,ClinicManagement.Domain.Interfaces.Repositories.IDoctorRepository,Microsoft.Extensions.Logging.ILogger`1<ClinicManagement.Web.Pages.IndexModel>)
FNDA:0,System.Void ClinicManagement.Web.Pages.IndexModel::.ctor(ClinicManagement.Domain.Interfaces.Repositories.IPatientRepository,ClinicManagement.Domain.Interfaces.Repositories.IDoctorRepository,Microsoft.Extensions.Logging.ILogger`1<ClinicManagement.Web.Pages.IndexModel>)
DA:13,0
DA:14,0
DA:15,0
DA:16,0
DA:17,0
DA:18,0
DA:19,0
DA:20,0
DA:21,0
FN:27,System.Void ClinicManagement.Web.Pages.IndexModel/<OnPostLoginAsync>d__5::MoveNext()
FNDA:0,System.Void ClinicManagement.Web.Pages.IndexModel/<OnPostLoginAsync>d__5::MoveNext()
DA:28,0
DA:30,0
DA:32,0
DA:33,0
DA:34,0
DA:35,0
DA:36,0
DA:37,0
DA:41,0
DA:42,0
DA:43,0
DA:44,0
DA:45,0
DA:46,0
DA:50,0
DA:51,0
DA:52,0
DA:53,0
DA:54,0
DA:57,0
DA:58,0
DA:60,0
DA:61,0
DA:62,0
DA:63,0
DA:64,0
DA:66,0
BRDA:33,201,0,0
BRDA:33,201,1,0
BRDA:42,464,0,0
BRDA:42,464,1,0
BRDA:50,575,0,0
BRDA:50,575,1,0
BRDA:50,600,0,0
BRDA:50,600,1,0
FN:70,System.Void ClinicManagement.Web.Pages.IndexModel/<OnPostSignupAsync>d__6::MoveNext()
FNDA:0,System.Void ClinicManagement.Web.Pages.IndexModel/<OnPostSignupAsync>d__6::MoveNext()
DA:71,0
DA:73,0
DA:75,0
DA:76,0
DA:77,0
DA:78,0
DA:81,0
DA:82,0
DA:83,0
DA:84,0
DA:85,0
DA:86,0
DA:87,0
DA:88,0
DA:89,0
DA:90,0
DA:91,0
DA:92,0
DA:94,0
DA:96,0
DA:97,0
DA:99,0
DA:101,0
DA:102,0
DA:103,0
DA:104,0
DA:105,0
DA:107,0
BRDA:75,172,0,0
BRDA:75,172,1,0
LF:66
LH:0
BRF:10
BRH:0
FNF:4
FNH:0
end_of_record
SF:/modernize-data/studio-data/TNT1001/APP242299/transformed-code/15/studio-workspace/FullApp/src/ClinicManagement.Web/Pages/Index.cshtml
FN:3,System.Void ClinicManagement.Web.Pages.Pages_Index/<ExecuteAsync>d__11::MoveNext()
FNDA:0,System.Void ClinicManagement.Web.Pages.Pages_Index/<ExecuteAsync>d__11::MoveNext()
DA:4,0
BRDA:4,502,0,0
BRDA:4,502,1,0
BRDA:4,1098,0,0
BRDA:4,1098,1,0
LF:1
LH:0
BRF:4
BRH:0
FNF:1
FNH:0
end_of_record
SF:/modernize-data/studio-data/TNT1001/APP242299/transformed-code/15/studio-workspace/FullApp/src/ClinicManagement.Web/Pages/_ViewStart.cshtml
FN:1,System.Void ClinicManagement.Web.Pages.Pages__ViewStart/<ExecuteAsync>d__0::MoveNext()
FNDA:0,System.Void ClinicManagement.Web.Pages.Pages__ViewStart/<ExecuteAsync>d__0::MoveNext()
DA:2,0
LF:1
LH:0
BRF:0
BRH:0
FNF:1
FNH:0
end_of_record
SF:/modernize-data/studio-data/TNT1001/APP242299/transformed-code/15/studio-workspace/FullApp/src/ClinicManagement.Web/Pages/Patient/PatientHome.cshtml.cs
FN:6,System.Int32 ClinicManagement.Web.Pages.Patient.PatientHomeModel::get_PatientId()
FNDA:0,System.Int32 ClinicManagement.Web.Pages.Patient.PatientHomeModel::get_PatientId()
DA:7,0
FN:9,System.Void ClinicManagement.Web.Pages.Patient.PatientHomeModel::OnGet()
FNDA:0,System.Void ClinicManagement.Web.Pages.Patient.PatientHomeModel::OnGet()
DA:10,0
DA:11,0
DA:12,0
LF:4
LH:0
BRF:0
BRH:0
FNF:2
FNH:0
end_of_record
SF:/modernize-data/studio-data/TNT1001/APP242299/transformed-code/15/studio-workspace/FullApp/src/ClinicManagement.Web/Pages/Patient/PatientHome.cshtml
FN:3,System.Void ClinicManagement.Web.Pages.Patient.Pages_Patient_PatientHome/<ExecuteAsync>d__0::MoveNext()
FNDA:0,System.Void ClinicManagement.Web.Pages.Patient.Pages_Patient_PatientHome/<ExecuteAsync>d__0::MoveNext()
DA:4,0
LF:1
LH:0
BRF:0
BRH:0
FNF:1
FNH:0
end_of_record
SF:/modernize-data/studio-data/TNT1001/APP242299/transformed-code/15/studio-workspace/FullApp/src/ClinicManagement.Web/Pages/Doctor/DoctorHome.cshtml.cs
FN:6,System.Int32 ClinicManagement.Web.Pages.Doctor.DoctorHomeModel::get_DoctorId()
FNDA:0,System.Int32 ClinicManagement.Web.Pages.Doctor.DoctorHomeModel::get_DoctorId()
DA:7,0
FN:9,System.Void ClinicManagement.Web.Pages.Doctor.DoctorHomeModel::OnGet()
FNDA:0,System.Void ClinicManagement.Web.Pages.Doctor.DoctorHomeModel::OnGet()
DA:10,0
DA:11,0
DA:12,0
LF:4
LH:0
BRF:0
BRH:0
FNF:2
FNH:0
end_of_record
SF:/modernize-data/studio-data/TNT1001/APP242299/transformed-code/15/studio-workspace/FullApp/src/ClinicManagement.Web/Pages/Doctor/DoctorHome.cshtml
FN:3,System.Void ClinicManagement.Web.Pages.Doctor.Pages_Doctor_DoctorHome/<ExecuteAsync>d__0::MoveNext()
FNDA:0,System.Void ClinicManagement.Web.Pages.Doctor.Pages_Doctor_DoctorHome/<ExecuteAsync>d__0::MoveNext()
DA:4,0
LF:1
LH:0
BRF:0
BRH:0
FNF:1
FNH:0
end_of_record
SF:/modernize-data/studio-data/TNT1001/APP242299/transformed-code/15/studio-workspace/FullApp/src/ClinicManagement.Web/Pages/Admin/AdminHome.cshtml.cs
FN:7,System.Void ClinicManagement.Web.Pages.Admin.AdminHomeModel::OnGet()
FNDA:0,System.Void ClinicManagement.Web.Pages.Admin.AdminHomeModel::OnGet()
DA:8,0
DA:9,0
LF:2
LH:0
BRF:0
BRH:0
FNF:1
FNH:0
end_of_record
SF:/modernize-data/studio-data/TNT1001/APP242299/transformed-code/15/studio-workspace/FullApp/src/ClinicManagement.Web/Pages/Admin/AdminHome.cshtml
FN:3,System.Void ClinicManagement.Web.Pages.Admin.Pages_Admin_AdminHome/<ExecuteAsync>d__0::MoveNext()
FNDA:0,System.Void ClinicManagement.Web.Pages.Admin.Pages_Admin_AdminHome/<ExecuteAsync>d__0::MoveNext()
DA:4,0
LF:1
LH:0
BRF:0
BRH:0
FNF:1
FNH:0
end_of_record
SF:/modernize-data/studio-data/TNT1001/APP242299/transformed-code/15/studio-workspace/FullApp/src/ClinicManagement.Domain/Entities/Appointment.cs
FN:7,System.Int32 ClinicManagement.Domain.Entities.Appointment::get_PatientId()
FNDA:0,System.Int32 ClinicManagement.Domain.Entities.Appointment::get_PatientId()
DA:8,0
FN:8,System.Int32 ClinicManagement.Domain.Entities.Appointment::get_DoctorId()
FNDA:0,System.Int32 ClinicManagement.Domain.Entities.Appointment::get_DoctorId()
DA:9,0
FN:9,System.DateTime ClinicManagement.Domain.Entities.Appointment::get_AppointmentDate()
FNDA:0,System.DateTime ClinicManagement.Domain.Entities.Appointment::get_AppointmentDate()
DA:10,0
FN:10,System.String ClinicManagement.Domain.Entities.Appointment::get_TimeSlot()
FNDA:0,System.String ClinicManagement.Domain.Entities.Appointment::get_TimeSlot()
DA:11,0
FN:11,System.String ClinicManagement.Domain.Entities.Appointment::get_Status()
FNDA:0,System.String ClinicManagement.Domain.Entities.Appointment::get_Status()
DA:12,0
FN:12,System.String ClinicManagement.Domain.Entities.Appointment::get_Disease()
FNDA:0,System.String ClinicManagement.Domain.Entities.Appointment::get_Disease()
DA:13,0
FN:13,System.String ClinicManagement.Domain.Entities.Appointment::get_Progress()
FNDA:0,System.String ClinicManagement.Domain.Entities.Appointment::get_Progress()
DA:14,0
FN:14,System.String ClinicManagement.Domain.Entities.Appointment::get_Prescription()
FNDA:0,System.String ClinicManagement.Domain.Entities.Appointment::get_Prescription()
DA:15,0
FN:15,System.Boolean ClinicManagement.Domain.Entities.Appointment::get_IsPaid()
FNDA:0,System.Boolean ClinicManagement.Domain.Entities.Appointment::get_IsPaid()
DA:16,0
FN:16,System.Nullable`1<System.Decimal> ClinicManagement.Domain.Entities.Appointment::get_BillAmount()
FNDA:0,System.Nullable`1<System.Decimal> ClinicManagement.Domain.Entities.Appointment::get_BillAmount()
DA:17,0
FN:19,ClinicManagement.Domain.Entities.Patient ClinicManagement.Domain.Entities.Appointment::get_Patient()
FNDA:0,ClinicManagement.Domain.Entities.Patient ClinicManagement.Domain.Entities.Appointment::get_Patient()
DA:20,0
FN:20,ClinicManagement.Domain.Entities.Doctor ClinicManagement.Domain.Entities.Appointment::get_Doctor()
FNDA:0,ClinicManagement.Domain.Entities.Doctor ClinicManagement.Domain.Entities.Appointment::get_Doctor()
DA:21,0
FN:21,ClinicManagement.Domain.Entities.Feedback ClinicManagement.Domain.Entities.Appointment::get_Feedback()
FNDA:0,ClinicManagement.Domain.Entities.Feedback ClinicManagement.Domain.Entities.Appointment::get_Feedback()
DA:22,0
LF:13
LH:0
BRF:0
BRH:0
FNF:13
FNH:0
end_of_record
SF:/modernize-data/studio-data/TNT1001/APP242299/transformed-code/15/studio-workspace/FullApp/src/ClinicManagement.Domain/Entities/BaseEntity.cs
FN:7,System.Int32 ClinicManagement.Domain.Entities.BaseEntity::get_Id()
FNDA:0,System.Int32 ClinicManagement.Domain.Entities.BaseEntity::get_Id()
DA:8,0
FN:8,System.DateTime ClinicManagement.Domain.Entities.BaseEntity::get_CreatedDate()
FNDA:0,System.DateTime ClinicManagement.Domain.Entities.BaseEntity::get_CreatedDate()
DA:9,0
FN:9,System.Nullable`1<System.DateTime> ClinicManagement.Domain.Entities.BaseEntity::get_ModifiedDate()
FNDA:0,System.Nullable`1<System.DateTime> ClinicManagement.Domain.Entities.BaseEntity::get_ModifiedDate()
DA:10,0
FN:10,System.Boolean ClinicManagement.Domain.Entities.BaseEntity::get_IsActive()
FNDA:0,System.Boolean ClinicManagement.Domain.Entities.BaseEntity::get_IsActive()
DA:11,0
FN:11,System.String ClinicManagement.Domain.Entities.BaseEntity::get_CreatedBy()
FNDA:0,System.String ClinicManagement.Domain.Entities.BaseEntity::get_CreatedBy()
DA:12,0
FN:12,System.String ClinicManagement.Domain.Entities.BaseEntity::get_ModifiedBy()
FNDA:0,System.String ClinicManagement.Domain.Entities.BaseEntity::get_ModifiedBy()
DA:13,0
LF:6
LH:0
BRF:0
BRH:0
FNF:6
FNH:0
end_of_record
SF:/modernize-data/studio-data/TNT1001/APP242299/transformed-code/15/studio-workspace/FullApp/src/ClinicManagement.Domain/Entities/Department.cs
FN:7,System.String ClinicManagement.Domain.Entities.Department::get_Name()
FNDA:0,System.String ClinicManagement.Domain.Entities.Department::get_Name()
DA:8,0
FN:8,System.String ClinicManagement.Domain.Entities.Department::get_Description()
FNDA:0,System.String ClinicManagement.Domain.Entities.Department::get_Description()
DA:9,0
FN:11,System.Collections.Generic.ICollection`1<ClinicManagement.Domain.Entities.Doctor> ClinicManagement.Domain.Entities.Department::get_Doctors()
FNDA:0,System.Collections.Generic.ICollection`1<ClinicManagement.Domain.Entities.Doctor> ClinicManagement.Domain.Entities.Department::get_Doctors()
DA:12,0
LF:3
LH:0
BRF:0
BRH:0
FNF:3
FNH:0
end_of_record
SF:/modernize-data/studio-data/TNT1001/APP242299/transformed-code/15/studio-workspace/FullApp/src/ClinicManagement.Domain/Entities/Doctor.cs
FN:7,System.String ClinicManagement.Domain.Entities.Doctor::get_Name()
FNDA:0,System.String ClinicManagement.Domain.Entities.Doctor::get_Name()
DA:8,0
FN:8,System.String ClinicManagement.Domain.Entities.Doctor::get_Email()
FNDA:0,System.String ClinicManagement.Domain.Entities.Doctor::get_Email()
DA:9,0
FN:9,System.String ClinicManagement.Domain.Entities.Doctor::get_Password()
FNDA:0,System.String ClinicManagement.Domain.Entities.Doctor::get_Password()
DA:10,0
FN:10,System.String ClinicManagement.Domain.Entities.Doctor::get_Phone()
FNDA:0,System.String ClinicManagement.Domain.Entities.Doctor::get_Phone()
DA:11,0
FN:11,System.String ClinicManagement.Domain.Entities.Doctor::get_Address()
FNDA:0,System.String ClinicManagement.Domain.Entities.Doctor::get_Address()
DA:12,0
FN:12,System.DateTime ClinicManagement.Domain.Entities.Doctor::get_BirthDate()
FNDA:0,System.DateTime ClinicManagement.Domain.Entities.Doctor::get_BirthDate()
DA:13,0
FN:13,System.String ClinicManagement.Domain.Entities.Doctor::get_Gender()
FNDA:0,System.String ClinicManagement.Domain.Entities.Doctor::get_Gender()
DA:14,0
FN:14,System.Int32 ClinicManagement.Domain.Entities.Doctor::get_DepartmentId()
FNDA:0,System.Int32 ClinicManagement.Domain.Entities.Doctor::get_DepartmentId()
DA:15,0
FN:15,System.Int32 ClinicManagement.Domain.Entities.Doctor::get_Experience()
FNDA:0,System.Int32 ClinicManagement.Domain.Entities.Doctor::get_Experience()
DA:16,0
FN:16,System.Decimal ClinicManagement.Domain.Entities.Doctor::get_Salary()
FNDA:0,System.Decimal ClinicManagement.Domain.Entities.Doctor::get_Salary()
DA:17,0
FN:17,System.Decimal ClinicManagement.Domain.Entities.Doctor::get_ChargesPerVisit()
FNDA:0,System.Decimal ClinicManagement.Domain.Entities.Doctor::get_ChargesPerVisit()
DA:18,0
FN:18,System.String ClinicManagement.Domain.Entities.Doctor::get_Qualification()
FNDA:0,System.String ClinicManagement.Domain.Entities.Doctor::get_Qualification()
DA:19,0
FN:19,System.String ClinicManagement.Domain.Entities.Doctor::get_Specialization()
FNDA:0,System.String ClinicManagement.Domain.Entities.Doctor::get_Specialization()
DA:20,0
FN:20,System.Single ClinicManagement.Domain.Entities.Doctor::get_ReputationIndex()
FNDA:0,System.Single ClinicManagement.Domain.Entities.Doctor::get_ReputationIndex()
DA:21,0
FN:21,System.Int32 ClinicManagement.Domain.Entities.Doctor::get_PatientsTreated()
FNDA:0,System.Int32 ClinicManagement.Domain.Entities.Doctor::get_PatientsTreated()
DA:22,0
FN:22,System.Int32 ClinicManagement.Domain.Entities.Doctor::get_Age()
FNDA:0,System.Int32 ClinicManagement.Domain.Entities.Doctor::get_Age()
DA:23,0
FN:25,ClinicManagement.Domain.Entities.Department ClinicManagement.Domain.Entities.Doctor::get_Department()
FNDA:0,ClinicManagement.Domain.Entities.Department ClinicManagement.Domain.Entities.Doctor::get_Department()
DA:26,0
FN:26,System.Collections.Generic.ICollection`1<ClinicManagement.Domain.Entities.Appointment> ClinicManagement.Domain.Entities.Doctor::get_Appointments()
FNDA:0,System.Collections.Generic.ICollection`1<ClinicManagement.Domain.Entities.Appointment> ClinicManagement.Domain.Entities.Doctor::get_Appointments()
DA:27,0
LF:18
LH:0
BRF:0
BRH:0
FNF:18
FNH:0
end_of_record
SF:/modernize-data/studio-data/TNT1001/APP242299/transformed-code/15/studio-workspace/FullApp/src/ClinicManagement.Domain/Entities/Feedback.cs
FN:7,System.Int32 ClinicManagement.Domain.Entities.Feedback::get_AppointmentId()
FNDA:0,System.Int32 ClinicManagement.Domain.Entities.Feedback::get_AppointmentId()
DA:8,0
FN:8,System.Int32 ClinicManagement.Domain.Entities.Feedback::get_PatientId()
FNDA:0,System.Int32 ClinicManagement.Domain.Entities.Feedback::get_PatientId()
DA:9,0
FN:9,System.Int32 ClinicManagement.Domain.Entities.Feedback::get_DoctorId()
FNDA:0,System.Int32 ClinicManagement.Domain.Entities.Feedback::get_DoctorId()
DA:10,0
FN:10,System.Int32 ClinicManagement.Domain.Entities.Feedback::get_Rating()
FNDA:0,System.Int32 ClinicManagement.Domain.Entities.Feedback::get_Rating()
DA:11,0
FN:11,System.String ClinicManagement.Domain.Entities.Feedback::get_Comments()
FNDA:0,System.String ClinicManagement.Domain.Entities.Feedback::get_Comments()
DA:12,0
FN:12,System.DateTime ClinicManagement.Domain.Entities.Feedback::get_FeedbackDate()
FNDA:0,System.DateTime ClinicManagement.Domain.Entities.Feedback::get_FeedbackDate()
DA:13,0
FN:15,ClinicManagement.Domain.Entities.Appointment ClinicManagement.Domain.Entities.Feedback::get_Appointment()
FNDA:0,ClinicManagement.Domain.Entities.Appointment ClinicManagement.Domain.Entities.Feedback::get_Appointment()
DA:16,0
FN:16,ClinicManagement.Domain.Entities.Patient ClinicManagement.Domain.Entities.Feedback::get_Patient()
FNDA:0,ClinicManagement.Domain.Entities.Patient ClinicManagement.Domain.Entities.Feedback::get_Patient()
DA:17,0
FN:17,ClinicManagement.Domain.Entities.Doctor ClinicManagement.Domain.Entities.Feedback::get_Doctor()
FNDA:0,ClinicManagement.Domain.Entities.Doctor ClinicManagement.Domain.Entities.Feedback::get_Doctor()
DA:18,0
LF:9
LH:0
BRF:0
BRH:0
FNF:9
FNH:0
end_of_record
SF:/modernize-data/studio-data/TNT1001/APP242299/transformed-code/15/studio-workspace/FullApp/src/ClinicManagement.Domain/Entities/Patient.cs
FN:7,System.String ClinicManagement.Domain.Entities.Patient::get_Name()
FNDA:0,System.String ClinicManagement.Domain.Entities.Patient::get_Name()
DA:8,0
FN:8,System.String ClinicManagement.Domain.Entities.Patient::get_Email()
FNDA:0,System.String ClinicManagement.Domain.Entities.Patient::get_Email()
DA:9,0
FN:9,System.String ClinicManagement.Domain.Entities.Patient::get_Password()
FNDA:0,System.String ClinicManagement.Domain.Entities.Patient::get_Password()
DA:10,0
FN:10,System.String ClinicManagement.Domain.Entities.Patient::get_Phone()
FNDA:0,System.String ClinicManagement.Domain.Entities.Patient::get_Phone()
DA:11,0
FN:11,System.String ClinicManagement.Domain.Entities.Patient::get_Address()
FNDA:0,System.String ClinicManagement.Domain.Entities.Patient::get_Address()
DA:12,0
FN:12,System.DateTime ClinicManagement.Domain.Entities.Patient::get_BirthDate()
FNDA:0,System.DateTime ClinicManagement.Domain.Entities.Patient::get_BirthDate()
DA:13,0
FN:13,System.String ClinicManagement.Domain.Entities.Patient::get_Gender()
FNDA:0,System.String ClinicManagement.Domain.Entities.Patient::get_Gender()
DA:14,0
FN:14,System.Int32 ClinicManagement.Domain.Entities.Patient::get_Age()
FNDA:0,System.Int32 ClinicManagement.Domain.Entities.Patient::get_Age()
DA:15,0
FN:17,System.Collections.Generic.ICollection`1<ClinicManagement.Domain.Entities.Appointment> ClinicManagement.Domain.Entities.Patient::get_Appointments()
FNDA:0,System.Collections.Generic.ICollection`1<ClinicManagement.Domain.Entities.Appointment> ClinicManagement.Domain.Entities.Patient::get_Appointments()
DA:18,0
FN:18,System.Collections.Generic.ICollection`1<ClinicManagement.Domain.Entities.Feedback> ClinicManagement.Domain.Entities.Patient::get_Feedbacks()
FNDA:0,System.Collections.Generic.ICollection`1<ClinicManagement.Domain.Entities.Feedback> ClinicManagement.Domain.Entities.Patient::get_Feedbacks()
DA:19,0
LF:10
LH:0
BRF:0
BRH:0
FNF:10
FNH:0
end_of_record
SF:/modernize-data/studio-data/TNT1001/APP242299/transformed-code/15/studio-workspace/FullApp/src/ClinicManagement.Domain/Entities/Staff.cs
FN:7,System.String ClinicManagement.Domain.Entities.Staff::get_Name()
FNDA:0,System.String ClinicManagement.Domain.Entities.Staff::get_Name()
DA:8,0
FN:8,System.String ClinicManagement.Domain.Entities.Staff::get_Phone()
FNDA:0,System.String ClinicManagement.Domain.Entities.Staff::get_Phone()
DA:9,0
FN:9,System.String ClinicManagement.Domain.Entities.Staff::get_Address()
FNDA:0,System.String ClinicManagement.Domain.Entities.Staff::get_Address()
DA:10,0
FN:10,System.DateTime ClinicManagement.Domain.Entities.Staff::get_BirthDate()
FNDA:0,System.DateTime ClinicManagement.Domain.Entities.Staff::get_BirthDate()
DA:11,0
FN:11,System.String ClinicManagement.Domain.Entities.Staff::get_Gender()
FNDA:0,System.String ClinicManagement.Domain.Entities.Staff::get_Gender()
DA:12,0
FN:12,System.String ClinicManagement.Domain.Entities.Staff::get_Designation()
FNDA:0,System.String ClinicManagement.Domain.Entities.Staff::get_Designation()
DA:13,0
FN:13,System.Decimal ClinicManagement.Domain.Entities.Staff::get_Salary()
FNDA:0,System.Decimal ClinicManagement.Domain.Entities.Staff::get_Salary()
DA:14,0
FN:14,System.String ClinicManagement.Domain.Entities.Staff::get_Qualification()
FNDA:0,System.String ClinicManagement.Domain.Entities.Staff::get_Qualification()
DA:15,0
LF:8
LH:0
BRF:0
BRH:0
FNF:8
FNH:0
end_of_record