SF:/modernize-data/studio-data/TNT1001/APP896099/transformed-code/8/studio-workspace/BackendService/src/ClinicManagement.Infrastructure/Repositories/AppointmentRepository.cs
FN:14,System.Void ClinicManagement.Infrastructure.Repositories.AppointmentRepository::.ctor(ClinicManagement.Infrastructure.Data.ClinicDbContext)
FNDA:0,System.Void ClinicManagement.Infrastructure.Repositories.AppointmentRepository::.ctor(ClinicManagement.Infrastructure.Data.ClinicDbContext)
DA:15,0
DA:16,0
DA:17,0
DA:18,0
FN:38,System.Void ClinicManagement.Infrastructure.Repositories.AppointmentRepository/<AddAsync>d__4::MoveNext()
FNDA:0,System.Void ClinicManagement.Infrastructure.Repositories.AppointmentRepository/<AddAsync>d__4::MoveNext()
DA:39,0
DA:40,0
DA:42,0
DA:43,0
DA:45,0
DA:46,0
FN:116,System.Void ClinicManagement.Infrastructure.Repositories.AppointmentRepository/<ApproveAppointmentAsync>d__12::MoveNext()
FNDA:0,System.Void ClinicManagement.Infrastructure.Repositories.AppointmentRepository/<ApproveAppointmentAsync>d__12::MoveNext()
DA:117,0
DA:118,0
DA:119,0
DA:120,0
DA:121,0
DA:122,0
DA:123,0
DA:124,0
DA:125,0
BRDA:119,203,0,0
BRDA:119,203,1,0
FN:56,System.Void ClinicManagement.Infrastructure.Repositories.AppointmentRepository/<DeleteAsync>d__6::MoveNext()
FNDA:0,System.Void ClinicManagement.Infrastructure.Repositories.AppointmentRepository/<DeleteAsync>d__6::MoveNext()
DA:57,0
DA:58,0
DA:59,0
DA:60,0
DA:61,0
DA:62,0
DA:63,0
DA:64,0
BRDA:59,203,0,0
BRDA:59,203,1,0
FN:66,System.Void ClinicManagement.Infrastructure.Repositories.AppointmentRepository/<ExistsAsync>d__7::MoveNext()
FNDA:0,System.Void ClinicManagement.Infrastructure.Repositories.AppointmentRepository/<ExistsAsync>d__7::MoveNext()
DA:67,0
DA:68,0
DA:69,0
DA:70,0
FN:20,System.Void ClinicManagement.Infrastructure.Repositories.AppointmentRepository/<GetAllAsync>d__2::MoveNext()
FNDA:0,System.Void ClinicManagement.Infrastructure.Repositories.AppointmentRepository/<GetAllAsync>d__2::MoveNext()
DA:21,0
DA:22,0
DA:23,0
DA:24,0
DA:25,0
DA:26,0
DA:27,0
FN:106,System.Void ClinicManagement.Infrastructure.Repositories.AppointmentRepository/<GetAppointmentsByPatientAsync>d__11::MoveNext()
FNDA:0,System.Void ClinicManagement.Infrastructure.Repositories.AppointmentRepository/<GetAppointmentsByPatientAsync>d__11::MoveNext()
DA:107,0
DA:108,0
DA:109,0
DA:110,0
DA:111,0
DA:112,0
DA:113,0
DA:114,0
FN:29,System.Void ClinicManagement.Infrastructure.Repositories.AppointmentRepository/<GetByIdAsync>d__3::MoveNext()
FNDA:0,System.Void ClinicManagement.Infrastructure.Repositories.AppointmentRepository/<GetByIdAsync>d__3::MoveNext()
DA:30,0
DA:31,0
DA:32,0
DA:33,0
DA:34,0
DA:35,0
DA:36,0
FN:95,System.Void ClinicManagement.Infrastructure.Repositories.AppointmentRepository/<GetCurrentAppointmentByPatientAsync>d__10::MoveNext()
FNDA:0,System.Void ClinicManagement.Infrastructure.Repositories.AppointmentRepository/<GetCurrentAppointmentByPatientAsync>d__10::MoveNext()
DA:96,0
DA:97,0
DA:98,0
DA:99,0
DA:100,0
DA:101,0
DA:102,0
DA:103,0
DA:104,0
FN:72,System.Void ClinicManagement.Infrastructure.Repositories.AppointmentRepository/<GetPendingAppointmentsByDoctorAsync>d__8::MoveNext()
FNDA:0,System.Void ClinicManagement.Infrastructure.Repositories.AppointmentRepository/<GetPendingAppointmentsByDoctorAsync>d__8::MoveNext()
DA:73,0
DA:74,0
DA:75,0
DA:76,0
DA:77,0
DA:78,0
DA:79,0
DA:80,0
FN:82,System.Void ClinicManagement.Infrastructure.Repositories.AppointmentRepository/<GetTodaysAppointmentsByDoctorAsync>d__9::MoveNext()
FNDA:0,System.Void ClinicManagement.Infrastructure.Repositories.AppointmentRepository/<GetTodaysAppointmentsByDoctorAsync>d__9::MoveNext()
DA:83,0
DA:84,0
DA:85,0
DA:86,0
DA:87,0
DA:88,0
DA:89,0
DA:90,0
DA:91,0
DA:92,0
DA:93,0
FN:48,System.Void ClinicManagement.Infrastructure.Repositories.AppointmentRepository/<UpdateAsync>d__5::MoveNext()
FNDA:0,System.Void ClinicManagement.Infrastructure.Repositories.AppointmentRepository/<UpdateAsync>d__5::MoveNext()
DA:49,0
DA:50,0
DA:52,0
DA:53,0
DA:54,0
LF:86
LH:0
BRF:4
BRH:0
FNF:12
FNH:0
end_of_record
SF:/modernize-data/studio-data/TNT1001/APP896099/transformed-code/8/studio-workspace/BackendService/src/ClinicManagement.Infrastructure/Repositories/BillRepository.cs
FN:11,System.Void ClinicManagement.Infrastructure.Repositories.BillRepository::.ctor(ClinicManagement.Infrastructure.Data.ClinicDbContext)
FNDA:0,System.Void ClinicManagement.Infrastructure.Repositories.BillRepository::.ctor(ClinicManagement.Infrastructure.Data.ClinicDbContext)
DA:12,0
DA:13,0
DA:14,0
DA:15,0
FN:37,System.Void ClinicManagement.Infrastructure.Repositories.BillRepository/<AddAsync>d__4::MoveNext()
FNDA:0,System.Void ClinicManagement.Infrastructure.Repositories.BillRepository/<AddAsync>d__4::MoveNext()
DA:38,0
DA:39,0
DA:41,0
DA:42,0
DA:44,0
DA:45,0
FN:55,System.Void ClinicManagement.Infrastructure.Repositories.BillRepository/<DeleteAsync>d__6::MoveNext()
FNDA:0,System.Void ClinicManagement.Infrastructure.Repositories.BillRepository/<DeleteAsync>d__6::MoveNext()
DA:56,0
DA:57,0
DA:58,0
DA:59,0
DA:60,0
DA:61,0
DA:62,0
DA:63,0
BRDA:58,203,0,0
BRDA:58,203,1,0
FN:65,System.Void ClinicManagement.Infrastructure.Repositories.BillRepository/<ExistsAsync>d__7::MoveNext()
FNDA:0,System.Void ClinicManagement.Infrastructure.Repositories.BillRepository/<ExistsAsync>d__7::MoveNext()
DA:66,0
DA:67,0
DA:68,0
DA:69,0
FN:17,System.Void ClinicManagement.Infrastructure.Repositories.BillRepository/<GetAllAsync>d__2::MoveNext()
FNDA:0,System.Void ClinicManagement.Infrastructure.Repositories.BillRepository/<GetAllAsync>d__2::MoveNext()
DA:18,0
DA:19,0
DA:20,0
DA:21,0
DA:22,0
DA:23,0
DA:24,0
DA:25,0
FN:82,System.Void ClinicManagement.Infrastructure.Repositories.BillRepository/<GetBillsByDoctorAsync>d__9::MoveNext()
FNDA:0,System.Void ClinicManagement.Infrastructure.Repositories.BillRepository/<GetBillsByDoctorAsync>d__9::MoveNext()
DA:83,0
DA:84,0
DA:85,0
DA:86,0
DA:87,0
DA:88,0
DA:89,0
DA:90,0
DA:91,0
FN:71,System.Void ClinicManagement.Infrastructure.Repositories.BillRepository/<GetBillsByPatientAsync>d__8::MoveNext()
FNDA:0,System.Void ClinicManagement.Infrastructure.Repositories.BillRepository/<GetBillsByPatientAsync>d__8::MoveNext()
DA:72,0
DA:73,0
DA:74,0
DA:75,0
DA:76,0
DA:77,0
DA:78,0
DA:79,0
DA:80,0
FN:27,System.Void ClinicManagement.Infrastructure.Repositories.BillRepository/<GetByIdAsync>d__3::MoveNext()
FNDA:0,System.Void ClinicManagement.Infrastructure.Repositories.BillRepository/<GetByIdAsync>d__3::MoveNext()
DA:28,0
DA:29,0
DA:30,0
DA:31,0
DA:32,0
DA:33,0
DA:34,0
DA:35,0
FN:47,System.Void ClinicManagement.Infrastructure.Repositories.BillRepository/<UpdateAsync>d__5::MoveNext()
FNDA:0,System.Void ClinicManagement.Infrastructure.Repositories.BillRepository/<UpdateAsync>d__5::MoveNext()
DA:48,0
DA:49,0
DA:51,0
DA:52,0
DA:53,0
LF:61
LH:0
BRF:2
BRH:0
FNF:9
FNH:0
end_of_record
SF:/modernize-data/studio-data/TNT1001/APP896099/transformed-code/8/studio-workspace/BackendService/src/ClinicManagement.Infrastructure/Repositories/DepartmentRepository.cs
FN:11,System.Void ClinicManagement.Infrastructure.Repositories.DepartmentRepository::.ctor(ClinicManagement.Infrastructure.Data.ClinicDbContext)
FNDA:0,System.Void ClinicManagement.Infrastructure.Repositories.DepartmentRepository::.ctor(ClinicManagement.Infrastructure.Data.ClinicDbContext)
DA:12,0
DA:13,0
DA:14,0
DA:15,0
FN:32,System.Void ClinicManagement.Infrastructure.Repositories.DepartmentRepository/<AddAsync>d__4::MoveNext()
FNDA:0,System.Void ClinicManagement.Infrastructure.Repositories.DepartmentRepository/<AddAsync>d__4::MoveNext()
DA:33,0
DA:34,0
DA:35,0
DA:37,0
DA:38,0
DA:40,0
DA:41,0
FN:51,System.Void ClinicManagement.Infrastructure.Repositories.DepartmentRepository/<DeleteAsync>d__6::MoveNext()
FNDA:0,System.Void ClinicManagement.Infrastructure.Repositories.DepartmentRepository/<DeleteAsync>d__6::MoveNext()
DA:52,0
DA:53,0
DA:54,0
DA:55,0
DA:56,0
DA:57,0
DA:58,0
DA:59,0
DA:60,0
BRDA:54,203,0,0
BRDA:54,203,1,0
FN:62,System.Void ClinicManagement.Infrastructure.Repositories.DepartmentRepository/<ExistsAsync>d__7::MoveNext()
FNDA:0,System.Void ClinicManagement.Infrastructure.Repositories.DepartmentRepository/<ExistsAsync>d__7::MoveNext()
DA:63,0
DA:64,0
DA:65,0
DA:66,0
FN:17,System.Void ClinicManagement.Infrastructure.Repositories.DepartmentRepository/<GetAllAsync>d__2::MoveNext()
FNDA:0,System.Void ClinicManagement.Infrastructure.Repositories.DepartmentRepository/<GetAllAsync>d__2::MoveNext()
DA:18,0
DA:19,0
DA:20,0
DA:21,0
DA:22,0
DA:23,0
FN:25,System.Void ClinicManagement.Infrastructure.Repositories.DepartmentRepository/<GetByIdAsync>d__3::MoveNext()
FNDA:0,System.Void ClinicManagement.Infrastructure.Repositories.DepartmentRepository/<GetByIdAsync>d__3::MoveNext()
DA:26,0
DA:27,0
DA:28,0
DA:29,0
DA:30,0
FN:43,System.Void ClinicManagement.Infrastructure.Repositories.DepartmentRepository/<UpdateAsync>d__5::MoveNext()
FNDA:0,System.Void ClinicManagement.Infrastructure.Repositories.DepartmentRepository/<UpdateAsync>d__5::MoveNext()
DA:44,0
DA:45,0
DA:47,0
DA:48,0
DA:49,0
LF:40
LH:0
BRF:2
BRH:0
FNF:7
FNH:0
end_of_record
SF:/modernize-data/studio-data/TNT1001/APP896099/transformed-code/8/studio-workspace/BackendService/src/ClinicManagement.Infrastructure/Repositories/DoctorRepository.cs
FN:14,System.Void ClinicManagement.Infrastructure.Repositories.DoctorRepository::.ctor(ClinicManagement.Infrastructure.Data.ClinicDbContext)
FNDA:0,System.Void ClinicManagement.Infrastructure.Repositories.DoctorRepository::.ctor(ClinicManagement.Infrastructure.Data.ClinicDbContext)
DA:15,0
DA:16,0
DA:17,0
DA:18,0
FN:44,System.Void ClinicManagement.Infrastructure.Repositories.DoctorRepository/<AddAsync>d__5::MoveNext()
FNDA:0,System.Void ClinicManagement.Infrastructure.Repositories.DoctorRepository/<AddAsync>d__5::MoveNext()
DA:45,0
DA:46,0
DA:47,0
DA:49,0
DA:50,0
DA:52,0
DA:53,0
FN:63,System.Void ClinicManagement.Infrastructure.Repositories.DoctorRepository/<DeleteAsync>d__7::MoveNext()
FNDA:0,System.Void ClinicManagement.Infrastructure.Repositories.DoctorRepository/<DeleteAsync>d__7::MoveNext()
DA:64,0
DA:65,0
DA:66,0
DA:67,0
DA:68,0
DA:69,0
DA:70,0
DA:71,0
DA:72,0
BRDA:66,203,0,0
BRDA:66,203,1,0
FN:80,System.Void ClinicManagement.Infrastructure.Repositories.DoctorRepository/<EmailExistsAsync>d__9::MoveNext()
FNDA:0,System.Void ClinicManagement.Infrastructure.Repositories.DoctorRepository/<EmailExistsAsync>d__9::MoveNext()
DA:81,0
DA:82,0
DA:83,0
DA:84,0
FN:74,System.Void ClinicManagement.Infrastructure.Repositories.DoctorRepository/<ExistsAsync>d__8::MoveNext()
FNDA:0,System.Void ClinicManagement.Infrastructure.Repositories.DoctorRepository/<ExistsAsync>d__8::MoveNext()
DA:75,0
DA:76,0
DA:77,0
DA:78,0
FN:20,System.Void ClinicManagement.Infrastructure.Repositories.DoctorRepository/<GetAllAsync>d__2::MoveNext()
FNDA:0,System.Void ClinicManagement.Infrastructure.Repositories.DoctorRepository/<GetAllAsync>d__2::MoveNext()
DA:21,0
DA:22,0
DA:23,0
DA:24,0
DA:25,0
DA:26,0
DA:27,0
FN:95,System.Void ClinicManagement.Infrastructure.Repositories.DoctorRepository/<GetByDepartmentAsync>d__11::MoveNext()
FNDA:0,System.Void ClinicManagement.Infrastructure.Repositories.DoctorRepository/<GetByDepartmentAsync>d__11::MoveNext()
DA:96,0
DA:97,0
DA:98,0
DA:99,0
DA:100,0
DA:101,0
DA:102,0
FN:37,System.Void ClinicManagement.Infrastructure.Repositories.DoctorRepository/<GetByEmailAsync>d__4::MoveNext()
FNDA:0,System.Void ClinicManagement.Infrastructure.Repositories.DoctorRepository/<GetByEmailAsync>d__4::MoveNext()
DA:38,0
DA:39,0
DA:40,0
DA:41,0
DA:42,0
FN:29,System.Void ClinicManagement.Infrastructure.Repositories.DoctorRepository/<GetByIdAsync>d__3::MoveNext()
FNDA:0,System.Void ClinicManagement.Infrastructure.Repositories.DoctorRepository/<GetByIdAsync>d__3::MoveNext()
DA:30,0
DA:31,0
DA:32,0
DA:33,0
DA:34,0
DA:35,0
FN:86,System.Void ClinicManagement.Infrastructure.Repositories.DoctorRepository/<SearchAsync>d__10::MoveNext()
FNDA:0,System.Void ClinicManagement.Infrastructure.Repositories.DoctorRepository/<SearchAsync>d__10::MoveNext()
DA:87,0
DA:88,0
DA:89,0
DA:90,0
DA:91,0
DA:92,0
DA:93,0
FN:55,System.Void ClinicManagement.Infrastructure.Repositories.DoctorRepository/<UpdateAsync>d__6::MoveNext()
FNDA:0,System.Void ClinicManagement.Infrastructure.Repositories.DoctorRepository/<UpdateAsync>d__6::MoveNext()
DA:56,0
DA:57,0
DA:59,0
DA:60,0
DA:61,0
LF:65
LH:0
BRF:2
BRH:0
FNF:11
FNH:0
end_of_record
SF:/modernize-data/studio-data/TNT1001/APP896099/transformed-code/8/studio-workspace/BackendService/src/ClinicManagement.Infrastructure/Repositories/OtherStaffRepository.cs
FN:11,System.Void ClinicManagement.Infrastructure.Repositories.OtherStaffRepository::.ctor(ClinicManagement.Infrastructure.Data.ClinicDbContext)
FNDA:0,System.Void ClinicManagement.Infrastructure.Repositories.OtherStaffRepository::.ctor(ClinicManagement.Infrastructure.Data.ClinicDbContext)
DA:12,0
DA:13,0
DA:14,0
DA:15,0
FN:32,System.Void ClinicManagement.Infrastructure.Repositories.OtherStaffRepository/<AddAsync>d__4::MoveNext()
FNDA:0,System.Void ClinicManagement.Infrastructure.Repositories.OtherStaffRepository/<AddAsync>d__4::MoveNext()
DA:33,0
DA:34,0
DA:35,0
DA:37,0
DA:38,0
DA:40,0
DA:41,0
FN:51,System.Void ClinicManagement.Infrastructure.Repositories.OtherStaffRepository/<DeleteAsync>d__6::MoveNext()
FNDA:0,System.Void ClinicManagement.Infrastructure.Repositories.OtherStaffRepository/<DeleteAsync>d__6::MoveNext()
DA:52,0
DA:53,0
DA:54,0
DA:55,0
DA:56,0
DA:57,0
DA:58,0
DA:59,0
DA:60,0
BRDA:54,203,0,0
BRDA:54,203,1,0
FN:62,System.Void ClinicManagement.Infrastructure.Repositories.OtherStaffRepository/<ExistsAsync>d__7::MoveNext()
FNDA:0,System.Void ClinicManagement.Infrastructure.Repositories.OtherStaffRepository/<ExistsAsync>d__7::MoveNext()
DA:63,0
DA:64,0
DA:65,0
DA:66,0
FN:17,System.Void ClinicManagement.Infrastructure.Repositories.OtherStaffRepository/<GetAllAsync>d__2::MoveNext()
FNDA:0,System.Void ClinicManagement.Infrastructure.Repositories.OtherStaffRepository/<GetAllAsync>d__2::MoveNext()
DA:18,0
DA:19,0
DA:20,0
DA:21,0
DA:22,0
DA:23,0
FN:25,System.Void ClinicManagement.Infrastructure.Repositories.OtherStaffRepository/<GetByIdAsync>d__3::MoveNext()
FNDA:0,System.Void ClinicManagement.Infrastructure.Repositories.OtherStaffRepository/<GetByIdAsync>d__3::MoveNext()
DA:26,0
DA:27,0
DA:28,0
DA:29,0
DA:30,0
FN:68,System.Void ClinicManagement.Infrastructure.Repositories.OtherStaffRepository/<SearchAsync>d__8::MoveNext()
FNDA:0,System.Void ClinicManagement.Infrastructure.Repositories.OtherStaffRepository/<SearchAsync>d__8::MoveNext()
DA:69,0
DA:70,0
DA:71,0
DA:72,0
DA:73,0
DA:74,0
FN:43,System.Void ClinicManagement.Infrastructure.Repositories.OtherStaffRepository/<UpdateAsync>d__5::MoveNext()
FNDA:0,System.Void ClinicManagement.Infrastructure.Repositories.OtherStaffRepository/<UpdateAsync>d__5::MoveNext()
DA:44,0
DA:45,0
DA:47,0
DA:48,0
DA:49,0
LF:46
LH:0
BRF:2
BRH:0
FNF:8
FNH:0
end_of_record
SF:/modernize-data/studio-data/TNT1001/APP896099/transformed-code/8/studio-workspace/BackendService/src/ClinicManagement.Infrastructure/Repositories/PatientRepository.cs
FN:14,System.Void ClinicManagement.Infrastructure.Repositories.PatientRepository::.ctor(ClinicManagement.Infrastructure.Data.ClinicDbContext)
FNDA:0,System.Void ClinicManagement.Infrastructure.Repositories.PatientRepository::.ctor(ClinicManagement.Infrastructure.Data.ClinicDbContext)
DA:15,0
DA:16,0
DA:17,0
DA:18,0
FN:42,System.Void ClinicManagement.Infrastructure.Repositories.PatientRepository/<AddAsync>d__5::MoveNext()
FNDA:0,System.Void ClinicManagement.Infrastructure.Repositories.PatientRepository/<AddAsync>d__5::MoveNext()
DA:43,0
DA:44,0
DA:45,0
DA:47,0
DA:48,0
DA:50,0
DA:51,0
FN:61,System.Void ClinicManagement.Infrastructure.Repositories.PatientRepository/<DeleteAsync>d__7::MoveNext()
FNDA:0,System.Void ClinicManagement.Infrastructure.Repositories.PatientRepository/<DeleteAsync>d__7::MoveNext()
DA:62,0
DA:63,0
DA:64,0
DA:65,0
DA:66,0
DA:67,0
DA:68,0
DA:69,0
DA:70,0
BRDA:64,203,0,0
BRDA:64,203,1,0
FN:72,System.Void ClinicManagement.Infrastructure.Repositories.PatientRepository/<ExistsAsync>d__8::MoveNext()
FNDA:0,System.Void ClinicManagement.Infrastructure.Repositories.PatientRepository/<ExistsAsync>d__8::MoveNext()
DA:73,0
DA:74,0
DA:75,0
DA:76,0
FN:20,System.Void ClinicManagement.Infrastructure.Repositories.PatientRepository/<GetAllAsync>d__2::MoveNext()
FNDA:0,System.Void ClinicManagement.Infrastructure.Repositories.PatientRepository/<GetAllAsync>d__2::MoveNext()
DA:21,0
DA:22,0
DA:23,0
DA:24,0
DA:25,0
DA:26,0
FN:35,System.Void ClinicManagement.Infrastructure.Repositories.PatientRepository/<GetByEmailAsync>d__4::MoveNext()
FNDA:0,System.Void ClinicManagement.Infrastructure.Repositories.PatientRepository/<GetByEmailAsync>d__4::MoveNext()
DA:36,0
DA:37,0
DA:38,0
DA:39,0
DA:40,0
FN:28,System.Void ClinicManagement.Infrastructure.Repositories.PatientRepository/<GetByIdAsync>d__3::MoveNext()
FNDA:0,System.Void ClinicManagement.Infrastructure.Repositories.PatientRepository/<GetByIdAsync>d__3::MoveNext()
DA:29,0
DA:30,0
DA:31,0
DA:32,0
DA:33,0
FN:78,System.Void ClinicManagement.Infrastructure.Repositories.PatientRepository/<SearchAsync>d__9::MoveNext()
FNDA:0,System.Void ClinicManagement.Infrastructure.Repositories.PatientRepository/<SearchAsync>d__9::MoveNext()
DA:79,0
DA:80,0
DA:81,0
DA:82,0
DA:83,0
DA:84,0
FN:53,System.Void ClinicManagement.Infrastructure.Repositories.PatientRepository/<UpdateAsync>d__6::MoveNext()
FNDA:0,System.Void ClinicManagement.Infrastructure.Repositories.PatientRepository/<UpdateAsync>d__6::MoveNext()
DA:54,0
DA:55,0
DA:57,0
DA:58,0
DA:59,0
FN:86,System.Void ClinicManagement.Infrastructure.Repositories.PatientRepository/<ValidateLoginAsync>d__10::MoveNext()
FNDA:0,System.Void ClinicManagement.Infrastructure.Repositories.PatientRepository/<ValidateLoginAsync>d__10::MoveNext()
DA:87,0
DA:88,0
DA:89,0
DA:90,0
DA:92,0
DA:93,0
DA:94,0
DA:97,0
DA:98,0
BRDA:92,414,0,0
BRDA:92,414,1,0
LF:60
LH:0
BRF:4
BRH:0
FNF:10
FNH:0
end_of_record
SF:/modernize-data/studio-data/TNT1001/APP896099/transformed-code/8/studio-workspace/BackendService/src/ClinicManagement.Infrastructure/Data/ClinicDbContext.cs
FN:14,Microsoft.EntityFrameworkCore.DbSet`1<ClinicManagement.Domain.Entities.Patient> ClinicManagement.Infrastructure.Data.ClinicDbContext::get_Patients()
FNDA:0,Microsoft.EntityFrameworkCore.DbSet`1<ClinicManagement.Domain.Entities.Patient> ClinicManagement.Infrastructure.Data.ClinicDbContext::get_Patients()
DA:15,0
FN:15,Microsoft.EntityFrameworkCore.DbSet`1<ClinicManagement.Domain.Entities.Doctor> ClinicManagement.Infrastructure.Data.ClinicDbContext::get_Doctors()
FNDA:0,Microsoft.EntityFrameworkCore.DbSet`1<ClinicManagement.Domain.Entities.Doctor> ClinicManagement.Infrastructure.Data.ClinicDbContext::get_Doctors()
DA:16,0
FN:16,Microsoft.EntityFrameworkCore.DbSet`1<ClinicManagement.Domain.Entities.Department> ClinicManagement.Infrastructure.Data.ClinicDbContext::get_Departments()
FNDA:0,Microsoft.EntityFrameworkCore.DbSet`1<ClinicManagement.Domain.Entities.Department> ClinicManagement.Infrastructure.Data.ClinicDbContext::get_Departments()
DA:17,0
FN:17,Microsoft.EntityFrameworkCore.DbSet`1<ClinicManagement.Domain.Entities.Appointment> ClinicManagement.Infrastructure.Data.ClinicDbContext::get_Appointments()
FNDA:0,Microsoft.EntityFrameworkCore.DbSet`1<ClinicManagement.Domain.Entities.Appointment> ClinicManagement.Infrastructure.Data.ClinicDbContext::get_Appointments()
DA:18,0
FN:18,Microsoft.EntityFrameworkCore.DbSet`1<ClinicManagement.Domain.Entities.Bill> ClinicManagement.Infrastructure.Data.ClinicDbContext::get_Bills()
FNDA:0,Microsoft.EntityFrameworkCore.DbSet`1<ClinicManagement.Domain.Entities.Bill> ClinicManagement.Infrastructure.Data.ClinicDbContext::get_Bills()
DA:19,0
FN:19,Microsoft.EntityFrameworkCore.DbSet`1<ClinicManagement.Domain.Entities.TreatmentHistory> ClinicManagement.Infrastructure.Data.ClinicDbContext::get_TreatmentHistories()
FNDA:0,Microsoft.EntityFrameworkCore.DbSet`1<ClinicManagement.Domain.Entities.TreatmentHistory> ClinicManagement.Infrastructure.Data.ClinicDbContext::get_TreatmentHistories()
DA:20,0
FN:20,Microsoft.EntityFrameworkCore.DbSet`1<ClinicManagement.Domain.Entities.OtherStaff> ClinicManagement.Infrastructure.Data.ClinicDbContext::get_OtherStaffs()
FNDA:0,Microsoft.EntityFrameworkCore.DbSet`1<ClinicManagement.Domain.Entities.OtherStaff> ClinicManagement.Infrastructure.Data.ClinicDbContext::get_OtherStaffs()
DA:21,0
FN:23,System.Void ClinicManagement.Infrastructure.Data.ClinicDbContext::OnModelCreating(Microsoft.EntityFrameworkCore.ModelBuilder)
FNDA:0,System.Void ClinicManagement.Infrastructure.Data.ClinicDbContext::OnModelCreating(Microsoft.EntityFrameworkCore.ModelBuilder)
DA:24,0
DA:25,0
DA:28,0
DA:29,0
FN:10,System.Void ClinicManagement.Infrastructure.Data.ClinicDbContext::.ctor(Microsoft.EntityFrameworkCore.DbContextOptions`1<ClinicManagement.Infrastructure.Data.ClinicDbContext>)
FNDA:0,System.Void ClinicManagement.Infrastructure.Data.ClinicDbContext::.ctor(Microsoft.EntityFrameworkCore.DbContextOptions`1<ClinicManagement.Infrastructure.Data.ClinicDbContext>)
DA:11,0
DA:12,0
DA:13,0
LF:14
LH:0
BRF:0
BRH:0
FNF:9
FNH:0
end_of_record
SF:/modernize-data/studio-data/TNT1001/APP896099/transformed-code/8/studio-workspace/BackendService/src/ClinicManagement.Infrastructure/Data/Configurations/AppointmentConfiguration.cs
FN:12,System.Void ClinicManagement.Infrastructure.Data.Configurations.AppointmentConfiguration::Configure(Microsoft.EntityFrameworkCore.Metadata.Builders.EntityTypeBuilder`1<ClinicManagement.Domain.Entities.Appointment>)
FNDA:0,System.Void ClinicManagement.Infrastructure.Data.Configurations.AppointmentConfiguration::Configure(Microsoft.EntityFrameworkCore.Metadata.Builders.EntityTypeBuilder`1<ClinicManagement.Domain.Entities.Appointment>)
DA:13,0
DA:14,0
DA:16,0
DA:18,0
DA:19,0
DA:20,0
DA:22,0
DA:23,0
DA:24,0
DA:25,0
DA:27,0
DA:28,0
DA:30,0
DA:31,0
DA:33,0
DA:34,0
DA:36,0
DA:37,0
DA:40,0
DA:41,0
DA:42,0
DA:43,0
DA:45,0
DA:46,0
DA:47,0
DA:48,0
DA:50,0
DA:51,0
DA:52,0
DA:53,0
DA:54,0
LF:31
LH:0
BRF:0
BRH:0
FNF:1
FNH:0
end_of_record
SF:/modernize-data/studio-data/TNT1001/APP896099/transformed-code/8/studio-workspace/BackendService/src/ClinicManagement.Infrastructure/Data/Configurations/BillConfiguration.cs
FN:9,System.Void ClinicManagement.Infrastructure.Data.Configurations.BillConfiguration::Configure(Microsoft.EntityFrameworkCore.Metadata.Builders.EntityTypeBuilder`1<ClinicManagement.Domain.Entities.Bill>)
FNDA:0,System.Void ClinicManagement.Infrastructure.Data.Configurations.BillConfiguration::Configure(Microsoft.EntityFrameworkCore.Metadata.Builders.EntityTypeBuilder`1<ClinicManagement.Domain.Entities.Bill>)
DA:10,0
DA:11,0
DA:13,0
DA:15,0
DA:16,0
DA:17,0
DA:19,0
DA:20,0
DA:22,0
DA:23,0
DA:24,0
DA:25,0
DA:27,0
DA:28,0
DA:29,0
DA:30,0
DA:32,0
DA:33,0
DA:34,0
DA:35,0
DA:36,0
LF:21
LH:0
BRF:0
BRH:0
FNF:1
FNH:0
end_of_record
SF:/modernize-data/studio-data/TNT1001/APP896099/transformed-code/8/studio-workspace/BackendService/src/ClinicManagement.Infrastructure/Data/Configurations/DepartmentConfiguration.cs
FN:9,System.Void ClinicManagement.Infrastructure.Data.Configurations.DepartmentConfiguration::Configure(Microsoft.EntityFrameworkCore.Metadata.Builders.EntityTypeBuilder`1<ClinicManagement.Domain.Entities.Department>)
FNDA:0,System.Void ClinicManagement.Infrastructure.Data.Configurations.DepartmentConfiguration::Configure(Microsoft.EntityFrameworkCore.Metadata.Builders.EntityTypeBuilder`1<ClinicManagement.Domain.Entities.Department>)
DA:10,0
DA:11,0
DA:13,0
DA:15,0
DA:16,0
DA:17,0
DA:19,0
DA:20,0
DA:22,0
DA:23,0
DA:25,0
DA:26,0
DA:28,0
DA:29,0
DA:30,0
DA:31,0
DA:32,0
LF:17
LH:0
BRF:0
BRH:0
FNF:1
FNH:0
end_of_record
SF:/modernize-data/studio-data/TNT1001/APP896099/transformed-code/8/studio-workspace/BackendService/src/ClinicManagement.Infrastructure/Data/Configurations/DoctorConfiguration.cs
FN:12,System.Void ClinicManagement.Infrastructure.Data.Configurations.DoctorConfiguration::Configure(Microsoft.EntityFrameworkCore.Metadata.Builders.EntityTypeBuilder`1<ClinicManagement.Domain.Entities.Doctor>)
FNDA:0,System.Void ClinicManagement.Infrastructure.Data.Configurations.DoctorConfiguration::Configure(Microsoft.EntityFrameworkCore.Metadata.Builders.EntityTypeBuilder`1<ClinicManagement.Domain.Entities.Doctor>)
DA:13,0
DA:14,0
DA:16,0
DA:18,0
DA:19,0
DA:20,0
DA:22,0
DA:23,0
DA:24,0
DA:26,0
DA:27,0
DA:28,0
DA:30,0
DA:31,0
DA:32,0
DA:34,0
DA:35,0
DA:36,0
DA:38,0
DA:39,0
DA:40,0
DA:42,0
DA:43,0
DA:44,0
DA:46,0
DA:47,0
DA:48,0
DA:50,0
DA:51,0
DA:53,0
DA:54,0
DA:56,0
DA:57,0
DA:59,0
DA:60,0
DA:63,0
DA:64,0
DA:65,0
DA:66,0
DA:68,0
DA:69,0
DA:70,0
DA:71,0
DA:73,0
DA:74,0
DA:75,0
DA:76,0
DA:77,0
LF:48
LH:0
BRF:0
BRH:0
FNF:1
FNH:0
end_of_record
SF:/modernize-data/studio-data/TNT1001/APP896099/transformed-code/8/studio-workspace/BackendService/src/ClinicManagement.Infrastructure/Data/Configurations/OtherStaffConfiguration.cs
FN:9,System.Void ClinicManagement.Infrastructure.Data.Configurations.OtherStaffConfiguration::Configure(Microsoft.EntityFrameworkCore.Metadata.Builders.EntityTypeBuilder`1<ClinicManagement.Domain.Entities.OtherStaff>)
FNDA:0,System.Void ClinicManagement.Infrastructure.Data.Configurations.OtherStaffConfiguration::Configure(Microsoft.EntityFrameworkCore.Metadata.Builders.EntityTypeBuilder`1<ClinicManagement.Domain.Entities.OtherStaff>)
DA:10,0
DA:11,0
DA:13,0
DA:15,0
DA:16,0
DA:17,0
DA:19,0
DA:20,0
DA:21,0
DA:23,0
DA:24,0
DA:25,0
DA:27,0
DA:28,0
DA:29,0
DA:31,0
DA:32,0
DA:33,0
DA:35,0
DA:36,0
DA:38,0
DA:39,0
DA:41,0
DA:42,0
DA:44,0
DA:45,0
DA:46,0
LF:27
LH:0
BRF:0
BRH:0
FNF:1
FNH:0
end_of_record
SF:/modernize-data/studio-data/TNT1001/APP896099/transformed-code/8/studio-workspace/BackendService/src/ClinicManagement.Infrastructure/Data/Configurations/PatientConfiguration.cs
FN:12,System.Void ClinicManagement.Infrastructure.Data.Configurations.PatientConfiguration::Configure(Microsoft.EntityFrameworkCore.Metadata.Builders.EntityTypeBuilder`1<ClinicManagement.Domain.Entities.Patient>)
FNDA:0,System.Void ClinicManagement.Infrastructure.Data.Configurations.PatientConfiguration::Configure(Microsoft.EntityFrameworkCore.Metadata.Builders.EntityTypeBuilder`1<ClinicManagement.Domain.Entities.Patient>)
DA:13,0
DA:14,0
DA:16,0
DA:18,0
DA:19,0
DA:20,0
DA:22,0
DA:23,0
DA:24,0
DA:26,0
DA:27,0
DA:28,0
DA:30,0
DA:31,0
DA:32,0
DA:34,0
DA:35,0
DA:36,0
DA:38,0
DA:39,0
DA:40,0
DA:42,0
DA:43,0
DA:45,0
DA:46,0
DA:49,0
DA:50,0
DA:51,0
DA:52,0
DA:54,0
DA:55,0
DA:56,0
DA:57,0
DA:59,0
DA:60,0
DA:61,0
DA:62,0
DA:63,0
LF:38
LH:0
BRF:0
BRH:0
FNF:1
FNH:0
end_of_record
SF:/modernize-data/studio-data/TNT1001/APP896099/transformed-code/8/studio-workspace/BackendService/src/ClinicManagement.Infrastructure/Data/Configurations/TreatmentHistoryConfiguration.cs
FN:9,System.Void ClinicManagement.Infrastructure.Data.Configurations.TreatmentHistoryConfiguration::Configure(Microsoft.EntityFrameworkCore.Metadata.Builders.EntityTypeBuilder`1<ClinicManagement.Domain.Entities.TreatmentHistory>)
FNDA:0,System.Void ClinicManagement.Infrastructure.Data.Configurations.TreatmentHistoryConfiguration::Configure(Microsoft.EntityFrameworkCore.Metadata.Builders.EntityTypeBuilder`1<ClinicManagement.Domain.Entities.TreatmentHistory>)
DA:10,0
DA:11,0
DA:13,0
DA:15,0
DA:16,0
DA:17,0
DA:19,0
DA:20,0
DA:21,0
DA:23,0
DA:24,0
DA:25,0
DA:27,0
DA:28,0
DA:30,0
DA:31,0
DA:33,0
DA:34,0
DA:35,0
DA:36,0
DA:37,0
LF:21
LH:0
BRF:0
BRH:0
FNF:1
FNH:0
end_of_record
SF:/modernize-data/studio-data/TNT1001/APP896099/transformed-code/8/studio-workspace/BackendService/src/ClinicManagement.Web/Program.cs
FN:6,System.Void Program::<Main>$(System.String[])
FNDA:0,System.Void Program::<Main>$(System.String[])
DA:7,0
DA:10,0
DA:11,0
DA:12,0
DA:13,0
DA:14,0
DA:15,0
DA:17,0
DA:20,0
DA:23,0
DA:24,0
DA:27,0
DA:28,0
DA:29,0
DA:30,0
DA:31,0
DA:32,0
DA:35,0
DA:36,0
DA:37,0
DA:38,0
DA:39,0
DA:40,0
DA:41,0
DA:43,0
DA:46,0
DA:47,0
DA:48,0
DA:49,0
DA:50,0
DA:52,0
DA:53,0
DA:55,0
DA:57,0
DA:59,0
DA:61,0
DA:64,0
DA:65,0
DA:66,0
DA:67,0
DA:68,0
DA:69,0
DA:70,0
DA:71,0
DA:73,0
DA:74,0
DA:75,0
BRDA:46,426,0,0
BRDA:46,426,1,0
LF:47
LH:0
BRF:2
BRH:0
FNF:1
FNH:0
end_of_record
SF:/app/.nuget/packages/microsoft.net.test.sdk/17.8.0/build/netcoreapp3.1/Microsoft.NET.Test.Sdk.Program.cs
FN:3,System.Void AutoGeneratedProgram::Main(System.String[])
FNDA:0,System.Void AutoGeneratedProgram::Main(System.String[])
DA:4,0
LF:1
LH:0
BRF:0
BRH:0
FNF:1
FNH:0
end_of_record
SF:/modernize-data/studio-data/TNT1001/APP896099/transformed-code/8/studio-workspace/BackendService/src/ClinicManagement.Web/Pages/Index.cshtml.cs
FN:14,System.Void ClinicManagement.Web.Pages.IndexModel::OnGet()
FNDA:0,System.Void ClinicManagement.Web.Pages.IndexModel::OnGet()
DA:15,0
DA:16,0
DA:17,0
FN:8,System.Void ClinicManagement.Web.Pages.IndexModel::.ctor(Microsoft.Extensions.Logging.ILogger`1<ClinicManagement.Web.Pages.IndexModel>)
FNDA:0,System.Void ClinicManagement.Web.Pages.IndexModel::.ctor(Microsoft.Extensions.Logging.ILogger`1<ClinicManagement.Web.Pages.IndexModel>)
DA:9,0
DA:10,0
DA:11,0
DA:12,0
LF:7
LH:0
BRF:0
BRH:0
FNF:2
FNH:0
end_of_record
SF:/modernize-data/studio-data/TNT1001/APP896099/transformed-code/8/studio-workspace/BackendService/src/ClinicManagement.Web/Pages/Index.cshtml
FN:3,System.Void ClinicManagement.Web.Pages.Pages_Index/<ExecuteAsync>d__0::MoveNext()
FNDA:0,System.Void ClinicManagement.Web.Pages.Pages_Index/<ExecuteAsync>d__0::MoveNext()
DA:4,0
LF:1
LH:0
BRF:0
BRH:0
FNF:1
FNH:0
end_of_record
SF:/modernize-data/studio-data/TNT1001/APP896099/transformed-code/8/studio-workspace/BackendService/src/ClinicManagement.Web/Pages/_ViewStart.cshtml
FN:1,System.Void ClinicManagement.Web.Pages.Pages__ViewStart/<ExecuteAsync>d__0::MoveNext()
FNDA:0,System.Void ClinicManagement.Web.Pages.Pages__ViewStart/<ExecuteAsync>d__0::MoveNext()
DA:2,0
LF:1
LH:0
BRF:0
BRH:0
FNF:1
FNH:0
end_of_record
SF:/modernize-data/studio-data/TNT1001/APP896099/transformed-code/8/studio-workspace/BackendService/src/ClinicManagement.Domain/Entities/Appointment.cs
FN:7,System.Int32 ClinicManagement.Domain.Entities.Appointment::get_AppointmentID()
FNDA:0,System.Int32 ClinicManagement.Domain.Entities.Appointment::get_AppointmentID()
DA:8,0
FN:8,System.Int32 ClinicManagement.Domain.Entities.Appointment::get_PatientID()
FNDA:0,System.Int32 ClinicManagement.Domain.Entities.Appointment::get_PatientID()
DA:9,0
FN:9,System.Int32 ClinicManagement.Domain.Entities.Appointment::get_DoctorID()
FNDA:0,System.Int32 ClinicManagement.Domain.Entities.Appointment::get_DoctorID()
DA:10,0
FN:10,System.DateTime ClinicManagement.Domain.Entities.Appointment::get_AppointmentDate()
FNDA:0,System.DateTime ClinicManagement.Domain.Entities.Appointment::get_AppointmentDate()
DA:11,0
FN:11,System.String ClinicManagement.Domain.Entities.Appointment::get_Timings()
FNDA:0,System.String ClinicManagement.Domain.Entities.Appointment::get_Timings()
DA:12,0
FN:12,System.String ClinicManagement.Domain.Entities.Appointment::get_Status()
FNDA:0,System.String ClinicManagement.Domain.Entities.Appointment::get_Status()
DA:13,0
FN:13,System.String ClinicManagement.Domain.Entities.Appointment::get_Disease()
FNDA:0,System.String ClinicManagement.Domain.Entities.Appointment::get_Disease()
DA:14,0
FN:14,System.String ClinicManagement.Domain.Entities.Appointment::get_Progress()
FNDA:0,System.String ClinicManagement.Domain.Entities.Appointment::get_Progress()
DA:15,0
FN:15,System.String ClinicManagement.Domain.Entities.Appointment::get_Prescription()
FNDA:0,System.String ClinicManagement.Domain.Entities.Appointment::get_Prescription()
DA:16,0
FN:16,System.Boolean ClinicManagement.Domain.Entities.Appointment::get_FeedbackGiven()
FNDA:0,System.Boolean ClinicManagement.Domain.Entities.Appointment::get_FeedbackGiven()
DA:17,0
FN:17,System.Boolean ClinicManagement.Domain.Entities.Appointment::get_IsPaid()
FNDA:0,System.Boolean ClinicManagement.Domain.Entities.Appointment::get_IsPaid()
DA:18,0
FN:18,System.DateTime ClinicManagement.Domain.Entities.Appointment::get_CreatedDate()
FNDA:0,System.DateTime ClinicManagement.Domain.Entities.Appointment::get_CreatedDate()
DA:19,0
FN:19,System.Nullable`1<System.DateTime> ClinicManagement.Domain.Entities.Appointment::get_ModifiedDate()
FNDA:0,System.Nullable`1<System.DateTime> ClinicManagement.Domain.Entities.Appointment::get_ModifiedDate()
DA:20,0
FN:22,ClinicManagement.Domain.Entities.Patient ClinicManagement.Domain.Entities.Appointment::get_Patient()
FNDA:0,ClinicManagement.Domain.Entities.Patient ClinicManagement.Domain.Entities.Appointment::get_Patient()
DA:23,0
FN:23,ClinicManagement.Domain.Entities.Doctor ClinicManagement.Domain.Entities.Appointment::get_Doctor()
FNDA:0,ClinicManagement.Domain.Entities.Doctor ClinicManagement.Domain.Entities.Appointment::get_Doctor()
DA:24,0
FN:24,ClinicManagement.Domain.Entities.Bill ClinicManagement.Domain.Entities.Appointment::get_Bill()
FNDA:0,ClinicManagement.Domain.Entities.Bill ClinicManagement.Domain.Entities.Appointment::get_Bill()
DA:25,0
LF:16
LH:0
BRF:0
BRH:0
FNF:16
FNH:0
end_of_record
SF:/modernize-data/studio-data/TNT1001/APP896099/transformed-code/8/studio-workspace/BackendService/src/ClinicManagement.Domain/Entities/Bill.cs
FN:7,System.Int32 ClinicManagement.Domain.Entities.Bill::get_BillID()
FNDA:0,System.Int32 ClinicManagement.Domain.Entities.Bill::get_BillID()
DA:8,0
FN:8,System.Int32 ClinicManagement.Domain.Entities.Bill::get_AppointmentID()
FNDA:0,System.Int32 ClinicManagement.Domain.Entities.Bill::get_AppointmentID()
DA:9,0
FN:9,System.Int32 ClinicManagement.Domain.Entities.Bill::get_PatientID()
FNDA:0,System.Int32 ClinicManagement.Domain.Entities.Bill::get_PatientID()
DA:10,0
FN:10,System.Int32 ClinicManagement.Domain.Entities.Bill::get_DoctorID()
FNDA:0,System.Int32 ClinicManagement.Domain.Entities.Bill::get_DoctorID()
DA:11,0
FN:11,System.Decimal ClinicManagement.Domain.Entities.Bill::get_Amount()
FNDA:0,System.Decimal ClinicManagement.Domain.Entities.Bill::get_Amount()
DA:12,0
FN:12,System.DateTime ClinicManagement.Domain.Entities.Bill::get_BillDate()
FNDA:0,System.DateTime ClinicManagement.Domain.Entities.Bill::get_BillDate()
DA:13,0
FN:13,System.Boolean ClinicManagement.Domain.Entities.Bill::get_IsPaid()
FNDA:0,System.Boolean ClinicManagement.Domain.Entities.Bill::get_IsPaid()
DA:14,0
FN:14,System.Nullable`1<System.DateTime> ClinicManagement.Domain.Entities.Bill::get_PaidDate()
FNDA:0,System.Nullable`1<System.DateTime> ClinicManagement.Domain.Entities.Bill::get_PaidDate()
DA:15,0
FN:15,System.DateTime ClinicManagement.Domain.Entities.Bill::get_CreatedDate()
FNDA:0,System.DateTime ClinicManagement.Domain.Entities.Bill::get_CreatedDate()
DA:16,0
FN:16,System.Nullable`1<System.DateTime> ClinicManagement.Domain.Entities.Bill::get_ModifiedDate()
FNDA:0,System.Nullable`1<System.DateTime> ClinicManagement.Domain.Entities.Bill::get_ModifiedDate()
DA:17,0
FN:19,ClinicManagement.Domain.Entities.Appointment ClinicManagement.Domain.Entities.Bill::get_Appointment()
FNDA:0,ClinicManagement.Domain.Entities.Appointment ClinicManagement.Domain.Entities.Bill::get_Appointment()
DA:20,0
FN:20,ClinicManagement.Domain.Entities.Patient ClinicManagement.Domain.Entities.Bill::get_Patient()
FNDA:0,ClinicManagement.Domain.Entities.Patient ClinicManagement.Domain.Entities.Bill::get_Patient()
DA:21,0
FN:21,ClinicManagement.Domain.Entities.Doctor ClinicManagement.Domain.Entities.Bill::get_Doctor()
FNDA:0,ClinicManagement.Domain.Entities.Doctor ClinicManagement.Domain.Entities.Bill::get_Doctor()
DA:22,0
LF:13
LH:0
BRF:0
BRH:0
FNF:13
FNH:0
end_of_record
SF:/modernize-data/studio-data/TNT1001/APP896099/transformed-code/8/studio-workspace/BackendService/src/ClinicManagement.Domain/Entities/Department.cs
FN:7,System.Int32 ClinicManagement.Domain.Entities.Department::get_DeptNo()
FNDA:0,System.Int32 ClinicManagement.Domain.Entities.Department::get_DeptNo()
DA:8,0
FN:8,System.String ClinicManagement.Domain.Entities.Department::get_DeptName()
FNDA:0,System.String ClinicManagement.Domain.Entities.Department::get_DeptName()
DA:9,0
FN:9,System.String ClinicManagement.Domain.Entities.Department::get_Description()
FNDA:0,System.String ClinicManagement.Domain.Entities.Department::get_Description()
DA:10,0
FN:10,System.Boolean ClinicManagement.Domain.Entities.Department::get_IsActive()
FNDA:0,System.Boolean ClinicManagement.Domain.Entities.Department::get_IsActive()
DA:11,0
FN:11,System.DateTime ClinicManagement.Domain.Entities.Department::get_CreatedDate()
FNDA:0,System.DateTime ClinicManagement.Domain.Entities.Department::get_CreatedDate()
DA:12,0
FN:12,System.Nullable`1<System.DateTime> ClinicManagement.Domain.Entities.Department::get_ModifiedDate()
FNDA:0,System.Nullable`1<System.DateTime> ClinicManagement.Domain.Entities.Department::get_ModifiedDate()
DA:13,0
FN:15,System.Collections.Generic.ICollection`1<ClinicManagement.Domain.Entities.Doctor> ClinicManagement.Domain.Entities.Department::get_Doctors()
FNDA:0,System.Collections.Generic.ICollection`1<ClinicManagement.Domain.Entities.Doctor> ClinicManagement.Domain.Entities.Department::get_Doctors()
DA:16,0
LF:7
LH:0
BRF:0
BRH:0
FNF:7
FNH:0
end_of_record
SF:/modernize-data/studio-data/TNT1001/APP896099/transformed-code/8/studio-workspace/BackendService/src/ClinicManagement.Domain/Entities/Doctor.cs
FN:7,System.Int32 ClinicManagement.Domain.Entities.Doctor::get_DoctorID()
FNDA:0,System.Int32 ClinicManagement.Domain.Entities.Doctor::get_DoctorID()
DA:8,0
FN:8,System.String ClinicManagement.Domain.Entities.Doctor::get_Name()
FNDA:0,System.String ClinicManagement.Domain.Entities.Doctor::get_Name()
DA:9,0
FN:9,System.String ClinicManagement.Domain.Entities.Doctor::get_Email()
FNDA:0,System.String ClinicManagement.Domain.Entities.Doctor::get_Email()
DA:10,0
FN:10,System.String ClinicManagement.Domain.Entities.Doctor::get_Password()
FNDA:0,System.String ClinicManagement.Domain.Entities.Doctor::get_Password()
DA:11,0
FN:11,System.DateTime ClinicManagement.Domain.Entities.Doctor::get_BirthDate()
FNDA:0,System.DateTime ClinicManagement.Domain.Entities.Doctor::get_BirthDate()
DA:12,0
FN:12,System.Int32 ClinicManagement.Domain.Entities.Doctor::get_Age()
FNDA:0,System.Int32 ClinicManagement.Domain.Entities.Doctor::get_Age()
DA:13,0
FN:13,System.Int32 ClinicManagement.Domain.Entities.Doctor::get_DeptNo()
FNDA:0,System.Int32 ClinicManagement.Domain.Entities.Doctor::get_DeptNo()
DA:14,0
FN:14,System.String ClinicManagement.Domain.Entities.Doctor::get_Phone()
FNDA:0,System.String ClinicManagement.Domain.Entities.Doctor::get_Phone()
DA:15,0
FN:15,System.String ClinicManagement.Domain.Entities.Doctor::get_Gender()
FNDA:0,System.String ClinicManagement.Domain.Entities.Doctor::get_Gender()
DA:16,0
FN:16,System.String ClinicManagement.Domain.Entities.Doctor::get_Address()
FNDA:0,System.String ClinicManagement.Domain.Entities.Doctor::get_Address()
DA:17,0
FN:17,System.Int32 ClinicManagement.Domain.Entities.Doctor::get_Experience()
FNDA:0,System.Int32 ClinicManagement.Domain.Entities.Doctor::get_Experience()
DA:18,0
FN:18,System.Decimal ClinicManagement.Domain.Entities.Doctor::get_Salary()
FNDA:0,System.Decimal ClinicManagement.Domain.Entities.Doctor::get_Salary()
DA:19,0
FN:19,System.Decimal ClinicManagement.Domain.Entities.Doctor::get_ChargesPerVisit()
FNDA:0,System.Decimal ClinicManagement.Domain.Entities.Doctor::get_ChargesPerVisit()
DA:20,0
FN:20,System.String ClinicManagement.Domain.Entities.Doctor::get_Specialization()
FNDA:0,System.String ClinicManagement.Domain.Entities.Doctor::get_Specialization()
DA:21,0
FN:21,System.String ClinicManagement.Domain.Entities.Doctor::get_Qualification()
FNDA:0,System.String ClinicManagement.Domain.Entities.Doctor::get_Qualification()
DA:22,0
FN:22,System.Single ClinicManagement.Domain.Entities.Doctor::get_ReputationIndex()
FNDA:0,System.Single ClinicManagement.Domain.Entities.Doctor::get_ReputationIndex()
DA:23,0
FN:23,System.Int32 ClinicManagement.Domain.Entities.Doctor::get_PatientsTreated()
FNDA:0,System.Int32 ClinicManagement.Domain.Entities.Doctor::get_PatientsTreated()
DA:24,0
FN:24,System.Boolean ClinicManagement.Domain.Entities.Doctor::get_Status()
FNDA:0,System.Boolean ClinicManagement.Domain.Entities.Doctor::get_Status()
DA:25,0
FN:25,System.DateTime ClinicManagement.Domain.Entities.Doctor::get_CreatedDate()
FNDA:0,System.DateTime ClinicManagement.Domain.Entities.Doctor::get_CreatedDate()
DA:26,0
FN:26,System.Nullable`1<System.DateTime> ClinicManagement.Domain.Entities.Doctor::get_ModifiedDate()
FNDA:0,System.Nullable`1<System.DateTime> ClinicManagement.Domain.Entities.Doctor::get_ModifiedDate()
DA:27,0
FN:29,ClinicManagement.Domain.Entities.Department ClinicManagement.Domain.Entities.Doctor::get_Department()
FNDA:0,ClinicManagement.Domain.Entities.Department ClinicManagement.Domain.Entities.Doctor::get_Department()
DA:30,0
FN:30,System.Collections.Generic.ICollection`1<ClinicManagement.Domain.Entities.Appointment> ClinicManagement.Domain.Entities.Doctor::get_Appointments()
FNDA:0,System.Collections.Generic.ICollection`1<ClinicManagement.Domain.Entities.Appointment> ClinicManagement.Domain.Entities.Doctor::get_Appointments()
DA:31,0
FN:31,System.Collections.Generic.ICollection`1<ClinicManagement.Domain.Entities.Bill> ClinicManagement.Domain.Entities.Doctor::get_Bills()
FNDA:0,System.Collections.Generic.ICollection`1<ClinicManagement.Domain.Entities.Bill> ClinicManagement.Domain.Entities.Doctor::get_Bills()
DA:32,0
LF:23
LH:0
BRF:0
BRH:0
FNF:23
FNH:0
end_of_record
SF:/modernize-data/studio-data/TNT1001/APP896099/transformed-code/8/studio-workspace/BackendService/src/ClinicManagement.Domain/Entities/OtherStaff.cs
FN:7,System.Int32 ClinicManagement.Domain.Entities.OtherStaff::get_StaffID()
FNDA:0,System.Int32 ClinicManagement.Domain.Entities.OtherStaff::get_StaffID()
DA:8,0
FN:8,System.String ClinicManagement.Domain.Entities.OtherStaff::get_Name()
FNDA:0,System.String ClinicManagement.Domain.Entities.OtherStaff::get_Name()
DA:9,0
FN:9,System.DateTime ClinicManagement.Domain.Entities.OtherStaff::get_BirthDate()
FNDA:0,System.DateTime ClinicManagement.Domain.Entities.OtherStaff::get_BirthDate()
DA:10,0
FN:10,System.String ClinicManagement.Domain.Entities.OtherStaff::get_Phone()
FNDA:0,System.String ClinicManagement.Domain.Entities.OtherStaff::get_Phone()
DA:11,0
FN:11,System.String ClinicManagement.Domain.Entities.OtherStaff::get_Gender()
FNDA:0,System.String ClinicManagement.Domain.Entities.OtherStaff::get_Gender()
DA:12,0
FN:12,System.String ClinicManagement.Domain.Entities.OtherStaff::get_Designation()
FNDA:0,System.String ClinicManagement.Domain.Entities.OtherStaff::get_Designation()
DA:13,0
FN:13,System.String ClinicManagement.Domain.Entities.OtherStaff::get_Address()
FNDA:0,System.String ClinicManagement.Domain.Entities.OtherStaff::get_Address()
DA:14,0
FN:14,System.Decimal ClinicManagement.Domain.Entities.OtherStaff::get_Salary()
FNDA:0,System.Decimal ClinicManagement.Domain.Entities.OtherStaff::get_Salary()
DA:15,0
FN:15,System.String ClinicManagement.Domain.Entities.OtherStaff::get_Qualification()
FNDA:0,System.String ClinicManagement.Domain.Entities.OtherStaff::get_Qualification()
DA:16,0
FN:16,System.Boolean ClinicManagement.Domain.Entities.OtherStaff::get_IsActive()
FNDA:0,System.Boolean ClinicManagement.Domain.Entities.OtherStaff::get_IsActive()
DA:17,0
FN:17,System.DateTime ClinicManagement.Domain.Entities.OtherStaff::get_CreatedDate()
FNDA:0,System.DateTime ClinicManagement.Domain.Entities.OtherStaff::get_CreatedDate()
DA:18,0
FN:18,System.Nullable`1<System.DateTime> ClinicManagement.Domain.Entities.OtherStaff::get_ModifiedDate()
FNDA:0,System.Nullable`1<System.DateTime> ClinicManagement.Domain.Entities.OtherStaff::get_ModifiedDate()
DA:19,0
LF:12
LH:0
BRF:0
BRH:0
FNF:12
FNH:0
end_of_record
SF:/modernize-data/studio-data/TNT1001/APP896099/transformed-code/8/studio-workspace/BackendService/src/ClinicManagement.Domain/Entities/Patient.cs
FN:7,System.Int32 ClinicManagement.Domain.Entities.Patient::get_PatientID()
FNDA:0,System.Int32 ClinicManagement.Domain.Entities.Patient::get_PatientID()
DA:8,0
FN:8,System.String ClinicManagement.Domain.Entities.Patient::get_Name()
FNDA:0,System.String ClinicManagement.Domain.Entities.Patient::get_Name()
DA:9,0
FN:9,System.String ClinicManagement.Domain.Entities.Patient::get_Phone()
FNDA:0,System.String ClinicManagement.Domain.Entities.Patient::get_Phone()
DA:10,0
FN:10,System.String ClinicManagement.Domain.Entities.Patient::get_Address()
FNDA:0,System.String ClinicManagement.Domain.Entities.Patient::get_Address()
DA:11,0
FN:11,System.DateTime ClinicManagement.Domain.Entities.Patient::get_BirthDate()
FNDA:0,System.DateTime ClinicManagement.Domain.Entities.Patient::get_BirthDate()
DA:12,0
FN:12,System.Int32 ClinicManagement.Domain.Entities.Patient::get_Age()
FNDA:0,System.Int32 ClinicManagement.Domain.Entities.Patient::get_Age()
DA:13,0
FN:13,System.String ClinicManagement.Domain.Entities.Patient::get_Gender()
FNDA:0,System.String ClinicManagement.Domain.Entities.Patient::get_Gender()
DA:14,0
FN:14,System.String ClinicManagement.Domain.Entities.Patient::get_Email()
FNDA:0,System.String ClinicManagement.Domain.Entities.Patient::get_Email()
DA:15,0
FN:15,System.String ClinicManagement.Domain.Entities.Patient::get_Password()
FNDA:0,System.String ClinicManagement.Domain.Entities.Patient::get_Password()
DA:16,0
FN:16,System.Boolean ClinicManagement.Domain.Entities.Patient::get_IsActive()
FNDA:0,System.Boolean ClinicManagement.Domain.Entities.Patient::get_IsActive()
DA:17,0
FN:17,System.DateTime ClinicManagement.Domain.Entities.Patient::get_CreatedDate()
FNDA:0,System.DateTime ClinicManagement.Domain.Entities.Patient::get_CreatedDate()
DA:18,0
FN:18,System.Nullable`1<System.DateTime> ClinicManagement.Domain.Entities.Patient::get_ModifiedDate()
FNDA:0,System.Nullable`1<System.DateTime> ClinicManagement.Domain.Entities.Patient::get_ModifiedDate()
DA:19,0
FN:21,System.Collections.Generic.ICollection`1<ClinicManagement.Domain.Entities.Appointment> ClinicManagement.Domain.Entities.Patient::get_Appointments()
FNDA:0,System.Collections.Generic.ICollection`1<ClinicManagement.Domain.Entities.Appointment> ClinicManagement.Domain.Entities.Patient::get_Appointments()
DA:22,0
FN:22,System.Collections.Generic.ICollection`1<ClinicManagement.Domain.Entities.Bill> ClinicManagement.Domain.Entities.Patient::get_Bills()
FNDA:0,System.Collections.Generic.ICollection`1<ClinicManagement.Domain.Entities.Bill> ClinicManagement.Domain.Entities.Patient::get_Bills()
DA:23,0
FN:23,System.Collections.Generic.ICollection`1<ClinicManagement.Domain.Entities.TreatmentHistory> ClinicManagement.Domain.Entities.Patient::get_TreatmentHistories()
FNDA:0,System.Collections.Generic.ICollection`1<ClinicManagement.Domain.Entities.TreatmentHistory> ClinicManagement.Domain.Entities.Patient::get_TreatmentHistories()
DA:24,0
LF:15
LH:0
BRF:0
BRH:0
FNF:15
FNH:0
end_of_record
SF:/modernize-data/studio-data/TNT1001/APP896099/transformed-code/8/studio-workspace/BackendService/src/ClinicManagement.Domain/Entities/TreatmentHistory.cs
FN:7,System.Int32 ClinicManagement.Domain.Entities.TreatmentHistory::get_TreatmentID()
FNDA:0,System.Int32 ClinicManagement.Domain.Entities.TreatmentHistory::get_TreatmentID()
DA:8,0
FN:8,System.Int32 ClinicManagement.Domain.Entities.TreatmentHistory::get_PatientID()
FNDA:0,System.Int32 ClinicManagement.Domain.Entities.TreatmentHistory::get_PatientID()
DA:9,0
FN:9,System.Int32 ClinicManagement.Domain.Entities.TreatmentHistory::get_DoctorID()
FNDA:0,System.Int32 ClinicManagement.Domain.Entities.TreatmentHistory::get_DoctorID()
DA:10,0
FN:10,System.Int32 ClinicManagement.Domain.Entities.TreatmentHistory::get_AppointmentID()
FNDA:0,System.Int32 ClinicManagement.Domain.Entities.TreatmentHistory::get_AppointmentID()
DA:11,0
FN:11,System.String ClinicManagement.Domain.Entities.TreatmentHistory::get_Disease()
FNDA:0,System.String ClinicManagement.Domain.Entities.TreatmentHistory::get_Disease()
DA:12,0
FN:12,System.String ClinicManagement.Domain.Entities.TreatmentHistory::get_Treatment()
FNDA:0,System.String ClinicManagement.Domain.Entities.TreatmentHistory::get_Treatment()
DA:13,0
FN:13,System.String ClinicManagement.Domain.Entities.TreatmentHistory::get_Prescription()
FNDA:0,System.String ClinicManagement.Domain.Entities.TreatmentHistory::get_Prescription()
DA:14,0
FN:14,System.DateTime ClinicManagement.Domain.Entities.TreatmentHistory::get_TreatmentDate()
FNDA:0,System.DateTime ClinicManagement.Domain.Entities.TreatmentHistory::get_TreatmentDate()
DA:15,0
FN:15,System.String ClinicManagement.Domain.Entities.TreatmentHistory::get_Progress()
FNDA:0,System.String ClinicManagement.Domain.Entities.TreatmentHistory::get_Progress()
DA:16,0
FN:16,System.DateTime ClinicManagement.Domain.Entities.TreatmentHistory::get_CreatedDate()
FNDA:0,System.DateTime ClinicManagement.Domain.Entities.TreatmentHistory::get_CreatedDate()
DA:17,0
FN:17,System.Nullable`1<System.DateTime> ClinicManagement.Domain.Entities.TreatmentHistory::get_ModifiedDate()
FNDA:0,System.Nullable`1<System.DateTime> ClinicManagement.Domain.Entities.TreatmentHistory::get_ModifiedDate()
DA:18,0
FN:20,ClinicManagement.Domain.Entities.Patient ClinicManagement.Domain.Entities.TreatmentHistory::get_Patient()
FNDA:0,ClinicManagement.Domain.Entities.Patient ClinicManagement.Domain.Entities.TreatmentHistory::get_Patient()
DA:21,0
LF:12
LH:0
BRF:0
BRH:0
FNF:12
FNH:0
end_of_record